CRITICAL - 2022-12-13 05:26:51 --> Undefined array key "ProductId"
in APPPATH/Controllers/NotificationsController.php on line 13.
 1 APPPATH/Controllers/NotificationsController.php(13): CodeIgniter\Debug\Exceptions->errorHandler()
 2 SYSTEMPATH/CodeIgniter.php(927): App\Controllers\NotificationsController->addNotification()
 3 SYSTEMPATH/CodeIgniter.php(482): CodeIgniter\CodeIgniter->runController()
 4 SYSTEMPATH/CodeIgniter.php(351): CodeIgniter\CodeIgniter->handleRequest()
 5 FCPATH/index.php(67): CodeIgniter\CodeIgniter->run()
CRITICAL - 2022-12-13 05:26:57 --> Undefined array key "ProductId"
in APPPATH/Controllers/NotificationsController.php on line 13.
 1 APPPATH/Controllers/NotificationsController.php(13): CodeIgniter\Debug\Exceptions->errorHandler()
 2 SYSTEMPATH/CodeIgniter.php(927): App\Controllers\NotificationsController->addNotification()
 3 SYSTEMPATH/CodeIgniter.php(482): CodeIgniter\CodeIgniter->runController()
 4 SYSTEMPATH/CodeIgniter.php(351): CodeIgniter\CodeIgniter->handleRequest()
 5 FCPATH/index.php(67): CodeIgniter\CodeIgniter->run()
CRITICAL - 2022-12-13 07:03:57 --> Object of class stdClass could not be converted to string
in SYSTEMPATH/Database/Query.php on line 335.
 1 SYSTEMPATH/Database/Query.php(335): strtr()
 2 SYSTEMPATH/Database/Query.php(310): CodeIgniter\Database\Query->matchNamedBinds()
 3 SYSTEMPATH/Database/Query.php(159): CodeIgniter\Database\Query->compileBinds()
 4 SYSTEMPATH/Database/BaseConnection.php(593): CodeIgniter\Database\Query->getQuery()
 5 SYSTEMPATH/Database/BaseBuilder.php(1916): CodeIgniter\Database\BaseConnection->query()
 6 SYSTEMPATH/Model.php(279): CodeIgniter\Database\BaseBuilder->insert()
 7 SYSTEMPATH/BaseModel.php(749): CodeIgniter\Model->doInsert()
 8 SYSTEMPATH/Model.php(667): CodeIgniter\BaseModel->insert()
 9 APPPATH/Controllers/ProductController.php(102): CodeIgniter\Model->insert()
10 SYSTEMPATH/CodeIgniter.php(927): App\Controllers\ProductController->updateProduct()
11 SYSTEMPATH/CodeIgniter.php(482): CodeIgniter\CodeIgniter->runController()
12 SYSTEMPATH/CodeIgniter.php(351): CodeIgniter\CodeIgniter->handleRequest()
13 FCPATH/index.php(67): CodeIgniter\CodeIgniter->run()
ERROR - 2022-12-13 08:09:55 --> mysqli_sql_exception: You have an error in your SQL syntax; check the manual that corresponds to your MySQL server version for the right syntax to use near '? User_notifications.ProductId FROM User_notifications, Products WHERE UserId = ' at line 1 in /app/system/Database/MySQLi/Connection.php:292
Stack trace:
#0 /app/system/Database/MySQLi/Connection.php(292): mysqli->query()
#1 /app/system/Database/BaseConnection.php(666): CodeIgniter\Database\MySQLi\Connection->execute()
#2 /app/system/Database/BaseConnection.php(593): CodeIgniter\Database\BaseConnection->simpleQuery()
#3 /app/app/Models/User_notifications.php(18): CodeIgniter\Database\BaseConnection->query()
#4 /app/app/Controllers/ProfileController.php(50): App\Models\User_notifications->getNotifications()
#5 /app/system/CodeIgniter.php(927): App\Controllers\ProfileController->viewNotifications()
#6 /app/system/CodeIgniter.php(482): CodeIgniter\CodeIgniter->runController()
#7 /app/system/CodeIgniter.php(351): CodeIgniter\CodeIgniter->handleRequest()
#8 /app/public/index.php(67): CodeIgniter\CodeIgniter->run()
#9 {main}
CRITICAL - 2022-12-13 08:09:55 --> You have an error in your SQL syntax; check the manual that corresponds to your MySQL server version for the right syntax to use near '? User_notifications.ProductId FROM User_notifications, Products WHERE UserId = ' at line 1
in SYSTEMPATH/Database/MySQLi/Connection.php on line 292.
 1 SYSTEMPATH/Database/MySQLi/Connection.php(292): mysqli->query()
 2 SYSTEMPATH/Database/BaseConnection.php(666): CodeIgniter\Database\MySQLi\Connection->execute()
 3 SYSTEMPATH/Database/BaseConnection.php(593): CodeIgniter\Database\BaseConnection->simpleQuery()
 4 APPPATH/Models/User_notifications.php(18): CodeIgniter\Database\BaseConnection->query()
 5 APPPATH/Controllers/ProfileController.php(50): App\Models\User_notifications->getNotifications()
 6 SYSTEMPATH/CodeIgniter.php(927): App\Controllers\ProfileController->viewNotifications()
 7 SYSTEMPATH/CodeIgniter.php(482): CodeIgniter\CodeIgniter->runController()
 8 SYSTEMPATH/CodeIgniter.php(351): CodeIgniter\CodeIgniter->handleRequest()
 9 FCPATH/index.php(67): CodeIgniter\CodeIgniter->run()
CRITICAL - 2022-12-13 12:15:57 --> syntax error, unexpected token "{"
in APPPATH/Views/templates/footer.php on line 82.
 1 SYSTEMPATH/View/View.php(216): CodeIgniter\View\View->CodeIgniter\View\{closure}()
 2 SYSTEMPATH/Common.php(1134): CodeIgniter\View\View->render()
 3 APPPATH/Controllers/ProfileController.php(36): view()
 4 SYSTEMPATH/CodeIgniter.php(927): App\Controllers\ProfileController->viewStatistics()
 5 SYSTEMPATH/CodeIgniter.php(482): CodeIgniter\CodeIgniter->runController()
 6 SYSTEMPATH/CodeIgniter.php(351): CodeIgniter\CodeIgniter->handleRequest()
 7 FCPATH/index.php(67): CodeIgniter\CodeIgniter->run()
CRITICAL - 2022-12-13 12:35:12 --> Undefined variable $statistics
in APPPATH/Views/templates/footer.php on line 83.
 1 APPPATH/Views/templates/footer.php(83): CodeIgniter\Debug\Exceptions->errorHandler()
 2 SYSTEMPATH/View/View.php(213): include('APPPATH/Views/templates/footer.php')
 3 SYSTEMPATH/View/View.php(216): CodeIgniter\View\View->CodeIgniter\View\{closure}()
 4 SYSTEMPATH/Common.php(1134): CodeIgniter\View\View->render()
 5 APPPATH/Controllers/LoginController.php(110): view()
 6 SYSTEMPATH/CodeIgniter.php(927): App\Controllers\LoginController->viewHome()
 7 SYSTEMPATH/CodeIgniter.php(482): CodeIgniter\CodeIgniter->runController()
 8 SYSTEMPATH/CodeIgniter.php(351): CodeIgniter\CodeIgniter->handleRequest()
 9 FCPATH/index.php(67): CodeIgniter\CodeIgniter->run()
CRITICAL - 2022-12-13 12:35:40 --> syntax error, unexpected token "if"
in APPPATH/Views/templates/footer.php on line 83.
 1 SYSTEMPATH/View/View.php(216): CodeIgniter\View\View->CodeIgniter\View\{closure}()
 2 SYSTEMPATH/Common.php(1134): CodeIgniter\View\View->render()
 3 APPPATH/Controllers/ProfileController.php(36): view()
 4 SYSTEMPATH/CodeIgniter.php(927): App\Controllers\ProfileController->viewStatistics()
 5 SYSTEMPATH/CodeIgniter.php(482): CodeIgniter\CodeIgniter->runController()
 6 SYSTEMPATH/CodeIgniter.php(351): CodeIgniter\CodeIgniter->handleRequest()
 7 FCPATH/index.php(67): CodeIgniter\CodeIgniter->run()
CRITICAL - 2022-12-13 13:09:56 --> Undefined variable $statistics
in APPPATH/Views/templates/footer.php on line 83.
 1 APPPATH/Views/templates/footer.php(83): CodeIgniter\Debug\Exceptions->errorHandler()
 2 SYSTEMPATH/View/View.php(213): include('APPPATH/Views/templates/footer.php')
 3 SYSTEMPATH/View/View.php(216): CodeIgniter\View\View->CodeIgniter\View\{closure}()
 4 SYSTEMPATH/Common.php(1134): CodeIgniter\View\View->render()
 5 APPPATH/Controllers/ProfileController.php(14): view()
 6 SYSTEMPATH/CodeIgniter.php(927): App\Controllers\ProfileController->viewProfile()
 7 SYSTEMPATH/CodeIgniter.php(482): CodeIgniter\CodeIgniter->runController()
 8 SYSTEMPATH/CodeIgniter.php(351): CodeIgniter\CodeIgniter->handleRequest()
 9 FCPATH/index.php(67): CodeIgniter\CodeIgniter->run()
