CRITICAL - 2022-12-17 09:34:07 --> syntax error, unexpected token "if"
in APPPATH/Models/ProductModel.php on line 124.
 1 SYSTEMPATH/Autoloader/Autoloader.php(259): CodeIgniter\Autoloader\Autoloader->includeFile()
 2 SYSTEMPATH/Autoloader/Autoloader.php(237): CodeIgniter\Autoloader\Autoloader->loadInNamespace()
 3 [internal function]: CodeIgniter\Autoloader\Autoloader->loadClass()
 4 SYSTEMPATH/Config/Factories.php(155): class_exists()
 5 SYSTEMPATH/Config/Factories.php(125): CodeIgniter\Config\Factories::locateClass()
 6 SYSTEMPATH/Config/Factories.php(86): CodeIgniter\Config\Factories::__callStatic()
 7 SYSTEMPATH/Common.php(809): CodeIgniter\Config\Factories::models()
 8 APPPATH/Controllers/ProductController.php(67): model()
 9 SYSTEMPATH/CodeIgniter.php(927): App\Controllers\ProductController->filterProducts()
10 SYSTEMPATH/CodeIgniter.php(482): CodeIgniter\CodeIgniter->runController()
11 SYSTEMPATH/CodeIgniter.php(351): CodeIgniter\CodeIgniter->handleRequest()
12 FCPATH/index.php(67): CodeIgniter\CodeIgniter->run()
CRITICAL - 2022-12-17 09:34:35 --> syntax error, unexpected token "if"
in APPPATH/Models/ProductModel.php on line 124.
 1 SYSTEMPATH/Autoloader/Autoloader.php(259): CodeIgniter\Autoloader\Autoloader->includeFile()
 2 SYSTEMPATH/Autoloader/Autoloader.php(237): CodeIgniter\Autoloader\Autoloader->loadInNamespace()
 3 [internal function]: CodeIgniter\Autoloader\Autoloader->loadClass()
 4 SYSTEMPATH/Config/Factories.php(155): class_exists()
 5 SYSTEMPATH/Config/Factories.php(125): CodeIgniter\Config\Factories::locateClass()
 6 SYSTEMPATH/Config/Factories.php(86): CodeIgniter\Config\Factories::__callStatic()
 7 SYSTEMPATH/Common.php(809): CodeIgniter\Config\Factories::models()
 8 APPPATH/Controllers/ProductController.php(67): model()
 9 SYSTEMPATH/CodeIgniter.php(927): App\Controllers\ProductController->filterProducts()
10 SYSTEMPATH/CodeIgniter.php(482): CodeIgniter\CodeIgniter->runController()
11 SYSTEMPATH/CodeIgniter.php(351): CodeIgniter\CodeIgniter->handleRequest()
12 FCPATH/index.php(67): CodeIgniter\CodeIgniter->run()
ERROR - 2022-12-17 10:36:41 --> mysqli_sql_exception: Unknown column 'lhjgljkhljh' in 'where clause' in /app/system/Database/MySQLi/Connection.php:292
Stack trace:
#0 /app/system/Database/MySQLi/Connection.php(292): mysqli->query()
#1 /app/system/Database/BaseConnection.php(666): CodeIgniter\Database\MySQLi\Connection->execute()
#2 /app/system/Database/BaseConnection.php(593): CodeIgniter\Database\BaseConnection->simpleQuery()
#3 /app/app/Models/ProductModel.php(155): CodeIgniter\Database\BaseConnection->query()
#4 /app/app/Controllers/ProductController.php(68): App\Models\ProductModel->filterProducts()
#5 /app/system/CodeIgniter.php(927): App\Controllers\ProductController->filterProducts()
#6 /app/system/CodeIgniter.php(482): CodeIgniter\CodeIgniter->runController()
#7 /app/system/CodeIgniter.php(351): CodeIgniter\CodeIgniter->handleRequest()
#8 /app/public/index.php(67): CodeIgniter\CodeIgniter->run()
#9 {main}
CRITICAL - 2022-12-17 10:36:41 --> Unknown column 'lhjgljkhljh' in 'where clause'
in SYSTEMPATH/Database/MySQLi/Connection.php on line 292.
 1 SYSTEMPATH/Database/MySQLi/Connection.php(292): mysqli->query()
 2 SYSTEMPATH/Database/BaseConnection.php(666): CodeIgniter\Database\MySQLi\Connection->execute()
 3 SYSTEMPATH/Database/BaseConnection.php(593): CodeIgniter\Database\BaseConnection->simpleQuery()
 4 APPPATH/Models/ProductModel.php(155): CodeIgniter\Database\BaseConnection->query()
 5 APPPATH/Controllers/ProductController.php(68): App\Models\ProductModel->filterProducts()
 6 SYSTEMPATH/CodeIgniter.php(927): App\Controllers\ProductController->filterProducts()
 7 SYSTEMPATH/CodeIgniter.php(482): CodeIgniter\CodeIgniter->runController()
 8 SYSTEMPATH/CodeIgniter.php(351): CodeIgniter\CodeIgniter->handleRequest()
 9 FCPATH/index.php(67): CodeIgniter\CodeIgniter->run()
CRITICAL - 2022-12-17 15:32:07 --> Undefined variable $productNotficationModel
in APPPATH/Controllers/ProductController.php on line 84.
 1 APPPATH/Controllers/ProductController.php(84): CodeIgniter\Debug\Exceptions->errorHandler()
 2 SYSTEMPATH/CodeIgniter.php(927): App\Controllers\ProductController->product()
 3 SYSTEMPATH/CodeIgniter.php(482): CodeIgniter\CodeIgniter->runController()
 4 SYSTEMPATH/CodeIgniter.php(351): CodeIgniter\CodeIgniter->handleRequest()
 5 FCPATH/index.php(67): CodeIgniter\CodeIgniter->run()
ERROR - 2022-12-17 15:32:19 --> mysqli_sql_exception: Unknown column 'Product_statistics.id' in 'where clause' in /app/system/Database/MySQLi/Connection.php:292
Stack trace:
#0 /app/system/Database/MySQLi/Connection.php(292): mysqli->query()
#1 /app/system/Database/BaseConnection.php(666): CodeIgniter\Database\MySQLi\Connection->execute()
#2 /app/system/Database/BaseConnection.php(593): CodeIgniter\Database\BaseConnection->simpleQuery()
#3 /app/system/Database/BaseBuilder.php(1585): CodeIgniter\Database\BaseConnection->query()
#4 /app/system/Model.php(182): CodeIgniter\Database\BaseBuilder->get()
#5 /app/system/BaseModel.php(524): CodeIgniter\Model->doFind()
#6 /app/app/Controllers/ProductController.php(84): CodeIgniter\BaseModel->find()
#7 /app/system/CodeIgniter.php(927): App\Controllers\ProductController->product()
#8 /app/system/CodeIgniter.php(482): CodeIgniter\CodeIgniter->runController()
#9 /app/system/CodeIgniter.php(351): CodeIgniter\CodeIgniter->handleRequest()
#10 /app/public/index.php(67): CodeIgniter\CodeIgniter->run()
#11 {main}
CRITICAL - 2022-12-17 15:32:19 --> Unknown column 'Product_statistics.id' in 'where clause'
in SYSTEMPATH/Database/MySQLi/Connection.php on line 292.
 1 SYSTEMPATH/Database/MySQLi/Connection.php(292): mysqli->query()
 2 SYSTEMPATH/Database/BaseConnection.php(666): CodeIgniter\Database\MySQLi\Connection->execute()
 3 SYSTEMPATH/Database/BaseConnection.php(593): CodeIgniter\Database\BaseConnection->simpleQuery()
 4 SYSTEMPATH/Database/BaseBuilder.php(1585): CodeIgniter\Database\BaseConnection->query()
 5 SYSTEMPATH/Model.php(182): CodeIgniter\Database\BaseBuilder->get()
 6 SYSTEMPATH/BaseModel.php(524): CodeIgniter\Model->doFind()
 7 APPPATH/Controllers/ProductController.php(84): CodeIgniter\BaseModel->find()
 8 SYSTEMPATH/CodeIgniter.php(927): App\Controllers\ProductController->product()
 9 SYSTEMPATH/CodeIgniter.php(482): CodeIgniter\CodeIgniter->runController()
10 SYSTEMPATH/CodeIgniter.php(351): CodeIgniter\CodeIgniter->handleRequest()
11 FCPATH/index.php(67): CodeIgniter\CodeIgniter->run()
ERROR - 2022-12-17 15:33:16 --> mysqli_sql_exception: Unknown column 'Product_statistics.id' in 'where clause' in /app/system/Database/MySQLi/Connection.php:292
Stack trace:
#0 /app/system/Database/MySQLi/Connection.php(292): mysqli->query()
#1 /app/system/Database/BaseConnection.php(666): CodeIgniter\Database\MySQLi\Connection->execute()
#2 /app/system/Database/BaseConnection.php(593): CodeIgniter\Database\BaseConnection->simpleQuery()
#3 /app/system/Database/BaseBuilder.php(1585): CodeIgniter\Database\BaseConnection->query()
#4 /app/system/Model.php(182): CodeIgniter\Database\BaseBuilder->get()
#5 /app/system/BaseModel.php(524): CodeIgniter\Model->doFind()
#6 /app/app/Controllers/ProductController.php(84): CodeIgniter\BaseModel->find()
#7 /app/system/CodeIgniter.php(927): App\Controllers\ProductController->product()
#8 /app/system/CodeIgniter.php(482): CodeIgniter\CodeIgniter->runController()
#9 /app/system/CodeIgniter.php(351): CodeIgniter\CodeIgniter->handleRequest()
#10 /app/public/index.php(67): CodeIgniter\CodeIgniter->run()
#11 {main}
CRITICAL - 2022-12-17 15:33:16 --> Unknown column 'Product_statistics.id' in 'where clause'
in SYSTEMPATH/Database/MySQLi/Connection.php on line 292.
 1 SYSTEMPATH/Database/MySQLi/Connection.php(292): mysqli->query()
 2 SYSTEMPATH/Database/BaseConnection.php(666): CodeIgniter\Database\MySQLi\Connection->execute()
 3 SYSTEMPATH/Database/BaseConnection.php(593): CodeIgniter\Database\BaseConnection->simpleQuery()
 4 SYSTEMPATH/Database/BaseBuilder.php(1585): CodeIgniter\Database\BaseConnection->query()
 5 SYSTEMPATH/Model.php(182): CodeIgniter\Database\BaseBuilder->get()
 6 SYSTEMPATH/BaseModel.php(524): CodeIgniter\Model->doFind()
 7 APPPATH/Controllers/ProductController.php(84): CodeIgniter\BaseModel->find()
 8 SYSTEMPATH/CodeIgniter.php(927): App\Controllers\ProductController->product()
 9 SYSTEMPATH/CodeIgniter.php(482): CodeIgniter\CodeIgniter->runController()
10 SYSTEMPATH/CodeIgniter.php(351): CodeIgniter\CodeIgniter->handleRequest()
11 FCPATH/index.php(67): CodeIgniter\CodeIgniter->run()
ERROR - 2022-12-17 15:34:36 --> mysqli_sql_exception: Unknown column 'Product_statistics.id' in 'where clause' in /app/system/Database/MySQLi/Connection.php:292
Stack trace:
#0 /app/system/Database/MySQLi/Connection.php(292): mysqli->query()
#1 /app/system/Database/BaseConnection.php(666): CodeIgniter\Database\MySQLi\Connection->execute()
#2 /app/system/Database/BaseConnection.php(593): CodeIgniter\Database\BaseConnection->simpleQuery()
#3 /app/system/Database/BaseBuilder.php(1585): CodeIgniter\Database\BaseConnection->query()
#4 /app/system/Model.php(182): CodeIgniter\Database\BaseBuilder->get()
#5 /app/system/BaseModel.php(524): CodeIgniter\Model->doFind()
#6 /app/app/Controllers/ProductController.php(84): CodeIgniter\BaseModel->find()
#7 /app/system/CodeIgniter.php(927): App\Controllers\ProductController->product()
#8 /app/system/CodeIgniter.php(482): CodeIgniter\CodeIgniter->runController()
#9 /app/system/CodeIgniter.php(351): CodeIgniter\CodeIgniter->handleRequest()
#10 /app/public/index.php(67): CodeIgniter\CodeIgniter->run()
#11 {main}
CRITICAL - 2022-12-17 15:34:36 --> Unknown column 'Product_statistics.id' in 'where clause'
in SYSTEMPATH/Database/MySQLi/Connection.php on line 292.
 1 SYSTEMPATH/Database/MySQLi/Connection.php(292): mysqli->query()
 2 SYSTEMPATH/Database/BaseConnection.php(666): CodeIgniter\Database\MySQLi\Connection->execute()
 3 SYSTEMPATH/Database/BaseConnection.php(593): CodeIgniter\Database\BaseConnection->simpleQuery()
 4 SYSTEMPATH/Database/BaseBuilder.php(1585): CodeIgniter\Database\BaseConnection->query()
 5 SYSTEMPATH/Model.php(182): CodeIgniter\Database\BaseBuilder->get()
 6 SYSTEMPATH/BaseModel.php(524): CodeIgniter\Model->doFind()
 7 APPPATH/Controllers/ProductController.php(84): CodeIgniter\BaseModel->find()
 8 SYSTEMPATH/CodeIgniter.php(927): App\Controllers\ProductController->product()
 9 SYSTEMPATH/CodeIgniter.php(482): CodeIgniter\CodeIgniter->runController()
10 SYSTEMPATH/CodeIgniter.php(351): CodeIgniter\CodeIgniter->handleRequest()
11 FCPATH/index.php(67): CodeIgniter\CodeIgniter->run()
CRITICAL - 2022-12-17 15:35:18 --> syntax error, unexpected token "exit"
in APPPATH/Controllers/ProductController.php on line 85.
 1 SYSTEMPATH/Autoloader/Autoloader.php(259): CodeIgniter\Autoloader\Autoloader->includeFile()
 2 SYSTEMPATH/Autoloader/Autoloader.php(237): CodeIgniter\Autoloader\Autoloader->loadInNamespace()
 3 [internal function]: CodeIgniter\Autoloader\Autoloader->loadClass()
 4 SYSTEMPATH/CodeIgniter.php(877): class_exists()
 5 SYSTEMPATH/CodeIgniter.php(469): CodeIgniter\CodeIgniter->startController()
 6 SYSTEMPATH/CodeIgniter.php(351): CodeIgniter\CodeIgniter->handleRequest()
 7 FCPATH/index.php(67): CodeIgniter\CodeIgniter->run()
ERROR - 2022-12-17 15:35:31 --> mysqli_sql_exception: Unknown column 'Product_statistics.id' in 'where clause' in /app/system/Database/MySQLi/Connection.php:292
Stack trace:
#0 /app/system/Database/MySQLi/Connection.php(292): mysqli->query()
#1 /app/system/Database/BaseConnection.php(666): CodeIgniter\Database\MySQLi\Connection->execute()
#2 /app/system/Database/BaseConnection.php(593): CodeIgniter\Database\BaseConnection->simpleQuery()
#3 /app/system/Database/BaseBuilder.php(1585): CodeIgniter\Database\BaseConnection->query()
#4 /app/system/Model.php(182): CodeIgniter\Database\BaseBuilder->get()
#5 /app/system/BaseModel.php(524): CodeIgniter\Model->doFind()
#6 /app/app/Controllers/ProductController.php(83): CodeIgniter\BaseModel->find()
#7 /app/system/CodeIgniter.php(927): App\Controllers\ProductController->product()
#8 /app/system/CodeIgniter.php(482): CodeIgniter\CodeIgniter->runController()
#9 /app/system/CodeIgniter.php(351): CodeIgniter\CodeIgniter->handleRequest()
#10 /app/public/index.php(67): CodeIgniter\CodeIgniter->run()
#11 {main}
CRITICAL - 2022-12-17 15:35:31 --> Unknown column 'Product_statistics.id' in 'where clause'
in SYSTEMPATH/Database/MySQLi/Connection.php on line 292.
 1 SYSTEMPATH/Database/MySQLi/Connection.php(292): mysqli->query()
 2 SYSTEMPATH/Database/BaseConnection.php(666): CodeIgniter\Database\MySQLi\Connection->execute()
 3 SYSTEMPATH/Database/BaseConnection.php(593): CodeIgniter\Database\BaseConnection->simpleQuery()
 4 SYSTEMPATH/Database/BaseBuilder.php(1585): CodeIgniter\Database\BaseConnection->query()
 5 SYSTEMPATH/Model.php(182): CodeIgniter\Database\BaseBuilder->get()
 6 SYSTEMPATH/BaseModel.php(524): CodeIgniter\Model->doFind()
 7 APPPATH/Controllers/ProductController.php(83): CodeIgniter\BaseModel->find()
 8 SYSTEMPATH/CodeIgniter.php(927): App\Controllers\ProductController->product()
 9 SYSTEMPATH/CodeIgniter.php(482): CodeIgniter\CodeIgniter->runController()
10 SYSTEMPATH/CodeIgniter.php(351): CodeIgniter\CodeIgniter->handleRequest()
11 FCPATH/index.php(67): CodeIgniter\CodeIgniter->run()
ERROR - 2022-12-17 16:55:04 --> mysqli_sql_exception: Unknown column 'Product_statistics.id' in 'where clause' in /app/system/Database/MySQLi/Connection.php:292
Stack trace:
#0 /app/system/Database/MySQLi/Connection.php(292): mysqli->query()
#1 /app/system/Database/BaseConnection.php(666): CodeIgniter\Database\MySQLi\Connection->execute()
#2 /app/system/Database/BaseConnection.php(593): CodeIgniter\Database\BaseConnection->simpleQuery()
#3 /app/system/Database/BaseBuilder.php(1585): CodeIgniter\Database\BaseConnection->query()
#4 /app/system/Model.php(182): CodeIgniter\Database\BaseBuilder->get()
#5 /app/system/BaseModel.php(524): CodeIgniter\Model->doFind()
#6 /app/app/Controllers/ProductController.php(83): CodeIgniter\BaseModel->find()
#7 /app/system/CodeIgniter.php(927): App\Controllers\ProductController->product()
#8 /app/system/CodeIgniter.php(482): CodeIgniter\CodeIgniter->runController()
#9 /app/system/CodeIgniter.php(351): CodeIgniter\CodeIgniter->handleRequest()
#10 /app/public/index.php(67): CodeIgniter\CodeIgniter->run()
#11 {main}
CRITICAL - 2022-12-17 16:55:04 --> Unknown column 'Product_statistics.id' in 'where clause'
in SYSTEMPATH/Database/MySQLi/Connection.php on line 292.
 1 SYSTEMPATH/Database/MySQLi/Connection.php(292): mysqli->query()
 2 SYSTEMPATH/Database/BaseConnection.php(666): CodeIgniter\Database\MySQLi\Connection->execute()
 3 SYSTEMPATH/Database/BaseConnection.php(593): CodeIgniter\Database\BaseConnection->simpleQuery()
 4 SYSTEMPATH/Database/BaseBuilder.php(1585): CodeIgniter\Database\BaseConnection->query()
 5 SYSTEMPATH/Model.php(182): CodeIgniter\Database\BaseBuilder->get()
 6 SYSTEMPATH/BaseModel.php(524): CodeIgniter\Model->doFind()
 7 APPPATH/Controllers/ProductController.php(83): CodeIgniter\BaseModel->find()
 8 SYSTEMPATH/CodeIgniter.php(927): App\Controllers\ProductController->product()
 9 SYSTEMPATH/CodeIgniter.php(482): CodeIgniter\CodeIgniter->runController()
10 SYSTEMPATH/CodeIgniter.php(351): CodeIgniter\CodeIgniter->handleRequest()
11 FCPATH/index.php(67): CodeIgniter\CodeIgniter->run()
CRITICAL - 2022-12-17 16:56:29 --> Undefined variable $data
in APPPATH/Controllers/ProductController.php on line 84.
 1 APPPATH/Controllers/ProductController.php(84): CodeIgniter\Debug\Exceptions->errorHandler()
 2 SYSTEMPATH/CodeIgniter.php(927): App\Controllers\ProductController->product()
 3 SYSTEMPATH/CodeIgniter.php(482): CodeIgniter\CodeIgniter->runController()
 4 SYSTEMPATH/CodeIgniter.php(351): CodeIgniter\CodeIgniter->handleRequest()
 5 FCPATH/index.php(67): CodeIgniter\CodeIgniter->run()
CRITICAL - 2022-12-17 17:04:19 --> Undefined variable $db
in APPPATH/Models/ProductStatisticsModel.php on line 19.
 1 APPPATH/Models/ProductStatisticsModel.php(19): CodeIgniter\Debug\Exceptions->errorHandler()
 2 APPPATH/Controllers/ProductController.php(83): App\Models\ProductStatisticsModel->incrementVisits()
 3 SYSTEMPATH/CodeIgniter.php(927): App\Controllers\ProductController->product()
 4 SYSTEMPATH/CodeIgniter.php(482): CodeIgniter\CodeIgniter->runController()
 5 SYSTEMPATH/CodeIgniter.php(351): CodeIgniter\CodeIgniter->handleRequest()
 6 FCPATH/index.php(67): CodeIgniter\CodeIgniter->run()
CRITICAL - 2022-12-17 17:27:38 --> Array to string conversion
in APPPATH/Models/ProductStatisticsModel.php on line 26.
 1 APPPATH/Models/ProductStatisticsModel.php(26): CodeIgniter\Debug\Exceptions->errorHandler()
 2 APPPATH/Controllers/ShoppingcartController.php(141): App\Models\ProductStatisticsModel->increaseRevenue()
 3 SYSTEMPATH/CodeIgniter.php(927): App\Controllers\ShoppingcartController->placeOrder()
 4 SYSTEMPATH/CodeIgniter.php(482): CodeIgniter\CodeIgniter->runController()
 5 SYSTEMPATH/CodeIgniter.php(351): CodeIgniter\CodeIgniter->handleRequest()
 6 FCPATH/index.php(67): CodeIgniter\CodeIgniter->run()
CRITICAL - 2022-12-17 17:28:13 --> Array to string conversion
in APPPATH/Models/ProductStatisticsModel.php on line 27.
 1 APPPATH/Models/ProductStatisticsModel.php(27): CodeIgniter\Debug\Exceptions->errorHandler()
 2 APPPATH/Controllers/ShoppingcartController.php(141): App\Models\ProductStatisticsModel->increaseRevenue()
 3 SYSTEMPATH/CodeIgniter.php(927): App\Controllers\ShoppingcartController->placeOrder()
 4 SYSTEMPATH/CodeIgniter.php(482): CodeIgniter\CodeIgniter->runController()
 5 SYSTEMPATH/CodeIgniter.php(351): CodeIgniter\CodeIgniter->handleRequest()
 6 FCPATH/index.php(67): CodeIgniter\CodeIgniter->run()
CRITICAL - 2022-12-17 17:29:12 --> Call to undefined function App\Models\parseInt()
in APPPATH/Models/ProductStatisticsModel.php on line 26.
 1 APPPATH/Controllers/ShoppingcartController.php(141): App\Models\ProductStatisticsModel->increaseRevenue()
 2 SYSTEMPATH/CodeIgniter.php(927): App\Controllers\ShoppingcartController->placeOrder()
 3 SYSTEMPATH/CodeIgniter.php(482): CodeIgniter\CodeIgniter->runController()
 4 SYSTEMPATH/CodeIgniter.php(351): CodeIgniter\CodeIgniter->handleRequest()
 5 FCPATH/index.php(67): CodeIgniter\CodeIgniter->run()
CRITICAL - 2022-12-17 17:30:27 --> Call to undefined function App\Models\int()
in APPPATH/Models/ProductStatisticsModel.php on line 26.
 1 APPPATH/Controllers/ShoppingcartController.php(141): App\Models\ProductStatisticsModel->increaseRevenue()
 2 SYSTEMPATH/CodeIgniter.php(927): App\Controllers\ShoppingcartController->placeOrder()
 3 SYSTEMPATH/CodeIgniter.php(482): CodeIgniter\CodeIgniter->runController()
 4 SYSTEMPATH/CodeIgniter.php(351): CodeIgniter\CodeIgniter->handleRequest()
 5 FCPATH/index.php(67): CodeIgniter\CodeIgniter->run()
CRITICAL - 2022-12-17 17:30:44 --> Undefined array key 1
in APPPATH/Controllers/ShoppingcartController.php on line 157.
 1 APPPATH/Controllers/ShoppingcartController.php(157): CodeIgniter\Debug\Exceptions->errorHandler()
 2 SYSTEMPATH/CodeIgniter.php(927): App\Controllers\ShoppingcartController->placeOrder()
 3 SYSTEMPATH/CodeIgniter.php(482): CodeIgniter\CodeIgniter->runController()
 4 SYSTEMPATH/CodeIgniter.php(351): CodeIgniter\CodeIgniter->handleRequest()
 5 FCPATH/index.php(67): CodeIgniter\CodeIgniter->run()
CRITICAL - 2022-12-17 17:34:14 --> Undefined array key 1
in APPPATH/Controllers/ShoppingcartController.php on line 155.
 1 APPPATH/Controllers/ShoppingcartController.php(155): CodeIgniter\Debug\Exceptions->errorHandler()
 2 SYSTEMPATH/CodeIgniter.php(927): App\Controllers\ShoppingcartController->placeOrder()
 3 SYSTEMPATH/CodeIgniter.php(482): CodeIgniter\CodeIgniter->runController()
 4 SYSTEMPATH/CodeIgniter.php(351): CodeIgniter\CodeIgniter->handleRequest()
 5 FCPATH/index.php(67): CodeIgniter\CodeIgniter->run()
CRITICAL - 2022-12-17 17:42:44 --> Undefined array key 0
in APPPATH/Views/profile/Orders.php on line 42.
 1 APPPATH/Views/profile/Orders.php(42): CodeIgniter\Debug\Exceptions->errorHandler()
 2 SYSTEMPATH/View/View.php(213): include('APPPATH/Views/profile/Orders.php')
 3 SYSTEMPATH/View/View.php(216): CodeIgniter\View\View->CodeIgniter\View\{closure}()
 4 SYSTEMPATH/Common.php(1134): CodeIgniter\View\View->render()
 5 APPPATH/Controllers/ProfileController.php(33): view()
 6 SYSTEMPATH/CodeIgniter.php(927): App\Controllers\ProfileController->viewOrders()
 7 SYSTEMPATH/CodeIgniter.php(482): CodeIgniter\CodeIgniter->runController()
 8 SYSTEMPATH/CodeIgniter.php(351): CodeIgniter\CodeIgniter->handleRequest()
 9 FCPATH/index.php(67): CodeIgniter\CodeIgniter->run()
CRITICAL - 2022-12-17 17:42:46 --> Undefined array key 0
in APPPATH/Views/profile/Orders.php on line 42.
 1 APPPATH/Views/profile/Orders.php(42): CodeIgniter\Debug\Exceptions->errorHandler()
 2 SYSTEMPATH/View/View.php(213): include('APPPATH/Views/profile/Orders.php')
 3 SYSTEMPATH/View/View.php(216): CodeIgniter\View\View->CodeIgniter\View\{closure}()
 4 SYSTEMPATH/Common.php(1134): CodeIgniter\View\View->render()
 5 APPPATH/Controllers/ProfileController.php(33): view()
 6 SYSTEMPATH/CodeIgniter.php(927): App\Controllers\ProfileController->viewOrders()
 7 SYSTEMPATH/CodeIgniter.php(482): CodeIgniter\CodeIgniter->runController()
 8 SYSTEMPATH/CodeIgniter.php(351): CodeIgniter\CodeIgniter->handleRequest()
 9 FCPATH/index.php(67): CodeIgniter\CodeIgniter->run()
CRITICAL - 2022-12-17 17:43:05 --> Undefined array key 0
in APPPATH/Views/profile/Orders.php on line 42.
 1 APPPATH/Views/profile/Orders.php(42): CodeIgniter\Debug\Exceptions->errorHandler()
 2 SYSTEMPATH/View/View.php(213): include('APPPATH/Views/profile/Orders.php')
 3 SYSTEMPATH/View/View.php(216): CodeIgniter\View\View->CodeIgniter\View\{closure}()
 4 SYSTEMPATH/Common.php(1134): CodeIgniter\View\View->render()
 5 APPPATH/Controllers/ProfileController.php(33): view()
 6 SYSTEMPATH/CodeIgniter.php(927): App\Controllers\ProfileController->viewOrders()
 7 SYSTEMPATH/CodeIgniter.php(482): CodeIgniter\CodeIgniter->runController()
 8 SYSTEMPATH/CodeIgniter.php(351): CodeIgniter\CodeIgniter->handleRequest()
 9 FCPATH/index.php(67): CodeIgniter\CodeIgniter->run()
CRITICAL - 2022-12-17 17:43:47 --> Undefined array key 0
in APPPATH/Views/profile/Orders.php on line 42.
 1 APPPATH/Views/profile/Orders.php(42): CodeIgniter\Debug\Exceptions->errorHandler()
 2 SYSTEMPATH/View/View.php(213): include('APPPATH/Views/profile/Orders.php')
 3 SYSTEMPATH/View/View.php(216): CodeIgniter\View\View->CodeIgniter\View\{closure}()
 4 SYSTEMPATH/Common.php(1134): CodeIgniter\View\View->render()
 5 APPPATH/Controllers/ProfileController.php(33): view()
 6 SYSTEMPATH/CodeIgniter.php(927): App\Controllers\ProfileController->viewOrders()
 7 SYSTEMPATH/CodeIgniter.php(482): CodeIgniter\CodeIgniter->runController()
 8 SYSTEMPATH/CodeIgniter.php(351): CodeIgniter\CodeIgniter->handleRequest()
 9 FCPATH/index.php(67): CodeIgniter\CodeIgniter->run()
CRITICAL - 2022-12-17 17:47:16 --> Undefined array key 0
in APPPATH/Views/profile/Orders.php on line 42.
 1 APPPATH/Views/profile/Orders.php(42): CodeIgniter\Debug\Exceptions->errorHandler()
 2 SYSTEMPATH/View/View.php(213): include('APPPATH/Views/profile/Orders.php')
 3 SYSTEMPATH/View/View.php(216): CodeIgniter\View\View->CodeIgniter\View\{closure}()
 4 SYSTEMPATH/Common.php(1134): CodeIgniter\View\View->render()
 5 APPPATH/Controllers/ProfileController.php(33): view()
 6 SYSTEMPATH/CodeIgniter.php(927): App\Controllers\ProfileController->viewOrders()
 7 SYSTEMPATH/CodeIgniter.php(482): CodeIgniter\CodeIgniter->runController()
 8 SYSTEMPATH/CodeIgniter.php(351): CodeIgniter\CodeIgniter->handleRequest()
 9 FCPATH/index.php(67): CodeIgniter\CodeIgniter->run()
