CRITICAL - 2023-01-27 04:03:29 --> syntax error, unexpected single-quoted string "errors", expecting "]"
in APPPATH/Config/Validation.php on line 260.
 1 SYSTEMPATH/Autoloader/Autoloader.php(259): CodeIgniter\Autoloader\Autoloader->includeFile()
 2 SYSTEMPATH/Autoloader/Autoloader.php(237): CodeIgniter\Autoloader\Autoloader->loadInNamespace()
 3 [internal function]: CodeIgniter\Autoloader\Autoloader->loadClass()
 4 SYSTEMPATH/Config/Factories.php(155): class_exists()
 5 SYSTEMPATH/Config/Factories.php(125): CodeIgniter\Config\Factories::locateClass()
 6 SYSTEMPATH/Common.php(203): CodeIgniter\Config\Factories::__callStatic()
 7 SYSTEMPATH/Config/Services.php(744): config()
 8 SYSTEMPATH/Config/BaseService.php(253): CodeIgniter\Config\Services::validation()
 9 SYSTEMPATH/Config/BaseService.php(194): CodeIgniter\Config\BaseService::__callStatic()
10 SYSTEMPATH/Config/Services.php(741): CodeIgniter\Config\BaseService::getSharedInstance()
11 SYSTEMPATH/Config/BaseService.php(253): CodeIgniter\Config\Services::validation()
12 APPPATH/Controllers/ShoppingcartController.php(136): CodeIgniter\Config\BaseService::__callStatic()
13 APPPATH/Controllers/ShoppingcartController.php(206): App\Controllers\ShoppingcartController->verifyPostValues()
14 SYSTEMPATH/CodeIgniter.php(927): App\Controllers\ShoppingcartController->placeOrder()
15 SYSTEMPATH/CodeIgniter.php(482): CodeIgniter\CodeIgniter->runController()
16 SYSTEMPATH/CodeIgniter.php(351): CodeIgniter\CodeIgniter->handleRequest()
17 FCPATH/index.php(67): CodeIgniter\CodeIgniter->run()
CRITICAL - 2023-01-27 04:03:52 --> syntax error, unexpected single-quoted string "errors", expecting "]"
in APPPATH/Config/Validation.php on line 260.
 1 SYSTEMPATH/Autoloader/Autoloader.php(259): CodeIgniter\Autoloader\Autoloader->includeFile()
 2 SYSTEMPATH/Autoloader/Autoloader.php(237): CodeIgniter\Autoloader\Autoloader->loadInNamespace()
 3 [internal function]: CodeIgniter\Autoloader\Autoloader->loadClass()
 4 SYSTEMPATH/Config/Factories.php(155): class_exists()
 5 SYSTEMPATH/Config/Factories.php(125): CodeIgniter\Config\Factories::locateClass()
 6 SYSTEMPATH/Common.php(203): CodeIgniter\Config\Factories::__callStatic()
 7 SYSTEMPATH/Config/Services.php(744): config()
 8 SYSTEMPATH/Config/BaseService.php(253): CodeIgniter\Config\Services::validation()
 9 SYSTEMPATH/Config/BaseService.php(194): CodeIgniter\Config\BaseService::__callStatic()
10 SYSTEMPATH/Config/Services.php(741): CodeIgniter\Config\BaseService::getSharedInstance()
11 SYSTEMPATH/Config/BaseService.php(253): CodeIgniter\Config\Services::validation()
12 APPPATH/Controllers/ShoppingcartController.php(136): CodeIgniter\Config\BaseService::__callStatic()
13 APPPATH/Controllers/ShoppingcartController.php(206): App\Controllers\ShoppingcartController->verifyPostValues()
14 SYSTEMPATH/CodeIgniter.php(927): App\Controllers\ShoppingcartController->placeOrder()
15 SYSTEMPATH/CodeIgniter.php(482): CodeIgniter\CodeIgniter->runController()
16 SYSTEMPATH/CodeIgniter.php(351): CodeIgniter\CodeIgniter->handleRequest()
17 FCPATH/index.php(67): CodeIgniter\CodeIgniter->run()
CRITICAL - 2023-01-27 04:04:56 --> MasterCard is not a valid rule.
in SYSTEMPATH/Validation/Validation.php on line 323.
 1 SYSTEMPATH/Validation/Validation.php(323): CodeIgniter\Validation\Exceptions\ValidationException::forRuleNotFound()
 2 SYSTEMPATH/Validation/Validation.php(175): CodeIgniter\Validation\Validation->processRules()
 3 APPPATH/Controllers/ShoppingcartController.php(137): CodeIgniter\Validation\Validation->run()
 4 APPPATH/Controllers/ShoppingcartController.php(206): App\Controllers\ShoppingcartController->verifyPostValues()
 5 SYSTEMPATH/CodeIgniter.php(927): App\Controllers\ShoppingcartController->placeOrder()
 6 SYSTEMPATH/CodeIgniter.php(482): CodeIgniter\CodeIgniter->runController()
 7 SYSTEMPATH/CodeIgniter.php(351): CodeIgniter\CodeIgniter->handleRequest()
 8 FCPATH/index.php(67): CodeIgniter\CodeIgniter->run()
CRITICAL - 2023-01-27 04:12:38 --> MasterCard is not a valid rule.
in SYSTEMPATH/Validation/Validation.php on line 323.
 1 SYSTEMPATH/Validation/Validation.php(323): CodeIgniter\Validation\Exceptions\ValidationException::forRuleNotFound()
 2 SYSTEMPATH/Validation/Validation.php(175): CodeIgniter\Validation\Validation->processRules()
 3 APPPATH/Controllers/ShoppingcartController.php(137): CodeIgniter\Validation\Validation->run()
 4 APPPATH/Controllers/ShoppingcartController.php(206): App\Controllers\ShoppingcartController->verifyPostValues()
 5 SYSTEMPATH/CodeIgniter.php(927): App\Controllers\ShoppingcartController->placeOrder()
 6 SYSTEMPATH/CodeIgniter.php(482): CodeIgniter\CodeIgniter->runController()
 7 SYSTEMPATH/CodeIgniter.php(351): CodeIgniter\CodeIgniter->handleRequest()
 8 FCPATH/index.php(67): CodeIgniter\CodeIgniter->run()
CRITICAL - 2023-01-27 04:15:19 --> Undefined variable $AddressPrimaryKey
in APPPATH/Controllers/ShoppingcartController.php on line 260.
 1 APPPATH/Controllers/ShoppingcartController.php(260): CodeIgniter\Debug\Exceptions->errorHandler()
 2 APPPATH/Controllers/ShoppingcartController.php(222): App\Controllers\ShoppingcartController->saveOrderData()
 3 SYSTEMPATH/CodeIgniter.php(927): App\Controllers\ShoppingcartController->placeOrder()
 4 SYSTEMPATH/CodeIgniter.php(482): CodeIgniter\CodeIgniter->runController()
 5 SYSTEMPATH/CodeIgniter.php(351): CodeIgniter\CodeIgniter->handleRequest()
 6 FCPATH/index.php(67): CodeIgniter\CodeIgniter->run()
CRITICAL - 2023-01-27 04:16:29 --> Undefined variable $AddressPrimaryKey
in APPPATH/Controllers/ShoppingcartController.php on line 262.
 1 APPPATH/Controllers/ShoppingcartController.php(262): CodeIgniter\Debug\Exceptions->errorHandler()
 2 APPPATH/Controllers/ShoppingcartController.php(224): App\Controllers\ShoppingcartController->saveOrderData()
 3 SYSTEMPATH/CodeIgniter.php(927): App\Controllers\ShoppingcartController->placeOrder()
 4 SYSTEMPATH/CodeIgniter.php(482): CodeIgniter\CodeIgniter->runController()
 5 SYSTEMPATH/CodeIgniter.php(351): CodeIgniter\CodeIgniter->handleRequest()
 6 FCPATH/index.php(67): CodeIgniter\CodeIgniter->run()
CRITICAL - 2023-01-27 04:17:10 --> syntax error, unexpected token "if"
in APPPATH/Controllers/ShoppingcartController.php on line 222.
 1 SYSTEMPATH/Autoloader/Autoloader.php(259): CodeIgniter\Autoloader\Autoloader->includeFile()
 2 SYSTEMPATH/Autoloader/Autoloader.php(237): CodeIgniter\Autoloader\Autoloader->loadInNamespace()
 3 [internal function]: CodeIgniter\Autoloader\Autoloader->loadClass()
 4 SYSTEMPATH/CodeIgniter.php(877): class_exists()
 5 SYSTEMPATH/CodeIgniter.php(469): CodeIgniter\CodeIgniter->startController()
 6 SYSTEMPATH/CodeIgniter.php(351): CodeIgniter\CodeIgniter->handleRequest()
 7 FCPATH/index.php(67): CodeIgniter\CodeIgniter->run()
CRITICAL - 2023-01-27 04:17:21 --> Undefined variable $AddressPrimaryKey
in APPPATH/Controllers/ShoppingcartController.php on line 264.
 1 APPPATH/Controllers/ShoppingcartController.php(264): CodeIgniter\Debug\Exceptions->errorHandler()
 2 APPPATH/Controllers/ShoppingcartController.php(226): App\Controllers\ShoppingcartController->saveOrderData()
 3 SYSTEMPATH/CodeIgniter.php(927): App\Controllers\ShoppingcartController->placeOrder()
 4 SYSTEMPATH/CodeIgniter.php(482): CodeIgniter\CodeIgniter->runController()
 5 SYSTEMPATH/CodeIgniter.php(351): CodeIgniter\CodeIgniter->handleRequest()
 6 FCPATH/index.php(67): CodeIgniter\CodeIgniter->run()
CRITICAL - 2023-01-27 06:42:46 --> Call to undefined method App\Controllers\ProductController::verifyPostValues()
in APPPATH/Controllers/ProductController.php on line 159.
 1 SYSTEMPATH/CodeIgniter.php(927): App\Controllers\ProductController->updateProduct()
 2 SYSTEMPATH/CodeIgniter.php(482): CodeIgniter\CodeIgniter->runController()
 3 SYSTEMPATH/CodeIgniter.php(351): CodeIgniter\CodeIgniter->handleRequest()
 4 FCPATH/index.php(67): CodeIgniter\CodeIgniter->run()
CRITICAL - 2023-01-27 06:42:59 --> Using $this when not in object context
in APPPATH/Helpers/validate_helper.php on line 5.
 1 APPPATH/Controllers/ProductController.php(159): verifyPostValues()
 2 SYSTEMPATH/CodeIgniter.php(927): App\Controllers\ProductController->updateProduct()
 3 SYSTEMPATH/CodeIgniter.php(482): CodeIgniter\CodeIgniter->runController()
 4 SYSTEMPATH/CodeIgniter.php(351): CodeIgniter\CodeIgniter->handleRequest()
 5 FCPATH/index.php(67): CodeIgniter\CodeIgniter->run()
CRITICAL - 2023-01-27 06:43:17 --> Undefined variable $request
in APPPATH/Helpers/validate_helper.php on line 5.
 1 APPPATH/Helpers/validate_helper.php(5): CodeIgniter\Debug\Exceptions->errorHandler()
 2 APPPATH/Controllers/ProductController.php(159): verifyPostValues()
 3 SYSTEMPATH/CodeIgniter.php(927): App\Controllers\ProductController->updateProduct()
 4 SYSTEMPATH/CodeIgniter.php(482): CodeIgniter\CodeIgniter->runController()
 5 SYSTEMPATH/CodeIgniter.php(351): CodeIgniter\CodeIgniter->handleRequest()
 6 FCPATH/index.php(67): CodeIgniter\CodeIgniter->run()
CRITICAL - 2023-01-27 06:47:06 --> Undefined variable $primaryKey
in APPPATH/Controllers/ProductController.php on line 168.
 1 APPPATH/Controllers/ProductController.php(168): CodeIgniter\Debug\Exceptions->errorHandler()
 2 SYSTEMPATH/CodeIgniter.php(927): App\Controllers\ProductController->updateProduct()
 3 SYSTEMPATH/CodeIgniter.php(482): CodeIgniter\CodeIgniter->runController()
 4 SYSTEMPATH/CodeIgniter.php(351): CodeIgniter\CodeIgniter->handleRequest()
 5 FCPATH/index.php(67): CodeIgniter\CodeIgniter->run()
CRITICAL - 2023-01-27 06:47:32 --> Undefined variable $productId
in APPPATH/Controllers/ProductController.php on line 297.
 1 APPPATH/Controllers/ProductController.php(297): CodeIgniter\Debug\Exceptions->errorHandler()
 2 APPPATH/Controllers/ProductController.php(170): App\Controllers\ProductController->sendStockNotifications()
 3 SYSTEMPATH/CodeIgniter.php(927): App\Controllers\ProductController->updateProduct()
 4 SYSTEMPATH/CodeIgniter.php(482): CodeIgniter\CodeIgniter->runController()
 5 SYSTEMPATH/CodeIgniter.php(351): CodeIgniter\CodeIgniter->handleRequest()
 6 FCPATH/index.php(67): CodeIgniter\CodeIgniter->run()
CRITICAL - 2023-01-27 08:29:36 --> syntax error, unexpected token "}", expecting ";"
in APPPATH/Controllers/PublicPagesController.php on line 79.
 1 SYSTEMPATH/Autoloader/Autoloader.php(259): CodeIgniter\Autoloader\Autoloader->includeFile()
 2 SYSTEMPATH/Autoloader/Autoloader.php(237): CodeIgniter\Autoloader\Autoloader->loadInNamespace()
 3 [internal function]: CodeIgniter\Autoloader\Autoloader->loadClass()
 4 SYSTEMPATH/CodeIgniter.php(877): class_exists()
 5 SYSTEMPATH/CodeIgniter.php(469): CodeIgniter\CodeIgniter->startController()
 6 SYSTEMPATH/CodeIgniter.php(351): CodeIgniter\CodeIgniter->handleRequest()
 7 FCPATH/index.php(67): CodeIgniter\CodeIgniter->run()
CRITICAL - 2023-01-27 08:29:46 --> syntax error, unexpected token "}", expecting ";"
in APPPATH/Controllers/PublicPagesController.php on line 79.
 1 SYSTEMPATH/Autoloader/Autoloader.php(259): CodeIgniter\Autoloader\Autoloader->includeFile()
 2 SYSTEMPATH/Autoloader/Autoloader.php(237): CodeIgniter\Autoloader\Autoloader->loadInNamespace()
 3 [internal function]: CodeIgniter\Autoloader\Autoloader->loadClass()
 4 SYSTEMPATH/CodeIgniter.php(877): class_exists()
 5 SYSTEMPATH/CodeIgniter.php(469): CodeIgniter\CodeIgniter->startController()
 6 SYSTEMPATH/CodeIgniter.php(351): CodeIgniter\CodeIgniter->handleRequest()
 7 FCPATH/index.php(67): CodeIgniter\CodeIgniter->run()
CRITICAL - 2023-01-27 08:59:27 --> syntax error, unexpected token "}"
in APPPATH/Controllers/ShoppingcartController.php on line 55.
 1 SYSTEMPATH/Autoloader/Autoloader.php(259): CodeIgniter\Autoloader\Autoloader->includeFile()
 2 SYSTEMPATH/Autoloader/Autoloader.php(237): CodeIgniter\Autoloader\Autoloader->loadInNamespace()
 3 [internal function]: CodeIgniter\Autoloader\Autoloader->loadClass()
 4 SYSTEMPATH/CodeIgniter.php(877): class_exists()
 5 SYSTEMPATH/CodeIgniter.php(469): CodeIgniter\CodeIgniter->startController()
 6 SYSTEMPATH/CodeIgniter.php(351): CodeIgniter\CodeIgniter->handleRequest()
 7 FCPATH/index.php(67): CodeIgniter\CodeIgniter->run()
CRITICAL - 2023-01-27 10:20:20 --> foreach() argument must be of type array|object, null given
in APPPATH/Views/profile/editProduct.php on line 95.
 1 APPPATH/Views/profile/editProduct.php(95): CodeIgniter\Debug\Exceptions->errorHandler()
 2 SYSTEMPATH/View/View.php(213): include('APPPATH/Views/profile/editProduct.php')
 3 SYSTEMPATH/View/View.php(216): CodeIgniter\View\View->CodeIgniter\View\{closure}()
 4 SYSTEMPATH/Common.php(1134): CodeIgniter\View\View->render()
 5 APPPATH/Controllers/ProductController.php(130): view()
 6 SYSTEMPATH/CodeIgniter.php(927): App\Controllers\ProductController->editProductView()
 7 SYSTEMPATH/CodeIgniter.php(482): CodeIgniter\CodeIgniter->runController()
 8 SYSTEMPATH/CodeIgniter.php(351): CodeIgniter\CodeIgniter->handleRequest()
 9 FCPATH/index.php(67): CodeIgniter\CodeIgniter->run()
CRITICAL - 2023-01-27 10:20:31 --> foreach() argument must be of type array|object, null given
in APPPATH/Views/profile/editProduct.php on line 95.
 1 APPPATH/Views/profile/editProduct.php(95): CodeIgniter\Debug\Exceptions->errorHandler()
 2 SYSTEMPATH/View/View.php(213): include('APPPATH/Views/profile/editProduct.php')
 3 SYSTEMPATH/View/View.php(216): CodeIgniter\View\View->CodeIgniter\View\{closure}()
 4 SYSTEMPATH/Common.php(1134): CodeIgniter\View\View->render()
 5 APPPATH/Controllers/ProductController.php(130): view()
 6 SYSTEMPATH/CodeIgniter.php(927): App\Controllers\ProductController->editProductView()
 7 SYSTEMPATH/CodeIgniter.php(482): CodeIgniter\CodeIgniter->runController()
 8 SYSTEMPATH/CodeIgniter.php(351): CodeIgniter\CodeIgniter->handleRequest()
 9 FCPATH/index.php(67): CodeIgniter\CodeIgniter->run()
CRITICAL - 2023-01-27 10:20:40 --> foreach() argument must be of type array|object, null given
in APPPATH/Views/profile/editProduct.php on line 95.
 1 APPPATH/Views/profile/editProduct.php(95): CodeIgniter\Debug\Exceptions->errorHandler()
 2 SYSTEMPATH/View/View.php(213): include('APPPATH/Views/profile/editProduct.php')
 3 SYSTEMPATH/View/View.php(216): CodeIgniter\View\View->CodeIgniter\View\{closure}()
 4 SYSTEMPATH/Common.php(1134): CodeIgniter\View\View->render()
 5 APPPATH/Controllers/ProductController.php(130): view()
 6 SYSTEMPATH/CodeIgniter.php(927): App\Controllers\ProductController->editProductView()
 7 SYSTEMPATH/CodeIgniter.php(482): CodeIgniter\CodeIgniter->runController()
 8 SYSTEMPATH/CodeIgniter.php(351): CodeIgniter\CodeIgniter->handleRequest()
 9 FCPATH/index.php(67): CodeIgniter\CodeIgniter->run()
CRITICAL - 2023-01-27 13:24:04 --> Undefined array key 0
in APPPATH/Views/profile/privateprofile.php on line 57.
 1 APPPATH/Views/profile/privateprofile.php(57): CodeIgniter\Debug\Exceptions->errorHandler()
 2 SYSTEMPATH/View/View.php(213): include('APPPATH/Views/profile/privateprofile.php')
 3 SYSTEMPATH/View/View.php(216): CodeIgniter\View\View->CodeIgniter\View\{closure}()
 4 SYSTEMPATH/Common.php(1134): CodeIgniter\View\View->render()
 5 APPPATH/Controllers/ProfileController.php(15): view()
 6 SYSTEMPATH/CodeIgniter.php(927): App\Controllers\ProfileController->viewProfile()
 7 SYSTEMPATH/CodeIgniter.php(482): CodeIgniter\CodeIgniter->runController()
 8 SYSTEMPATH/CodeIgniter.php(351): CodeIgniter\CodeIgniter->handleRequest()
 9 FCPATH/index.php(67): CodeIgniter\CodeIgniter->run()
CRITICAL - 2023-01-27 17:27:03 --> Undefined property: App\Controllers\ProductController::$reqeust
in APPPATH/Controllers/ProductController.php on line 155.
 1 APPPATH/Controllers/ProductController.php(155): CodeIgniter\Debug\Exceptions->errorHandler()
 2 SYSTEMPATH/CodeIgniter.php(927): App\Controllers\ProductController->updateProduct()
 3 SYSTEMPATH/CodeIgniter.php(482): CodeIgniter\CodeIgniter->runController()
 4 SYSTEMPATH/CodeIgniter.php(351): CodeIgniter\CodeIgniter->handleRequest()
 5 FCPATH/index.php(67): CodeIgniter\CodeIgniter->run()
CRITICAL - 2023-01-27 17:27:18 --> Undefined property: App\Controllers\ProductController::$reqeust
in APPPATH/Controllers/ProductController.php on line 155.
 1 APPPATH/Controllers/ProductController.php(155): CodeIgniter\Debug\Exceptions->errorHandler()
 2 SYSTEMPATH/CodeIgniter.php(927): App\Controllers\ProductController->updateProduct()
 3 SYSTEMPATH/CodeIgniter.php(482): CodeIgniter\CodeIgniter->runController()
 4 SYSTEMPATH/CodeIgniter.php(351): CodeIgniter\CodeIgniter->handleRequest()
 5 FCPATH/index.php(67): CodeIgniter\CodeIgniter->run()
CRITICAL - 2023-01-27 17:40:25 --> Undefined variable $imageModel
in APPPATH/Controllers/ProductController.php on line 285.
 1 APPPATH/Controllers/ProductController.php(285): CodeIgniter\Debug\Exceptions->errorHandler()
 2 APPPATH/Controllers/ProductController.php(159): App\Controllers\ProductController->verifyMinUpdateImages()
 3 SYSTEMPATH/CodeIgniter.php(927): App\Controllers\ProductController->updateProduct()
 4 SYSTEMPATH/CodeIgniter.php(482): CodeIgniter\CodeIgniter->runController()
 5 SYSTEMPATH/CodeIgniter.php(351): CodeIgniter\CodeIgniter->handleRequest()
 6 FCPATH/index.php(67): CodeIgniter\CodeIgniter->run()
CRITICAL - 2023-01-27 17:40:38 --> Undefined variable $imageModel
in APPPATH/Controllers/ProductController.php on line 285.
 1 APPPATH/Controllers/ProductController.php(285): CodeIgniter\Debug\Exceptions->errorHandler()
 2 APPPATH/Controllers/ProductController.php(159): App\Controllers\ProductController->verifyMinUpdateImages()
 3 SYSTEMPATH/CodeIgniter.php(927): App\Controllers\ProductController->updateProduct()
 4 SYSTEMPATH/CodeIgniter.php(482): CodeIgniter\CodeIgniter->runController()
 5 SYSTEMPATH/CodeIgniter.php(351): CodeIgniter\CodeIgniter->handleRequest()
 6 FCPATH/index.php(67): CodeIgniter\CodeIgniter->run()
CRITICAL - 2023-01-27 17:41:21 --> Undefined variable $imageModel
in APPPATH/Controllers/ProductController.php on line 285.
 1 APPPATH/Controllers/ProductController.php(285): CodeIgniter\Debug\Exceptions->errorHandler()
 2 APPPATH/Controllers/ProductController.php(159): App\Controllers\ProductController->verifyMinUpdateImages()
 3 SYSTEMPATH/CodeIgniter.php(927): App\Controllers\ProductController->updateProduct()
 4 SYSTEMPATH/CodeIgniter.php(482): CodeIgniter\CodeIgniter->runController()
 5 SYSTEMPATH/CodeIgniter.php(351): CodeIgniter\CodeIgniter->handleRequest()
 6 FCPATH/index.php(67): CodeIgniter\CodeIgniter->run()
