ERROR - 2022-12-29 05:17:18 --> Error connecting to the database: mysqli_sql_exception: No such file or directory in /app/system/Database/MySQLi/Connection.php:171
Stack trace:
#0 /app/system/Database/MySQLi/Connection.php(171): mysqli->real_connect()
#1 /app/system/Database/BaseConnection.php(382): CodeIgniter\Database\MySQLi\Connection->connect()
#2 /app/system/Database/BaseConnection.php(561): CodeIgniter\Database\BaseConnection->initialize()
#3 /app/system/Database/BaseBuilder.php(1585): CodeIgniter\Database\BaseConnection->query()
#4 /app/app/Models/UsersModel.php(28): CodeIgniter\Database\BaseBuilder->get()
#5 /app/app/Controllers/LoginController.php(19): App\Models\UsersModel->isValidUser()
#6 /app/system/CodeIgniter.php(927): App\Controllers\LoginController->validateLogin()
#7 /app/system/CodeIgniter.php(482): CodeIgniter\CodeIgniter->runController()
#8 /app/system/CodeIgniter.php(351): CodeIgniter\CodeIgniter->handleRequest()
#9 /app/public/index.php(67): CodeIgniter\CodeIgniter->run()
#10 {main}

Next CodeIgniter\Database\Exceptions\DatabaseException: No such file or directory in /app/system/Database/MySQLi/Connection.php:215
Stack trace:
#0 /app/system/Database/BaseConnection.php(382): CodeIgniter\Database\MySQLi\Connection->connect()
#1 /app/system/Database/BaseConnection.php(561): CodeIgniter\Database\BaseConnection->initialize()
#2 /app/system/Database/BaseBuilder.php(1585): CodeIgniter\Database\BaseConnection->query()
#3 /app/app/Models/UsersModel.php(28): CodeIgniter\Database\BaseBuilder->get()
#4 /app/app/Controllers/LoginController.php(19): App\Models\UsersModel->isValidUser()
#5 /app/system/CodeIgniter.php(927): App\Controllers\LoginController->validateLogin()
#6 /app/system/CodeIgniter.php(482): CodeIgniter\CodeIgniter->runController()
#7 /app/system/CodeIgniter.php(351): CodeIgniter\CodeIgniter->handleRequest()
#8 /app/public/index.php(67): CodeIgniter\CodeIgniter->run()
#9 {main}
CRITICAL - 2022-12-29 05:17:18 --> Unable to connect to the database.
Main connection [MySQLi]: No such file or directory
in SYSTEMPATH/Database/BaseConnection.php on line 418.
 1 SYSTEMPATH/Database/BaseConnection.php(561): CodeIgniter\Database\BaseConnection->initialize()
 2 SYSTEMPATH/Database/BaseBuilder.php(1585): CodeIgniter\Database\BaseConnection->query()
 3 APPPATH/Models/UsersModel.php(28): CodeIgniter\Database\BaseBuilder->get()
 4 APPPATH/Controllers/LoginController.php(19): App\Models\UsersModel->isValidUser()
 5 SYSTEMPATH/CodeIgniter.php(927): App\Controllers\LoginController->validateLogin()
 6 SYSTEMPATH/CodeIgniter.php(482): CodeIgniter\CodeIgniter->runController()
 7 SYSTEMPATH/CodeIgniter.php(351): CodeIgniter\CodeIgniter->handleRequest()
 8 FCPATH/index.php(67): CodeIgniter\CodeIgniter->run()
