CRITICAL - 2023-01-26 12:59:59 --> Undefined variable $product
in APPPATH/Controllers/ShoppingcartController.php on line 67.
 1 APPPATH/Controllers/ShoppingcartController.php(67): CodeIgniter\Debug\Exceptions->errorHandler()
 2 SYSTEMPATH/CodeIgniter.php(927): App\Controllers\ShoppingcartController->removeOrder()
 3 SYSTEMPATH/CodeIgniter.php(482): CodeIgniter\CodeIgniter->runController()
 4 SYSTEMPATH/CodeIgniter.php(351): CodeIgniter\CodeIgniter->handleRequest()
 5 FCPATH/index.php(67): CodeIgniter\CodeIgniter->run()
CRITICAL - 2023-01-26 13:00:12 --> Undefined variable $product
in APPPATH/Controllers/ShoppingcartController.php on line 67.
 1 APPPATH/Controllers/ShoppingcartController.php(67): CodeIgniter\Debug\Exceptions->errorHandler()
 2 SYSTEMPATH/CodeIgniter.php(927): App\Controllers\ShoppingcartController->removeOrder()
 3 SYSTEMPATH/CodeIgniter.php(482): CodeIgniter\CodeIgniter->runController()
 4 SYSTEMPATH/CodeIgniter.php(351): CodeIgniter\CodeIgniter->handleRequest()
 5 FCPATH/index.php(67): CodeIgniter\CodeIgniter->run()
CRITICAL - 2023-01-26 13:03:44 --> Undefined variable $productId
in APPPATH/Controllers/ShoppingcartController.php on line 69.
 1 APPPATH/Controllers/ShoppingcartController.php(69): CodeIgniter\Debug\Exceptions->errorHandler()
 2 SYSTEMPATH/CodeIgniter.php(927): App\Controllers\ShoppingcartController->removeOrder()
 3 SYSTEMPATH/CodeIgniter.php(482): CodeIgniter\CodeIgniter->runController()
 4 SYSTEMPATH/CodeIgniter.php(351): CodeIgniter\CodeIgniter->handleRequest()
 5 FCPATH/index.php(67): CodeIgniter\CodeIgniter->run()
CRITICAL - 2023-01-26 13:05:04 --> Undefined variable $productId
in APPPATH/Controllers/ShoppingcartController.php on line 75.
 1 APPPATH/Controllers/ShoppingcartController.php(75): CodeIgniter\Debug\Exceptions->errorHandler()
 2 SYSTEMPATH/CodeIgniter.php(927): App\Controllers\ShoppingcartController->removeOrder()
 3 SYSTEMPATH/CodeIgniter.php(482): CodeIgniter\CodeIgniter->runController()
 4 SYSTEMPATH/CodeIgniter.php(351): CodeIgniter\CodeIgniter->handleRequest()
 5 FCPATH/index.php(67): CodeIgniter\CodeIgniter->run()
CRITICAL - 2023-01-26 13:23:59 --> Call to undefined function App\Controllers\saveProductData()
in APPPATH/Controllers/ProductController.php on line 278.
 1 SYSTEMPATH/CodeIgniter.php(927): App\Controllers\ProductController->store()
 2 SYSTEMPATH/CodeIgniter.php(482): CodeIgniter\CodeIgniter->runController()
 3 SYSTEMPATH/CodeIgniter.php(351): CodeIgniter\CodeIgniter->handleRequest()
 4 FCPATH/index.php(67): CodeIgniter\CodeIgniter->run()
CRITICAL - 2023-01-26 13:24:23 --> Call to undefined function App\Controllers\saveProductImages()
in APPPATH/Controllers/ProductController.php on line 280.
 1 SYSTEMPATH/CodeIgniter.php(927): App\Controllers\ProductController->store()
 2 SYSTEMPATH/CodeIgniter.php(482): CodeIgniter\CodeIgniter->runController()
 3 SYSTEMPATH/CodeIgniter.php(351): CodeIgniter\CodeIgniter->handleRequest()
 4 FCPATH/index.php(67): CodeIgniter\CodeIgniter->run()
CRITICAL - 2023-01-26 13:24:55 --> Undefined variable $primaryKey
in APPPATH/Controllers/ProductController.php on line 321.
 1 APPPATH/Controllers/ProductController.php(321): CodeIgniter\Debug\Exceptions->errorHandler()
 2 APPPATH/Controllers/ProductController.php(280): App\Controllers\ProductController->saveProductImages()
 3 SYSTEMPATH/CodeIgniter.php(927): App\Controllers\ProductController->store()
 4 SYSTEMPATH/CodeIgniter.php(482): CodeIgniter\CodeIgniter->runController()
 5 SYSTEMPATH/CodeIgniter.php(351): CodeIgniter\CodeIgniter->handleRequest()
 6 FCPATH/index.php(67): CodeIgniter\CodeIgniter->run()
CRITICAL - 2023-01-26 16:44:28 --> Access level to App\Controllers\ProfileController::validate() must be protected (as in class CodeIgniter\Controller) or weaker
in APPPATH/Controllers/ProfileController.php on line 67.
 1 [internal function]: CodeIgniter\Debug\Exceptions->shutdownHandler()
CRITICAL - 2023-01-26 16:45:39 --> Access level to App\Controllers\ProfileController::validate() must be protected (as in class CodeIgniter\Controller) or weaker
in APPPATH/Controllers/ProfileController.php on line 67.
 1 [internal function]: CodeIgniter\Debug\Exceptions->shutdownHandler()
CRITICAL - 2023-01-26 16:45:57 --> Declaration of App\Controllers\ProfileController::validate($validator) must be compatible with CodeIgniter\Controller::validate($rules, array $messages = []): bool
in APPPATH/Controllers/ProfileController.php on line 67.
 1 [internal function]: CodeIgniter\Debug\Exceptions->shutdownHandler()
CRITICAL - 2023-01-26 16:48:12 --> Declaration of App\Controllers\ProfileController::validate($validator) must be compatible with CodeIgniter\Controller::validate($rules, array $messages = []): bool
in APPPATH/Controllers/ProfileController.php on line 67.
 1 [internal function]: CodeIgniter\Debug\Exceptions->shutdownHandler()
CRITICAL - 2023-01-26 16:52:10 --> syntax error, unexpected variable "$problems"
in APPPATH/Controllers/ShoppingcartController.php on line 212.
 1 SYSTEMPATH/Autoloader/Autoloader.php(259): CodeIgniter\Autoloader\Autoloader->includeFile()
 2 SYSTEMPATH/Autoloader/Autoloader.php(237): CodeIgniter\Autoloader\Autoloader->loadInNamespace()
 3 [internal function]: CodeIgniter\Autoloader\Autoloader->loadClass()
 4 SYSTEMPATH/CodeIgniter.php(877): class_exists()
 5 SYSTEMPATH/CodeIgniter.php(469): CodeIgniter\CodeIgniter->startController()
 6 SYSTEMPATH/CodeIgniter.php(351): CodeIgniter\CodeIgniter->handleRequest()
 7 FCPATH/index.php(67): CodeIgniter\CodeIgniter->run()
CRITICAL - 2023-01-26 16:52:18 --> syntax error, unexpected variable "$problems"
in APPPATH/Controllers/ShoppingcartController.php on line 212.
 1 SYSTEMPATH/Autoloader/Autoloader.php(259): CodeIgniter\Autoloader\Autoloader->includeFile()
 2 SYSTEMPATH/Autoloader/Autoloader.php(237): CodeIgniter\Autoloader\Autoloader->loadInNamespace()
 3 [internal function]: CodeIgniter\Autoloader\Autoloader->loadClass()
 4 SYSTEMPATH/CodeIgniter.php(877): class_exists()
 5 SYSTEMPATH/CodeIgniter.php(469): CodeIgniter\CodeIgniter->startController()
 6 SYSTEMPATH/CodeIgniter.php(351): CodeIgniter\CodeIgniter->handleRequest()
 7 FCPATH/index.php(67): CodeIgniter\CodeIgniter->run()
