CRITICAL - 2022-12-03 03:59:35 --> syntax error, unexpected token "public", expecting end of file
in APPPATH/Config/Routes.php on line 42.
 1 SYSTEMPATH/CodeIgniter.php(430): CodeIgniter\CodeIgniter->tryToRouteIt()
 2 SYSTEMPATH/CodeIgniter.php(351): CodeIgniter\CodeIgniter->handleRequest()
 3 FCPATH/index.php(67): CodeIgniter\CodeIgniter->run()
CRITICAL - 2022-12-03 03:59:37 --> syntax error, unexpected token "public", expecting end of file
in APPPATH/Config/Routes.php on line 42.
 1 SYSTEMPATH/CodeIgniter.php(430): CodeIgniter\CodeIgniter->tryToRouteIt()
 2 SYSTEMPATH/CodeIgniter.php(351): CodeIgniter\CodeIgniter->handleRequest()
 3 FCPATH/index.php(67): CodeIgniter\CodeIgniter->run()
CRITICAL - 2022-12-03 03:59:47 --> include(inc/container.php): Failed to open stream: No such file or directory
in APPPATH/Views/Review_base/index.php on line 4.
 1 APPPATH/Views/Review_base/index.php(4): CodeIgniter\Debug\Exceptions->errorHandler()
 2 APPPATH/Views/Review_base/index.php(4): include()
 3 SYSTEMPATH/View/View.php(213): include('APPPATH/Views/Review_base/index.php')
 4 SYSTEMPATH/View/View.php(216): CodeIgniter\View\View->CodeIgniter\View\{closure}()
 5 SYSTEMPATH/Common.php(1134): CodeIgniter\View\View->render()
 6 APPPATH/Controllers/TestController.php(14): view()
 7 SYSTEMPATH/CodeIgniter.php(927): App\Controllers\TestController->index()
 8 SYSTEMPATH/CodeIgniter.php(482): CodeIgniter\CodeIgniter->runController()
 9 SYSTEMPATH/CodeIgniter.php(351): CodeIgniter\CodeIgniter->handleRequest()
10 FCPATH/index.php(67): CodeIgniter\CodeIgniter->run()
CRITICAL - 2022-12-03 04:00:25 --> include(inc/menu.php): Failed to open stream: No such file or directory
in APPPATH/Views/Review_base/index.php on line 5.
 1 APPPATH/Views/Review_base/index.php(5): CodeIgniter\Debug\Exceptions->errorHandler()
 2 APPPATH/Views/Review_base/index.php(5): include()
 3 SYSTEMPATH/View/View.php(213): include('APPPATH/Views/Review_base/index.php')
 4 SYSTEMPATH/View/View.php(216): CodeIgniter\View\View->CodeIgniter\View\{closure}()
 5 SYSTEMPATH/Common.php(1134): CodeIgniter\View\View->render()
 6 APPPATH/Controllers/TestController.php(14): view()
 7 SYSTEMPATH/CodeIgniter.php(927): App\Controllers\TestController->index()
 8 SYSTEMPATH/CodeIgniter.php(482): CodeIgniter\CodeIgniter->runController()
 9 SYSTEMPATH/CodeIgniter.php(351): CodeIgniter\CodeIgniter->handleRequest()
10 FCPATH/index.php(67): CodeIgniter\CodeIgniter->run()
CRITICAL - 2022-12-03 04:00:38 --> Class "Rating" not found
in APPPATH/Views/Review_base/index.php on line 5.
 1 SYSTEMPATH/View/View.php(213): include()
 2 SYSTEMPATH/View/View.php(216): CodeIgniter\View\View->CodeIgniter\View\{closure}()
 3 SYSTEMPATH/Common.php(1134): CodeIgniter\View\View->render()
 4 APPPATH/Controllers/TestController.php(14): view()
 5 SYSTEMPATH/CodeIgniter.php(927): App\Controllers\TestController->index()
 6 SYSTEMPATH/CodeIgniter.php(482): CodeIgniter\CodeIgniter->runController()
 7 SYSTEMPATH/CodeIgniter.php(351): CodeIgniter\CodeIgniter->handleRequest()
 8 FCPATH/index.php(67): CodeIgniter\CodeIgniter->run()
CRITICAL - 2022-12-03 04:01:15 --> Invalid file: Review_base/shoppingcart.php
in SYSTEMPATH/Exceptions/FrameworkException.php on line 33.
 1 SYSTEMPATH/View/View.php(201): CodeIgniter\Exceptions\FrameworkException::forInvalidFile()
 2 SYSTEMPATH/Common.php(1134): CodeIgniter\View\View->render()
 3 APPPATH/Controllers/TestController.php(10): view()
 4 SYSTEMPATH/CodeIgniter.php(927): App\Controllers\TestController->action()
 5 SYSTEMPATH/CodeIgniter.php(482): CodeIgniter\CodeIgniter->runController()
 6 SYSTEMPATH/CodeIgniter.php(351): CodeIgniter\CodeIgniter->handleRequest()
 7 FCPATH/index.php(67): CodeIgniter\CodeIgniter->run()
CRITICAL - 2022-12-03 04:01:32 --> include(class/Rating.php): Failed to open stream: No such file or directory
in APPPATH/Views/Review_base/action.php on line 3.
 1 APPPATH/Views/Review_base/action.php(3): CodeIgniter\Debug\Exceptions->errorHandler()
 2 APPPATH/Views/Review_base/action.php(3): include()
 3 SYSTEMPATH/View/View.php(213): include('APPPATH/Views/Review_base/action.php')
 4 SYSTEMPATH/View/View.php(216): CodeIgniter\View\View->CodeIgniter\View\{closure}()
 5 SYSTEMPATH/Common.php(1134): CodeIgniter\View\View->render()
 6 APPPATH/Controllers/TestController.php(10): view()
 7 SYSTEMPATH/CodeIgniter.php(927): App\Controllers\TestController->action()
 8 SYSTEMPATH/CodeIgniter.php(482): CodeIgniter\CodeIgniter->runController()
 9 SYSTEMPATH/CodeIgniter.php(351): CodeIgniter\CodeIgniter->handleRequest()
10 FCPATH/index.php(67): CodeIgniter\CodeIgniter->run()
CRITICAL - 2022-12-03 06:25:56 --> syntax error, unexpected variable "$model", expecting "function" or "const"
in APPPATH/Controllers/ProductController.php on line 11.
 1 SYSTEMPATH/Autoloader/Autoloader.php(259): CodeIgniter\Autoloader\Autoloader->includeFile()
 2 SYSTEMPATH/Autoloader/Autoloader.php(237): CodeIgniter\Autoloader\Autoloader->loadInNamespace()
 3 [internal function]: CodeIgniter\Autoloader\Autoloader->loadClass()
 4 SYSTEMPATH/CodeIgniter.php(877): class_exists()
 5 SYSTEMPATH/CodeIgniter.php(469): CodeIgniter\CodeIgniter->startController()
 6 SYSTEMPATH/CodeIgniter.php(351): CodeIgniter\CodeIgniter->handleRequest()
 7 FCPATH/index.php(67): CodeIgniter\CodeIgniter->run()
CRITICAL - 2022-12-03 06:27:50 --> syntax error, unexpected token "}", expecting ";"
in APPPATH/Controllers/ProductController.php on line 20.
 1 SYSTEMPATH/Autoloader/Autoloader.php(259): CodeIgniter\Autoloader\Autoloader->includeFile()
 2 SYSTEMPATH/Autoloader/Autoloader.php(237): CodeIgniter\Autoloader\Autoloader->loadInNamespace()
 3 [internal function]: CodeIgniter\Autoloader\Autoloader->loadClass()
 4 SYSTEMPATH/CodeIgniter.php(877): class_exists()
 5 SYSTEMPATH/CodeIgniter.php(469): CodeIgniter\CodeIgniter->startController()
 6 SYSTEMPATH/CodeIgniter.php(351): CodeIgniter\CodeIgniter->handleRequest()
 7 FCPATH/index.php(67): CodeIgniter\CodeIgniter->run()
CRITICAL - 2022-12-03 06:28:16 --> Call to a member function insert() on null
in APPPATH/Controllers/ProductController.php on line 18.
 1 SYSTEMPATH/CodeIgniter.php(927): App\Controllers\ProductController->storeReview()
 2 SYSTEMPATH/CodeIgniter.php(482): CodeIgniter\CodeIgniter->runController()
 3 SYSTEMPATH/CodeIgniter.php(351): CodeIgniter\CodeIgniter->handleRequest()
 4 FCPATH/index.php(67): CodeIgniter\CodeIgniter->run()
CRITICAL - 2022-12-03 07:26:53 --> syntax error, unexpected single-quoted string "ReviewerId", expecting "]"
in APPPATH/Models/ReviewModel.php on line 13.
 1 SYSTEMPATH/Autoloader/Autoloader.php(259): CodeIgniter\Autoloader\Autoloader->includeFile()
 2 SYSTEMPATH/Autoloader/Autoloader.php(237): CodeIgniter\Autoloader\Autoloader->loadInNamespace()
 3 [internal function]: CodeIgniter\Autoloader\Autoloader->loadClass()
 4 SYSTEMPATH/Config/Factories.php(155): class_exists()
 5 SYSTEMPATH/Config/Factories.php(125): CodeIgniter\Config\Factories::locateClass()
 6 SYSTEMPATH/Config/Factories.php(86): CodeIgniter\Config\Factories::__callStatic()
 7 SYSTEMPATH/Common.php(809): CodeIgniter\Config\Factories::models()
 8 APPPATH/Controllers/ProductController.php(11): model()
 9 SYSTEMPATH/CodeIgniter.php(927): App\Controllers\ProductController->storeReview()
10 SYSTEMPATH/CodeIgniter.php(482): CodeIgniter\CodeIgniter->runController()
11 SYSTEMPATH/CodeIgniter.php(351): CodeIgniter\CodeIgniter->handleRequest()
12 FCPATH/index.php(67): CodeIgniter\CodeIgniter->run()
CRITICAL - 2022-12-03 07:35:12 --> Call to undefined method App\Models\ProductModel::getReviews
in SYSTEMPATH/Model.php on line 774.
 1 APPPATH/Controllers/ProductController.php(44): CodeIgniter\Model->__call()
 2 SYSTEMPATH/CodeIgniter.php(927): App\Controllers\ProductController->product()
 3 SYSTEMPATH/CodeIgniter.php(482): CodeIgniter\CodeIgniter->runController()
 4 SYSTEMPATH/CodeIgniter.php(351): CodeIgniter\CodeIgniter->handleRequest()
 5 FCPATH/index.php(67): CodeIgniter\CodeIgniter->run()
CRITICAL - 2022-12-03 07:43:13 --> syntax error, unexpected token "++", expecting ")"
in APPPATH/Views/product/product.php on line 108.
 1 SYSTEMPATH/View/View.php(216): CodeIgniter\View\View->CodeIgniter\View\{closure}()
 2 SYSTEMPATH/Common.php(1134): CodeIgniter\View\View->render()
 3 APPPATH/Controllers/ProductController.php(47): view()
 4 SYSTEMPATH/CodeIgniter.php(927): App\Controllers\ProductController->product()
 5 SYSTEMPATH/CodeIgniter.php(482): CodeIgniter\CodeIgniter->runController()
 6 SYSTEMPATH/CodeIgniter.php(351): CodeIgniter\CodeIgniter->handleRequest()
 7 FCPATH/index.php(67): CodeIgniter\CodeIgniter->run()
CRITICAL - 2022-12-03 07:43:30 --> syntax error, unexpected token "endfor"
in APPPATH/Views/product/product.php on line 112.
 1 SYSTEMPATH/View/View.php(216): CodeIgniter\View\View->CodeIgniter\View\{closure}()
 2 SYSTEMPATH/Common.php(1134): CodeIgniter\View\View->render()
 3 APPPATH/Controllers/ProductController.php(47): view()
 4 SYSTEMPATH/CodeIgniter.php(927): App\Controllers\ProductController->product()
 5 SYSTEMPATH/CodeIgniter.php(482): CodeIgniter\CodeIgniter->runController()
 6 SYSTEMPATH/CodeIgniter.php(351): CodeIgniter\CodeIgniter->handleRequest()
 7 FCPATH/index.php(67): CodeIgniter\CodeIgniter->run()
CRITICAL - 2022-12-03 07:47:22 --> Undefined variable $Review
in APPPATH/Views/product/product.php on line 125.
 1 APPPATH/Views/product/product.php(125): CodeIgniter\Debug\Exceptions->errorHandler()
 2 SYSTEMPATH/View/View.php(213): include('APPPATH/Views/product/product.php')
 3 SYSTEMPATH/View/View.php(216): CodeIgniter\View\View->CodeIgniter\View\{closure}()
 4 SYSTEMPATH/Common.php(1134): CodeIgniter\View\View->render()
 5 APPPATH/Controllers/ProductController.php(47): view()
 6 SYSTEMPATH/CodeIgniter.php(927): App\Controllers\ProductController->product()
 7 SYSTEMPATH/CodeIgniter.php(482): CodeIgniter\CodeIgniter->runController()
 8 SYSTEMPATH/CodeIgniter.php(351): CodeIgniter\CodeIgniter->handleRequest()
 9 FCPATH/index.php(67): CodeIgniter\CodeIgniter->run()
CRITICAL - 2022-12-03 07:48:58 --> Undefined property: stdClass::$Date
in APPPATH/Views/product/product.php on line 125.
 1 APPPATH/Views/product/product.php(125): CodeIgniter\Debug\Exceptions->errorHandler()
 2 SYSTEMPATH/View/View.php(213): include('APPPATH/Views/product/product.php')
 3 SYSTEMPATH/View/View.php(216): CodeIgniter\View\View->CodeIgniter\View\{closure}()
 4 SYSTEMPATH/Common.php(1134): CodeIgniter\View\View->render()
 5 APPPATH/Controllers/ProductController.php(47): view()
 6 SYSTEMPATH/CodeIgniter.php(927): App\Controllers\ProductController->product()
 7 SYSTEMPATH/CodeIgniter.php(482): CodeIgniter\CodeIgniter->runController()
 8 SYSTEMPATH/CodeIgniter.php(351): CodeIgniter\CodeIgniter->handleRequest()
 9 FCPATH/index.php(67): CodeIgniter\CodeIgniter->run()
ERROR - 2022-12-03 07:49:37 --> mysqli_sql_exception: You have an error in your SQL syntax; check the manual that corresponds to your MySQL server version for the right syntax to use near ') as DATE, Rating, Fname, Lname FROM Users, Review where Review.ReviewerId = Use' at line 1 in /app/system/Database/MySQLi/Connection.php:292
Stack trace:
#0 /app/system/Database/MySQLi/Connection.php(292): mysqli->query()
#1 /app/system/Database/BaseConnection.php(666): CodeIgniter\Database\MySQLi\Connection->execute()
#2 /app/system/Database/BaseConnection.php(593): CodeIgniter\Database\BaseConnection->simpleQuery()
#3 /app/app/Models/ReviewModel.php(21): CodeIgniter\Database\BaseConnection->query()
#4 /app/app/Controllers/ProductController.php(44): App\Models\ReviewModel->getReviews()
#5 /app/system/CodeIgniter.php(927): App\Controllers\ProductController->product()
#6 /app/system/CodeIgniter.php(482): CodeIgniter\CodeIgniter->runController()
#7 /app/system/CodeIgniter.php(351): CodeIgniter\CodeIgniter->handleRequest()
#8 /app/public/index.php(67): CodeIgniter\CodeIgniter->run()
#9 {main}
CRITICAL - 2022-12-03 07:49:37 --> You have an error in your SQL syntax; check the manual that corresponds to your MySQL server version for the right syntax to use near ') as DATE, Rating, Fname, Lname FROM Users, Review where Review.ReviewerId = Use' at line 1
in SYSTEMPATH/Database/MySQLi/Connection.php on line 292.
 1 SYSTEMPATH/Database/MySQLi/Connection.php(292): mysqli->query()
 2 SYSTEMPATH/Database/BaseConnection.php(666): CodeIgniter\Database\MySQLi\Connection->execute()
 3 SYSTEMPATH/Database/BaseConnection.php(593): CodeIgniter\Database\BaseConnection->simpleQuery()
 4 APPPATH/Models/ReviewModel.php(21): CodeIgniter\Database\BaseConnection->query()
 5 APPPATH/Controllers/ProductController.php(44): App\Models\ReviewModel->getReviews()
 6 SYSTEMPATH/CodeIgniter.php(927): App\Controllers\ProductController->product()
 7 SYSTEMPATH/CodeIgniter.php(482): CodeIgniter\CodeIgniter->runController()
 8 SYSTEMPATH/CodeIgniter.php(351): CodeIgniter\CodeIgniter->handleRequest()
 9 FCPATH/index.php(67): CodeIgniter\CodeIgniter->run()
CRITICAL - 2022-12-03 09:12:35 --> syntax error, unexpected double-quoted string " ", expecting "," or ";"
in APPPATH/Views/profile/profile.php on line 32.
 1 SYSTEMPATH/View/View.php(216): CodeIgniter\View\View->CodeIgniter\View\{closure}()
 2 SYSTEMPATH/Common.php(1134): CodeIgniter\View\View->render()
 3 APPPATH/Controllers/ProfileController.php(13): view()
 4 SYSTEMPATH/CodeIgniter.php(927): App\Controllers\ProfileController->viewProfile()
 5 SYSTEMPATH/CodeIgniter.php(482): CodeIgniter\CodeIgniter->runController()
 6 SYSTEMPATH/CodeIgniter.php(351): CodeIgniter\CodeIgniter->handleRequest()
 7 FCPATH/index.php(67): CodeIgniter\CodeIgniter->run()
CRITICAL - 2022-12-03 09:57:46 --> Cannot use object of type stdClass as array
in APPPATH/Views/profile/profile.php on line 15.
 1 SYSTEMPATH/View/View.php(213): include()
 2 SYSTEMPATH/View/View.php(216): CodeIgniter\View\View->CodeIgniter\View\{closure}()
 3 SYSTEMPATH/Common.php(1134): CodeIgniter\View\View->render()
 4 APPPATH/Controllers/ProfileController.php(13): view()
 5 SYSTEMPATH/CodeIgniter.php(927): App\Controllers\ProfileController->viewProfile()
 6 SYSTEMPATH/CodeIgniter.php(482): CodeIgniter\CodeIgniter->runController()
 7 SYSTEMPATH/CodeIgniter.php(351): CodeIgniter\CodeIgniter->handleRequest()
 8 FCPATH/index.php(67): CodeIgniter\CodeIgniter->run()
CRITICAL - 2022-12-03 14:10:15 --> Attempt to read property "Fname" on array
in APPPATH/Views/profile/profile.php on line 31.
 1 APPPATH/Views/profile/profile.php(31): CodeIgniter\Debug\Exceptions->errorHandler()
 2 SYSTEMPATH/View/View.php(213): include('APPPATH/Views/profile/profile.php')
 3 SYSTEMPATH/View/View.php(216): CodeIgniter\View\View->CodeIgniter\View\{closure}()
 4 SYSTEMPATH/Common.php(1134): CodeIgniter\View\View->render()
 5 APPPATH/Controllers/ProfileController.php(13): view()
 6 SYSTEMPATH/CodeIgniter.php(927): App\Controllers\ProfileController->viewProfile()
 7 SYSTEMPATH/CodeIgniter.php(482): CodeIgniter\CodeIgniter->runController()
 8 SYSTEMPATH/CodeIgniter.php(351): CodeIgniter\CodeIgniter->handleRequest()
 9 FCPATH/index.php(67): CodeIgniter\CodeIgniter->run()
CRITICAL - 2022-12-03 14:10:48 --> Attempt to read property "Fname" on array
in APPPATH/Views/profile/profile.php on line 31.
 1 APPPATH/Views/profile/profile.php(31): CodeIgniter\Debug\Exceptions->errorHandler()
 2 SYSTEMPATH/View/View.php(213): include('APPPATH/Views/profile/profile.php')
 3 SYSTEMPATH/View/View.php(216): CodeIgniter\View\View->CodeIgniter\View\{closure}()
 4 SYSTEMPATH/Common.php(1134): CodeIgniter\View\View->render()
 5 APPPATH/Controllers/ProfileController.php(13): view()
 6 SYSTEMPATH/CodeIgniter.php(927): App\Controllers\ProfileController->viewProfile()
 7 SYSTEMPATH/CodeIgniter.php(482): CodeIgniter\CodeIgniter->runController()
 8 SYSTEMPATH/CodeIgniter.php(351): CodeIgniter\CodeIgniter->handleRequest()
 9 FCPATH/index.php(67): CodeIgniter\CodeIgniter->run()
