ERROR - 2022-12-19 06:09:56 --> Error connecting to the database: mysqli_sql_exception: No such file or directory in /app/system/Database/MySQLi/Connection.php:171
Stack trace:
#0 /app/system/Database/MySQLi/Connection.php(171): mysqli->real_connect()
#1 /app/system/Database/BaseConnection.php(382): CodeIgniter\Database\MySQLi\Connection->connect()
#2 /app/system/Database/BaseConnection.php(561): CodeIgniter\Database\BaseConnection->initialize()
#3 /app/system/Database/BaseBuilder.php(1585): CodeIgniter\Database\BaseConnection->query()
#4 /app/system/Validation/Rules.php(142): CodeIgniter\Database\BaseBuilder->get()
#5 /app/system/Validation/Validation.php(315): CodeIgniter\Validation\Rules->is_unique()
#6 /app/system/Validation/Validation.php(175): CodeIgniter\Validation\Validation->processRules()
#7 /app/app/Controllers/LoginController.php(33): CodeIgniter\Validation\Validation->run()
#8 /app/system/CodeIgniter.php(927): App\Controllers\LoginController->createProfile()
#9 /app/system/CodeIgniter.php(482): CodeIgniter\CodeIgniter->runController()
#10 /app/system/CodeIgniter.php(351): CodeIgniter\CodeIgniter->handleRequest()
#11 /app/public/index.php(67): CodeIgniter\CodeIgniter->run()
#12 {main}

Next CodeIgniter\Database\Exceptions\DatabaseException: No such file or directory in /app/system/Database/MySQLi/Connection.php:215
Stack trace:
#0 /app/system/Database/BaseConnection.php(382): CodeIgniter\Database\MySQLi\Connection->connect()
#1 /app/system/Database/BaseConnection.php(561): CodeIgniter\Database\BaseConnection->initialize()
#2 /app/system/Database/BaseBuilder.php(1585): CodeIgniter\Database\BaseConnection->query()
#3 /app/system/Validation/Rules.php(142): CodeIgniter\Database\BaseBuilder->get()
#4 /app/system/Validation/Validation.php(315): CodeIgniter\Validation\Rules->is_unique()
#5 /app/system/Validation/Validation.php(175): CodeIgniter\Validation\Validation->processRules()
#6 /app/app/Controllers/LoginController.php(33): CodeIgniter\Validation\Validation->run()
#7 /app/system/CodeIgniter.php(927): App\Controllers\LoginController->createProfile()
#8 /app/system/CodeIgniter.php(482): CodeIgniter\CodeIgniter->runController()
#9 /app/system/CodeIgniter.php(351): CodeIgniter\CodeIgniter->handleRequest()
#10 /app/public/index.php(67): CodeIgniter\CodeIgniter->run()
#11 {main}
CRITICAL - 2022-12-19 06:09:56 --> Unable to connect to the database.
Main connection [MySQLi]: No such file or directory
in SYSTEMPATH/Database/BaseConnection.php on line 418.
 1 SYSTEMPATH/Database/BaseConnection.php(561): CodeIgniter\Database\BaseConnection->initialize()
 2 SYSTEMPATH/Database/BaseBuilder.php(1585): CodeIgniter\Database\BaseConnection->query()
 3 SYSTEMPATH/Validation/Rules.php(142): CodeIgniter\Database\BaseBuilder->get()
 4 SYSTEMPATH/Validation/Validation.php(315): CodeIgniter\Validation\Rules->is_unique()
 5 SYSTEMPATH/Validation/Validation.php(175): CodeIgniter\Validation\Validation->processRules()
 6 APPPATH/Controllers/LoginController.php(33): CodeIgniter\Validation\Validation->run()
 7 SYSTEMPATH/CodeIgniter.php(927): App\Controllers\LoginController->createProfile()
 8 SYSTEMPATH/CodeIgniter.php(482): CodeIgniter\CodeIgniter->runController()
 9 SYSTEMPATH/CodeIgniter.php(351): CodeIgniter\CodeIgniter->handleRequest()
10 FCPATH/index.php(67): CodeIgniter\CodeIgniter->run()
