ERROR - 2022-12-25 05:44:14 --> Error connecting to the database: mysqli_sql_exception: No such file or directory in /app/system/Database/MySQLi/Connection.php:171
Stack trace:
#0 /app/system/Database/MySQLi/Connection.php(171): mysqli->real_connect()
#1 /app/system/Database/BaseConnection.php(382): CodeIgniter\Database\MySQLi\Connection->connect()
#2 /app/system/Database/BaseConnection.php(561): CodeIgniter\Database\BaseConnection->initialize()
#3 /app/app/Models/User_notifications.php(25): CodeIgniter\Database\BaseConnection->query()
#4 /app/app/Controllers/NotificationsController.php(29): App\Models\User_notifications->getProductReviewNotification()
#5 /app/system/CodeIgniter.php(927): App\Controllers\NotificationsController->viewNotifications()
#6 /app/system/CodeIgniter.php(482): CodeIgniter\CodeIgniter->runController()
#7 /app/system/CodeIgniter.php(351): CodeIgniter\CodeIgniter->handleRequest()
#8 /app/public/index.php(67): CodeIgniter\CodeIgniter->run()
#9 {main}

Next CodeIgniter\Database\Exceptions\DatabaseException: No such file or directory in /app/system/Database/MySQLi/Connection.php:215
Stack trace:
#0 /app/system/Database/BaseConnection.php(382): CodeIgniter\Database\MySQLi\Connection->connect()
#1 /app/system/Database/BaseConnection.php(561): CodeIgniter\Database\BaseConnection->initialize()
#2 /app/app/Models/User_notifications.php(25): CodeIgniter\Database\BaseConnection->query()
#3 /app/app/Controllers/NotificationsController.php(29): App\Models\User_notifications->getProductReviewNotification()
#4 /app/system/CodeIgniter.php(927): App\Controllers\NotificationsController->viewNotifications()
#5 /app/system/CodeIgniter.php(482): CodeIgniter\CodeIgniter->runController()
#6 /app/system/CodeIgniter.php(351): CodeIgniter\CodeIgniter->handleRequest()
#7 /app/public/index.php(67): CodeIgniter\CodeIgniter->run()
#8 {main}
CRITICAL - 2022-12-25 05:44:14 --> Unable to connect to the database.
Main connection [MySQLi]: No such file or directory
in SYSTEMPATH/Database/BaseConnection.php on line 418.
 1 SYSTEMPATH/Database/BaseConnection.php(561): CodeIgniter\Database\BaseConnection->initialize()
 2 APPPATH/Models/User_notifications.php(25): CodeIgniter\Database\BaseConnection->query()
 3 APPPATH/Controllers/NotificationsController.php(29): App\Models\User_notifications->getProductReviewNotification()
 4 SYSTEMPATH/CodeIgniter.php(927): App\Controllers\NotificationsController->viewNotifications()
 5 SYSTEMPATH/CodeIgniter.php(482): CodeIgniter\CodeIgniter->runController()
 6 SYSTEMPATH/CodeIgniter.php(351): CodeIgniter\CodeIgniter->handleRequest()
 7 FCPATH/index.php(67): CodeIgniter\CodeIgniter->run()
CRITICAL - 2022-12-25 05:50:38 --> syntax error, unexpected token "}", expecting "," or ";"
in APPPATH/Config/Validation.php on line 272.
 1 SYSTEMPATH/Autoloader/Autoloader.php(259): CodeIgniter\Autoloader\Autoloader->includeFile()
 2 SYSTEMPATH/Autoloader/Autoloader.php(237): CodeIgniter\Autoloader\Autoloader->loadInNamespace()
 3 [internal function]: CodeIgniter\Autoloader\Autoloader->loadClass()
 4 SYSTEMPATH/Config/Factories.php(155): class_exists()
 5 SYSTEMPATH/Config/Factories.php(125): CodeIgniter\Config\Factories::locateClass()
 6 SYSTEMPATH/Common.php(203): CodeIgniter\Config\Factories::__callStatic()
 7 SYSTEMPATH/Config/Services.php(744): config()
 8 SYSTEMPATH/Config/BaseService.php(253): CodeIgniter\Config\Services::validation()
 9 SYSTEMPATH/Config/BaseService.php(194): CodeIgniter\Config\BaseService::__callStatic()
10 SYSTEMPATH/Config/Services.php(741): CodeIgniter\Config\BaseService::getSharedInstance()
11 SYSTEMPATH/Config/BaseService.php(253): CodeIgniter\Config\Services::validation()
12 APPPATH/Controllers/ShoppingcartController.php(85): CodeIgniter\Config\BaseService::__callStatic()
13 SYSTEMPATH/CodeIgniter.php(927): App\Controllers\ShoppingcartController->placeOrder()
14 SYSTEMPATH/CodeIgniter.php(482): CodeIgniter\CodeIgniter->runController()
15 SYSTEMPATH/CodeIgniter.php(351): CodeIgniter\CodeIgniter->handleRequest()
16 FCPATH/index.php(67): CodeIgniter\CodeIgniter->run()
CRITICAL - 2022-12-25 06:00:48 --> Undefined array key "Quantity"
in APPPATH/Controllers/ProductController.php on line 101.
 1 APPPATH/Controllers/ProductController.php(101): CodeIgniter\Debug\Exceptions->errorHandler()
 2 SYSTEMPATH/CodeIgniter.php(927): App\Controllers\ProductController->product()
 3 SYSTEMPATH/CodeIgniter.php(482): CodeIgniter\CodeIgniter->runController()
 4 SYSTEMPATH/CodeIgniter.php(351): CodeIgniter\CodeIgniter->handleRequest()
 5 FCPATH/index.php(67): CodeIgniter\CodeIgniter->run()
CRITICAL - 2022-12-25 06:47:01 --> syntax error, unexpected single-quoted string "in_list", expecting "]"
in APPPATH/Config/Validation.php on line 240.
 1 SYSTEMPATH/Autoloader/Autoloader.php(259): CodeIgniter\Autoloader\Autoloader->includeFile()
 2 SYSTEMPATH/Autoloader/Autoloader.php(237): CodeIgniter\Autoloader\Autoloader->loadInNamespace()
 3 [internal function]: CodeIgniter\Autoloader\Autoloader->loadClass()
 4 SYSTEMPATH/Config/Factories.php(155): class_exists()
 5 SYSTEMPATH/Config/Factories.php(125): CodeIgniter\Config\Factories::locateClass()
 6 SYSTEMPATH/Common.php(203): CodeIgniter\Config\Factories::__callStatic()
 7 SYSTEMPATH/Config/Services.php(744): config()
 8 SYSTEMPATH/Config/BaseService.php(253): CodeIgniter\Config\Services::validation()
 9 SYSTEMPATH/Config/BaseService.php(194): CodeIgniter\Config\BaseService::__callStatic()
10 SYSTEMPATH/Config/Services.php(741): CodeIgniter\Config\BaseService::getSharedInstance()
11 SYSTEMPATH/Config/BaseService.php(253): CodeIgniter\Config\Services::validation()
12 APPPATH/Controllers/ShoppingcartController.php(85): CodeIgniter\Config\BaseService::__callStatic()
13 SYSTEMPATH/CodeIgniter.php(927): App\Controllers\ShoppingcartController->placeOrder()
14 SYSTEMPATH/CodeIgniter.php(482): CodeIgniter\CodeIgniter->runController()
15 SYSTEMPATH/CodeIgniter.php(351): CodeIgniter\CodeIgniter->handleRequest()
16 FCPATH/index.php(67): CodeIgniter\CodeIgniter->run()
CRITICAL - 2022-12-25 06:47:13 --> syntax error, unexpected single-quoted string "in_list", expecting "]"
in APPPATH/Config/Validation.php on line 276.
 1 SYSTEMPATH/Autoloader/Autoloader.php(259): CodeIgniter\Autoloader\Autoloader->includeFile()
 2 SYSTEMPATH/Autoloader/Autoloader.php(237): CodeIgniter\Autoloader\Autoloader->loadInNamespace()
 3 [internal function]: CodeIgniter\Autoloader\Autoloader->loadClass()
 4 SYSTEMPATH/Config/Factories.php(155): class_exists()
 5 SYSTEMPATH/Config/Factories.php(125): CodeIgniter\Config\Factories::locateClass()
 6 SYSTEMPATH/Common.php(203): CodeIgniter\Config\Factories::__callStatic()
 7 SYSTEMPATH/Config/Services.php(744): config()
 8 SYSTEMPATH/Config/BaseService.php(253): CodeIgniter\Config\Services::validation()
 9 SYSTEMPATH/Config/BaseService.php(194): CodeIgniter\Config\BaseService::__callStatic()
10 SYSTEMPATH/Config/Services.php(741): CodeIgniter\Config\BaseService::getSharedInstance()
11 SYSTEMPATH/Config/BaseService.php(253): CodeIgniter\Config\Services::validation()
12 APPPATH/Controllers/ShoppingcartController.php(85): CodeIgniter\Config\BaseService::__callStatic()
13 SYSTEMPATH/CodeIgniter.php(927): App\Controllers\ShoppingcartController->placeOrder()
14 SYSTEMPATH/CodeIgniter.php(482): CodeIgniter\CodeIgniter->runController()
15 SYSTEMPATH/CodeIgniter.php(351): CodeIgniter\CodeIgniter->handleRequest()
16 FCPATH/index.php(67): CodeIgniter\CodeIgniter->run()
CRITICAL - 2022-12-25 06:47:27 --> required|in_list is not a valid rule.
in SYSTEMPATH/Validation/Validation.php on line 323.
 1 SYSTEMPATH/Validation/Validation.php(323): CodeIgniter\Validation\Exceptions\ValidationException::forRuleNotFound()
 2 SYSTEMPATH/Validation/Validation.php(175): CodeIgniter\Validation\Validation->processRules()
 3 APPPATH/Controllers/ShoppingcartController.php(87): CodeIgniter\Validation\Validation->run()
 4 SYSTEMPATH/CodeIgniter.php(927): App\Controllers\ShoppingcartController->placeOrder()
 5 SYSTEMPATH/CodeIgniter.php(482): CodeIgniter\CodeIgniter->runController()
 6 SYSTEMPATH/CodeIgniter.php(351): CodeIgniter\CodeIgniter->handleRequest()
 7 FCPATH/index.php(67): CodeIgniter\CodeIgniter->run()
CRITICAL - 2022-12-25 07:21:00 --> Cannot use isset() on the result of an expression (you can use "null !== expression" instead)
in APPPATH/Views/product/product.php on line 100.
 1 [internal function]: CodeIgniter\Debug\Exceptions->shutdownHandler()
CRITICAL - 2022-12-25 10:04:08 --> syntax error, unexpected variable "$validation"
in APPPATH/Controllers/ProfileController.php on line 72.
 1 SYSTEMPATH/Autoloader/Autoloader.php(259): CodeIgniter\Autoloader\Autoloader->includeFile()
 2 SYSTEMPATH/Autoloader/Autoloader.php(237): CodeIgniter\Autoloader\Autoloader->loadInNamespace()
 3 [internal function]: CodeIgniter\Autoloader\Autoloader->loadClass()
 4 SYSTEMPATH/CodeIgniter.php(877): class_exists()
 5 SYSTEMPATH/CodeIgniter.php(469): CodeIgniter\CodeIgniter->startController()
 6 SYSTEMPATH/CodeIgniter.php(351): CodeIgniter\CodeIgniter->handleRequest()
 7 FCPATH/index.php(67): CodeIgniter\CodeIgniter->run()
CRITICAL - 2022-12-25 10:15:00 --> syntax error, unexpected single-quoted string "errors", expecting "]"
in APPPATH/Config/Validation.php on line 315.
 1 SYSTEMPATH/Autoloader/Autoloader.php(259): CodeIgniter\Autoloader\Autoloader->includeFile()
 2 SYSTEMPATH/Autoloader/Autoloader.php(237): CodeIgniter\Autoloader\Autoloader->loadInNamespace()
 3 [internal function]: CodeIgniter\Autoloader\Autoloader->loadClass()
 4 SYSTEMPATH/Config/Factories.php(155): class_exists()
 5 SYSTEMPATH/Config/Factories.php(125): CodeIgniter\Config\Factories::locateClass()
 6 SYSTEMPATH/Common.php(203): CodeIgniter\Config\Factories::__callStatic()
 7 SYSTEMPATH/Config/Services.php(744): config()
 8 SYSTEMPATH/Config/BaseService.php(253): CodeIgniter\Config\Services::validation()
 9 SYSTEMPATH/BaseModel.php(299): CodeIgniter\Config\BaseService::__callStatic()
10 SYSTEMPATH/Model.php(141): CodeIgniter\BaseModel->__construct()
11 SYSTEMPATH/Config/Factories.php(129): CodeIgniter\Model->__construct()
12 SYSTEMPATH/Config/Factories.php(86): CodeIgniter\Config\Factories::__callStatic()
13 SYSTEMPATH/Common.php(809): CodeIgniter\Config\Factories::models()
14 APPPATH/Filters/completeProfileFilter.php(13): model()
15 SYSTEMPATH/Filters/Filters.php(173): App\Filters\completeProfileFilter->before()
16 SYSTEMPATH/CodeIgniter.php(455): CodeIgniter\Filters\Filters->run()
17 SYSTEMPATH/CodeIgniter.php(351): CodeIgniter\CodeIgniter->handleRequest()
18 FCPATH/index.php(67): CodeIgniter\CodeIgniter->run()
CRITICAL - 2022-12-25 10:15:24 --> syntax error, unexpected token "=", expecting "]"
in APPPATH/Config/Validation.php on line 332.
 1 SYSTEMPATH/Autoloader/Autoloader.php(259): CodeIgniter\Autoloader\Autoloader->includeFile()
 2 SYSTEMPATH/Autoloader/Autoloader.php(237): CodeIgniter\Autoloader\Autoloader->loadInNamespace()
 3 [internal function]: CodeIgniter\Autoloader\Autoloader->loadClass()
 4 SYSTEMPATH/Config/Factories.php(155): class_exists()
 5 SYSTEMPATH/Config/Factories.php(125): CodeIgniter\Config\Factories::locateClass()
 6 SYSTEMPATH/Common.php(203): CodeIgniter\Config\Factories::__callStatic()
 7 SYSTEMPATH/Config/Services.php(744): config()
 8 SYSTEMPATH/Config/BaseService.php(253): CodeIgniter\Config\Services::validation()
 9 SYSTEMPATH/BaseModel.php(299): CodeIgniter\Config\BaseService::__callStatic()
10 SYSTEMPATH/Model.php(141): CodeIgniter\BaseModel->__construct()
11 SYSTEMPATH/Config/Factories.php(129): CodeIgniter\Model->__construct()
12 SYSTEMPATH/Config/Factories.php(86): CodeIgniter\Config\Factories::__callStatic()
13 SYSTEMPATH/Common.php(809): CodeIgniter\Config\Factories::models()
14 APPPATH/Filters/completeProfileFilter.php(13): model()
15 SYSTEMPATH/Filters/Filters.php(173): App\Filters\completeProfileFilter->before()
16 SYSTEMPATH/CodeIgniter.php(455): CodeIgniter\Filters\Filters->run()
17 SYSTEMPATH/CodeIgniter.php(351): CodeIgniter\CodeIgniter->handleRequest()
18 FCPATH/index.php(67): CodeIgniter\CodeIgniter->run()
CRITICAL - 2022-12-25 10:18:27 --> Array to string conversion
in APPPATH/Views/profile/privateprofile.php on line 37.
 1 APPPATH/Views/profile/privateprofile.php(37): CodeIgniter\Debug\Exceptions->errorHandler()
 2 SYSTEMPATH/View/View.php(213): include('APPPATH/Views/profile/privateprofile.php')
 3 SYSTEMPATH/View/View.php(216): CodeIgniter\View\View->CodeIgniter\View\{closure}()
 4 SYSTEMPATH/Common.php(1134): CodeIgniter\View\View->render()
 5 APPPATH/Controllers/ProfileController.php(15): view()
 6 SYSTEMPATH/CodeIgniter.php(927): App\Controllers\ProfileController->viewProfile()
 7 SYSTEMPATH/CodeIgniter.php(482): CodeIgniter\CodeIgniter->runController()
 8 SYSTEMPATH/CodeIgniter.php(351): CodeIgniter\CodeIgniter->handleRequest()
 9 FCPATH/index.php(67): CodeIgniter\CodeIgniter->run()
CRITICAL - 2022-12-25 10:22:32 --> Undefined variable $productId
in APPPATH/Controllers/ProfileController.php on line 75.
 1 APPPATH/Controllers/ProfileController.php(75): CodeIgniter\Debug\Exceptions->errorHandler()
 2 SYSTEMPATH/CodeIgniter.php(927): App\Controllers\ProfileController->updateProfile()
 3 SYSTEMPATH/CodeIgniter.php(482): CodeIgniter\CodeIgniter->runController()
 4 SYSTEMPATH/CodeIgniter.php(351): CodeIgniter\CodeIgniter->handleRequest()
 5 FCPATH/index.php(67): CodeIgniter\CodeIgniter->run()
CRITICAL - 2022-12-25 10:39:08 --> Undefined variable $data
in APPPATH/Controllers/ProfileController.php on line 37.
 1 APPPATH/Controllers/ProfileController.php(37): CodeIgniter\Debug\Exceptions->errorHandler()
 2 SYSTEMPATH/CodeIgniter.php(927): App\Controllers\ProfileController->viewStatistics()
 3 SYSTEMPATH/CodeIgniter.php(482): CodeIgniter\CodeIgniter->runController()
 4 SYSTEMPATH/CodeIgniter.php(351): CodeIgniter\CodeIgniter->handleRequest()
 5 FCPATH/index.php(67): CodeIgniter\CodeIgniter->run()
CRITICAL - 2022-12-25 11:04:58 --> syntax error, unexpected token "{", expecting ";"
in APPPATH/Controllers/ProfileController.php on line 41.
 1 SYSTEMPATH/Autoloader/Autoloader.php(259): CodeIgniter\Autoloader\Autoloader->includeFile()
 2 SYSTEMPATH/Autoloader/Autoloader.php(237): CodeIgniter\Autoloader\Autoloader->loadInNamespace()
 3 [internal function]: CodeIgniter\Autoloader\Autoloader->loadClass()
 4 SYSTEMPATH/CodeIgniter.php(877): class_exists()
 5 SYSTEMPATH/CodeIgniter.php(469): CodeIgniter\CodeIgniter->startController()
 6 SYSTEMPATH/CodeIgniter.php(351): CodeIgniter\CodeIgniter->handleRequest()
 7 FCPATH/index.php(67): CodeIgniter\CodeIgniter->run()
CRITICAL - 2022-12-25 11:31:40 --> Undefined variable $statisticsModel
in APPPATH/Controllers/ProfileController.php on line 43.
 1 APPPATH/Controllers/ProfileController.php(43): CodeIgniter\Debug\Exceptions->errorHandler()
 2 SYSTEMPATH/CodeIgniter.php(927): App\Controllers\ProfileController->askStatistics()
 3 SYSTEMPATH/CodeIgniter.php(482): CodeIgniter\CodeIgniter->runController()
 4 SYSTEMPATH/CodeIgniter.php(351): CodeIgniter\CodeIgniter->handleRequest()
 5 FCPATH/index.php(67): CodeIgniter\CodeIgniter->run()
CRITICAL - 2022-12-25 11:49:19 --> Call to undefined function App\Controllers\json_encod()
in APPPATH/Controllers/ProfileController.php on line 44.
 1 SYSTEMPATH/CodeIgniter.php(927): App\Controllers\ProfileController->askStatistics()
 2 SYSTEMPATH/CodeIgniter.php(482): CodeIgniter\CodeIgniter->runController()
 3 SYSTEMPATH/CodeIgniter.php(351): CodeIgniter\CodeIgniter->handleRequest()
 4 FCPATH/index.php(67): CodeIgniter\CodeIgniter->run()
CRITICAL - 2022-12-25 11:49:32 --> Call to undefined function App\Controllers\json_encod()
in APPPATH/Controllers/ProfileController.php on line 44.
 1 SYSTEMPATH/CodeIgniter.php(927): App\Controllers\ProfileController->askStatistics()
 2 SYSTEMPATH/CodeIgniter.php(482): CodeIgniter\CodeIgniter->runController()
 3 SYSTEMPATH/CodeIgniter.php(351): CodeIgniter\CodeIgniter->handleRequest()
 4 FCPATH/index.php(67): CodeIgniter\CodeIgniter->run()
CRITICAL - 2022-12-25 11:58:43 --> Array to string conversion
in APPPATH/Controllers/ProfileController.php on line 42.
 1 APPPATH/Controllers/ProfileController.php(42): CodeIgniter\Debug\Exceptions->errorHandler()
 2 SYSTEMPATH/CodeIgniter.php(927): App\Controllers\ProfileController->askStatistics()
 3 SYSTEMPATH/CodeIgniter.php(482): CodeIgniter\CodeIgniter->runController()
 4 SYSTEMPATH/CodeIgniter.php(351): CodeIgniter\CodeIgniter->handleRequest()
 5 FCPATH/index.php(67): CodeIgniter\CodeIgniter->run()
CRITICAL - 2022-12-25 12:23:27 --> Array to string conversion
in APPPATH/Controllers/ProfileController.php on line 42.
 1 APPPATH/Controllers/ProfileController.php(42): CodeIgniter\Debug\Exceptions->errorHandler()
 2 SYSTEMPATH/CodeIgniter.php(927): App\Controllers\ProfileController->askStatistics()
 3 SYSTEMPATH/CodeIgniter.php(482): CodeIgniter\CodeIgniter->runController()
 4 SYSTEMPATH/CodeIgniter.php(351): CodeIgniter\CodeIgniter->handleRequest()
 5 FCPATH/index.php(67): CodeIgniter\CodeIgniter->run()
CRITICAL - 2022-12-25 12:23:30 --> Array to string conversion
in APPPATH/Controllers/ProfileController.php on line 42.
 1 APPPATH/Controllers/ProfileController.php(42): CodeIgniter\Debug\Exceptions->errorHandler()
 2 SYSTEMPATH/CodeIgniter.php(927): App\Controllers\ProfileController->askStatistics()
 3 SYSTEMPATH/CodeIgniter.php(482): CodeIgniter\CodeIgniter->runController()
 4 SYSTEMPATH/CodeIgniter.php(351): CodeIgniter\CodeIgniter->handleRequest()
 5 FCPATH/index.php(67): CodeIgniter\CodeIgniter->run()
CRITICAL - 2022-12-25 12:35:58 --> Undefined array key 2
in APPPATH/Views/profile/Orders.php on line 25.
 1 APPPATH/Views/profile/Orders.php(25): CodeIgniter\Debug\Exceptions->errorHandler()
 2 SYSTEMPATH/View/View.php(213): include('APPPATH/Views/profile/Orders.php')
 3 SYSTEMPATH/View/View.php(216): CodeIgniter\View\View->CodeIgniter\View\{closure}()
 4 SYSTEMPATH/Common.php(1134): CodeIgniter\View\View->render()
 5 APPPATH/Controllers/ProfileController.php(28): view()
 6 SYSTEMPATH/CodeIgniter.php(927): App\Controllers\ProfileController->viewOrders()
 7 SYSTEMPATH/CodeIgniter.php(482): CodeIgniter\CodeIgniter->runController()
 8 SYSTEMPATH/CodeIgniter.php(351): CodeIgniter\CodeIgniter->handleRequest()
 9 FCPATH/index.php(67): CodeIgniter\CodeIgniter->run()
CRITICAL - 2022-12-25 14:48:50 --> Undefined array key 7
in APPPATH/Views/profile/notifications.php on line 20.
 1 APPPATH/Views/profile/notifications.php(20): CodeIgniter\Debug\Exceptions->errorHandler()
 2 SYSTEMPATH/View/View.php(213): include('APPPATH/Views/profile/notifications.php')
 3 SYSTEMPATH/View/View.php(216): CodeIgniter\View\View->CodeIgniter\View\{closure}()
 4 SYSTEMPATH/Common.php(1134): CodeIgniter\View\View->render()
 5 APPPATH/Controllers/NotificationsController.php(50): view()
 6 SYSTEMPATH/CodeIgniter.php(927): App\Controllers\NotificationsController->viewNotifications()
 7 SYSTEMPATH/CodeIgniter.php(482): CodeIgniter\CodeIgniter->runController()
 8 SYSTEMPATH/CodeIgniter.php(351): CodeIgniter\CodeIgniter->handleRequest()
 9 FCPATH/index.php(67): CodeIgniter\CodeIgniter->run()
CRITICAL - 2022-12-25 14:49:00 --> Object of class stdClass could not be converted to string
in APPPATH/Views/profile/notifications.php on line 26.
 1 SYSTEMPATH/View/View.php(213): include()
 2 SYSTEMPATH/View/View.php(216): CodeIgniter\View\View->CodeIgniter\View\{closure}()
 3 SYSTEMPATH/Common.php(1134): CodeIgniter\View\View->render()
 4 APPPATH/Controllers/NotificationsController.php(50): view()
 5 SYSTEMPATH/CodeIgniter.php(927): App\Controllers\NotificationsController->viewNotifications()
 6 SYSTEMPATH/CodeIgniter.php(482): CodeIgniter\CodeIgniter->runController()
 7 SYSTEMPATH/CodeIgniter.php(351): CodeIgniter\CodeIgniter->handleRequest()
 8 FCPATH/index.php(67): CodeIgniter\CodeIgniter->run()
CRITICAL - 2022-12-25 14:49:42 --> Undefined array key 7
in APPPATH/Views/profile/notifications.php on line 20.
 1 APPPATH/Views/profile/notifications.php(20): CodeIgniter\Debug\Exceptions->errorHandler()
 2 SYSTEMPATH/View/View.php(213): include('APPPATH/Views/profile/notifications.php')
 3 SYSTEMPATH/View/View.php(216): CodeIgniter\View\View->CodeIgniter\View\{closure}()
 4 SYSTEMPATH/Common.php(1134): CodeIgniter\View\View->render()
 5 APPPATH/Controllers/NotificationsController.php(50): view()
 6 SYSTEMPATH/CodeIgniter.php(927): App\Controllers\NotificationsController->viewNotifications()
 7 SYSTEMPATH/CodeIgniter.php(482): CodeIgniter\CodeIgniter->runController()
 8 SYSTEMPATH/CodeIgniter.php(351): CodeIgniter\CodeIgniter->handleRequest()
 9 FCPATH/index.php(67): CodeIgniter\CodeIgniter->run()
CRITICAL - 2022-12-25 16:40:56 --> Undefined variable $file
in APPPATH/Views/product/product.php on line 18.
 1 APPPATH/Views/product/product.php(18): CodeIgniter\Debug\Exceptions->errorHandler()
 2 SYSTEMPATH/View/View.php(213): include('APPPATH/Views/product/product.php')
 3 SYSTEMPATH/View/View.php(216): CodeIgniter\View\View->CodeIgniter\View\{closure}()
 4 SYSTEMPATH/Common.php(1134): CodeIgniter\View\View->render()
 5 APPPATH/Controllers/ProductController.php(121): view()
 6 SYSTEMPATH/CodeIgniter.php(927): App\Controllers\ProductController->product()
 7 SYSTEMPATH/CodeIgniter.php(482): CodeIgniter\CodeIgniter->runController()
 8 SYSTEMPATH/CodeIgniter.php(351): CodeIgniter\CodeIgniter->handleRequest()
 9 FCPATH/index.php(67): CodeIgniter\CodeIgniter->run()
CRITICAL - 2022-12-25 16:41:08 --> mime_content_type(15-12-22 03:17:201671139040_1d998310a6baa8b8083f.jpg): Failed to open stream: No such file or directory
in APPPATH/Views/product/product.php on line 18.
 1 [internal function]: CodeIgniter\Debug\Exceptions->errorHandler()
 2 APPPATH/Views/product/product.php(18): mime_content_type()
 3 SYSTEMPATH/View/View.php(213): include('APPPATH/Views/product/product.php')
 4 SYSTEMPATH/View/View.php(216): CodeIgniter\View\View->CodeIgniter\View\{closure}()
 5 SYSTEMPATH/Common.php(1134): CodeIgniter\View\View->render()
 6 APPPATH/Controllers/ProductController.php(121): view()
 7 SYSTEMPATH/CodeIgniter.php(927): App\Controllers\ProductController->product()
 8 SYSTEMPATH/CodeIgniter.php(482): CodeIgniter\CodeIgniter->runController()
 9 SYSTEMPATH/CodeIgniter.php(351): CodeIgniter\CodeIgniter->handleRequest()
10 FCPATH/index.php(67): CodeIgniter\CodeIgniter->run()
CRITICAL - 2022-12-25 17:46:04 --> strlen(): Argument #1 ($str) must be of type string, stdClass given
in APPPATH/Views/profile/publicprofile.php on line 20.
 1 SYSTEMPATH/View/View.php(213): include()
 2 SYSTEMPATH/View/View.php(216): CodeIgniter\View\View->CodeIgniter\View\{closure}()
 3 SYSTEMPATH/Common.php(1134): CodeIgniter\View\View->render()
 4 APPPATH/Controllers/ProfileController.php(64): view()
 5 SYSTEMPATH/CodeIgniter.php(927): App\Controllers\ProfileController->PublicProfile()
 6 SYSTEMPATH/CodeIgniter.php(482): CodeIgniter\CodeIgniter->runController()
 7 SYSTEMPATH/CodeIgniter.php(351): CodeIgniter\CodeIgniter->handleRequest()
 8 FCPATH/index.php(67): CodeIgniter\CodeIgniter->run()
