CRITICAL - 2022-12-16 05:37:39 --> array_push(): Argument #1 ($array) must be of type array, null given
in APPPATH/Models/ProductModel.php on line 39.
 1 APPPATH/Models/ProductModel.php(39): array_push()
 2 APPPATH/Controllers/ShoppingcartController.php(52): App\Models\ProductModel->getAvailableQuantity()
 3 SYSTEMPATH/CodeIgniter.php(927): App\Controllers\ShoppingcartController->placeOrder()
 4 SYSTEMPATH/CodeIgniter.php(482): CodeIgniter\CodeIgniter->runController()
 5 SYSTEMPATH/CodeIgniter.php(351): CodeIgniter\CodeIgniter->handleRequest()
 6 FCPATH/index.php(67): CodeIgniter\CodeIgniter->run()
CRITICAL - 2022-12-16 05:40:38 --> syntax error, unexpected token ";"
in APPPATH/Controllers/ShoppingcartController.php on line 54.
 1 SYSTEMPATH/Autoloader/Autoloader.php(259): CodeIgniter\Autoloader\Autoloader->includeFile()
 2 SYSTEMPATH/Autoloader/Autoloader.php(237): CodeIgniter\Autoloader\Autoloader->loadInNamespace()
 3 [internal function]: CodeIgniter\Autoloader\Autoloader->loadClass()
 4 SYSTEMPATH/CodeIgniter.php(877): class_exists()
 5 SYSTEMPATH/CodeIgniter.php(469): CodeIgniter\CodeIgniter->startController()
 6 SYSTEMPATH/CodeIgniter.php(351): CodeIgniter\CodeIgniter->handleRequest()
 7 FCPATH/index.php(67): CodeIgniter\CodeIgniter->run()
CRITICAL - 2022-12-16 05:55:08 --> syntax error, unexpected token ")"
in APPPATH/Controllers/ShoppingcartController.php on line 50.
 1 SYSTEMPATH/Autoloader/Autoloader.php(259): CodeIgniter\Autoloader\Autoloader->includeFile()
 2 SYSTEMPATH/Autoloader/Autoloader.php(237): CodeIgniter\Autoloader\Autoloader->loadInNamespace()
 3 [internal function]: CodeIgniter\Autoloader\Autoloader->loadClass()
 4 SYSTEMPATH/CodeIgniter.php(877): class_exists()
 5 SYSTEMPATH/CodeIgniter.php(469): CodeIgniter\CodeIgniter->startController()
 6 SYSTEMPATH/CodeIgniter.php(351): CodeIgniter\CodeIgniter->handleRequest()
 7 FCPATH/index.php(67): CodeIgniter\CodeIgniter->run()
CRITICAL - 2022-12-16 07:47:32 --> Undefined variable $request
in APPPATH/Controllers/ShoppingcartController.php on line 50.
 1 APPPATH/Controllers/ShoppingcartController.php(50): CodeIgniter\Debug\Exceptions->errorHandler()
 2 SYSTEMPATH/CodeIgniter.php(927): App\Controllers\ShoppingcartController->placeOrder()
 3 SYSTEMPATH/CodeIgniter.php(482): CodeIgniter\CodeIgniter->runController()
 4 SYSTEMPATH/CodeIgniter.php(351): CodeIgniter\CodeIgniter->handleRequest()
 5 FCPATH/index.php(67): CodeIgniter\CodeIgniter->run()
CRITICAL - 2022-12-16 07:59:14 --> CodeIgniter\HTTP\RedirectResponse::with(): Argument #1 ($key) must be of type string, array given, called in /app/app/Controllers/ShoppingcartController.php on line 54
in SYSTEMPATH/HTTP/RedirectResponse.php on line 134.
 1 APPPATH/Controllers/ShoppingcartController.php(54): CodeIgniter\HTTP\RedirectResponse->with()
 2 SYSTEMPATH/CodeIgniter.php(927): App\Controllers\ShoppingcartController->placeOrder()
 3 SYSTEMPATH/CodeIgniter.php(482): CodeIgniter\CodeIgniter->runController()
 4 SYSTEMPATH/CodeIgniter.php(351): CodeIgniter\CodeIgniter->handleRequest()
 5 FCPATH/index.php(67): CodeIgniter\CodeIgniter->run()
CRITICAL - 2022-12-16 08:06:05 --> Undefined variable $quantity
in APPPATH/Controllers/ShoppingcartController.php on line 62.
 1 APPPATH/Controllers/ShoppingcartController.php(62): CodeIgniter\Debug\Exceptions->errorHandler()
 2 SYSTEMPATH/CodeIgniter.php(927): App\Controllers\ShoppingcartController->placeOrder()
 3 SYSTEMPATH/CodeIgniter.php(482): CodeIgniter\CodeIgniter->runController()
 4 SYSTEMPATH/CodeIgniter.php(351): CodeIgniter\CodeIgniter->handleRequest()
 5 FCPATH/index.php(67): CodeIgniter\CodeIgniter->run()
CRITICAL - 2022-12-16 08:06:22 --> Undefined variable $availablitlity
in APPPATH/Controllers/ShoppingcartController.php on line 70.
 1 APPPATH/Controllers/ShoppingcartController.php(70): CodeIgniter\Debug\Exceptions->errorHandler()
 2 SYSTEMPATH/CodeIgniter.php(927): App\Controllers\ShoppingcartController->placeOrder()
 3 SYSTEMPATH/CodeIgniter.php(482): CodeIgniter\CodeIgniter->runController()
 4 SYSTEMPATH/CodeIgniter.php(351): CodeIgniter\CodeIgniter->handleRequest()
 5 FCPATH/index.php(67): CodeIgniter\CodeIgniter->run()
CRITICAL - 2022-12-16 08:10:10 --> Illegal offset type
in SYSTEMPATH/Session/Session.php on line 461.
 1 SYSTEMPATH/Session/Session.php(620): CodeIgniter\Session\Session->set()
 2 APPPATH/Controllers/ShoppingcartController.php(70): CodeIgniter\Session\Session->setFlashdata()
 3 SYSTEMPATH/CodeIgniter.php(927): App\Controllers\ShoppingcartController->placeOrder()
 4 SYSTEMPATH/CodeIgniter.php(482): CodeIgniter\CodeIgniter->runController()
 5 SYSTEMPATH/CodeIgniter.php(351): CodeIgniter\CodeIgniter->handleRequest()
 6 FCPATH/index.php(67): CodeIgniter\CodeIgniter->run()
CRITICAL - 2022-12-16 08:11:18 --> Illegal offset type
in SYSTEMPATH/Session/Session.php on line 461.
 1 SYSTEMPATH/Session/Session.php(620): CodeIgniter\Session\Session->set()
 2 APPPATH/Controllers/ShoppingcartController.php(73): CodeIgniter\Session\Session->setFlashdata()
 3 SYSTEMPATH/CodeIgniter.php(927): App\Controllers\ShoppingcartController->placeOrder()
 4 SYSTEMPATH/CodeIgniter.php(482): CodeIgniter\CodeIgniter->runController()
 5 SYSTEMPATH/CodeIgniter.php(351): CodeIgniter\CodeIgniter->handleRequest()
 6 FCPATH/index.php(67): CodeIgniter\CodeIgniter->run()
CRITICAL - 2022-12-16 08:12:16 --> Illegal offset type
in SYSTEMPATH/Session/Session.php on line 461.
 1 SYSTEMPATH/Session/Session.php(620): CodeIgniter\Session\Session->set()
 2 APPPATH/Controllers/ShoppingcartController.php(73): CodeIgniter\Session\Session->setFlashdata()
 3 SYSTEMPATH/CodeIgniter.php(927): App\Controllers\ShoppingcartController->placeOrder()
 4 SYSTEMPATH/CodeIgniter.php(482): CodeIgniter\CodeIgniter->runController()
 5 SYSTEMPATH/CodeIgniter.php(351): CodeIgniter\CodeIgniter->handleRequest()
 6 FCPATH/index.php(67): CodeIgniter\CodeIgniter->run()
CRITICAL - 2022-12-16 08:19:36 --> Undefined array key "ProductId"
in APPPATH/Models/ProductModel.php on line 41.
 1 APPPATH/Models/ProductModel.php(41): CodeIgniter\Debug\Exceptions->errorHandler()
 2 APPPATH/Controllers/ShoppingcartController.php(73): App\Models\ProductModel->getProductNames()
 3 SYSTEMPATH/CodeIgniter.php(927): App\Controllers\ShoppingcartController->placeOrder()
 4 SYSTEMPATH/CodeIgniter.php(482): CodeIgniter\CodeIgniter->runController()
 5 SYSTEMPATH/CodeIgniter.php(351): CodeIgniter\CodeIgniter->handleRequest()
 6 FCPATH/index.php(67): CodeIgniter\CodeIgniter->run()
CRITICAL - 2022-12-16 08:21:19 --> Attempt to assign property "ProductName" on array
in APPPATH/Controllers/ShoppingcartController.php on line 75.
 1 SYSTEMPATH/CodeIgniter.php(927): App\Controllers\ShoppingcartController->placeOrder()
 2 SYSTEMPATH/CodeIgniter.php(482): CodeIgniter\CodeIgniter->runController()
 3 SYSTEMPATH/CodeIgniter.php(351): CodeIgniter\CodeIgniter->handleRequest()
 4 FCPATH/index.php(67): CodeIgniter\CodeIgniter->run()
CRITICAL - 2022-12-16 08:22:07 --> Call to undefined function App\Controllers\getFlashData()
in APPPATH/Controllers/ShoppingcartController.php on line 78.
 1 SYSTEMPATH/CodeIgniter.php(927): App\Controllers\ShoppingcartController->placeOrder()
 2 SYSTEMPATH/CodeIgniter.php(482): CodeIgniter\CodeIgniter->runController()
 3 SYSTEMPATH/CodeIgniter.php(351): CodeIgniter\CodeIgniter->handleRequest()
 4 FCPATH/index.php(67): CodeIgniter\CodeIgniter->run()
CRITICAL - 2022-12-16 08:31:52 --> Attempt to read property "ProductName" on array
in APPPATH/Views/shoppingcart/shoppingcart.php on line 7.
 1 APPPATH/Views/shoppingcart/shoppingcart.php(7): CodeIgniter\Debug\Exceptions->errorHandler()
 2 SYSTEMPATH/View/View.php(213): include('APPPATH/Views/shoppingcart/shoppingcart.php')
 3 SYSTEMPATH/View/View.php(216): CodeIgniter\View\View->CodeIgniter\View\{closure}()
 4 SYSTEMPATH/Common.php(1134): CodeIgniter\View\View->render()
 5 APPPATH/Controllers/ShoppingcartController.php(15): view()
 6 SYSTEMPATH/CodeIgniter.php(927): App\Controllers\ShoppingcartController->viewShoppingcart()
 7 SYSTEMPATH/CodeIgniter.php(482): CodeIgniter\CodeIgniter->runController()
 8 SYSTEMPATH/CodeIgniter.php(351): CodeIgniter\CodeIgniter->handleRequest()
 9 FCPATH/index.php(67): CodeIgniter\CodeIgniter->run()
CRITICAL - 2022-12-16 08:33:46 --> syntax error, unexpected identifier "ShoppingCart", expecting "]"
in APPPATH/Views/shoppingcart/shoppingcart.php on line 62.
 1 SYSTEMPATH/View/View.php(216): CodeIgniter\View\View->CodeIgniter\View\{closure}()
 2 SYSTEMPATH/Common.php(1134): CodeIgniter\View\View->render()
 3 APPPATH/Controllers/ShoppingcartController.php(15): view()
 4 SYSTEMPATH/CodeIgniter.php(927): App\Controllers\ShoppingcartController->viewShoppingcart()
 5 SYSTEMPATH/CodeIgniter.php(482): CodeIgniter\CodeIgniter->runController()
 6 SYSTEMPATH/CodeIgniter.php(351): CodeIgniter\CodeIgniter->handleRequest()
 7 FCPATH/index.php(67): CodeIgniter\CodeIgniter->run()
CRITICAL - 2022-12-16 08:42:34 --> Undefined variable $AddressPrimaryKey
in APPPATH/Controllers/ShoppingcartController.php on line 96.
 1 APPPATH/Controllers/ShoppingcartController.php(96): CodeIgniter\Debug\Exceptions->errorHandler()
 2 SYSTEMPATH/CodeIgniter.php(927): App\Controllers\ShoppingcartController->placeOrder()
 3 SYSTEMPATH/CodeIgniter.php(482): CodeIgniter\CodeIgniter->runController()
 4 SYSTEMPATH/CodeIgniter.php(351): CodeIgniter\CodeIgniter->handleRequest()
 5 FCPATH/index.php(67): CodeIgniter\CodeIgniter->run()
CRITICAL - 2022-12-16 08:49:13 --> syntax error, unexpected identifier "user"
in APPPATH/Controllers/ShoppingcartController.php on line 62.
 1 SYSTEMPATH/Autoloader/Autoloader.php(259): CodeIgniter\Autoloader\Autoloader->includeFile()
 2 SYSTEMPATH/Autoloader/Autoloader.php(237): CodeIgniter\Autoloader\Autoloader->loadInNamespace()
 3 [internal function]: CodeIgniter\Autoloader\Autoloader->loadClass()
 4 SYSTEMPATH/CodeIgniter.php(877): class_exists()
 5 SYSTEMPATH/CodeIgniter.php(469): CodeIgniter\CodeIgniter->startController()
 6 SYSTEMPATH/CodeIgniter.php(351): CodeIgniter\CodeIgniter->handleRequest()
 7 FCPATH/index.php(67): CodeIgniter\CodeIgniter->run()
CRITICAL - 2022-12-16 08:49:23 --> syntax error, unexpected string content "", expecting "-" or identifier or variable or number
in APPPATH/Controllers/ShoppingcartController.php on line 139.
 1 SYSTEMPATH/Autoloader/Autoloader.php(259): CodeIgniter\Autoloader\Autoloader->includeFile()
 2 SYSTEMPATH/Autoloader/Autoloader.php(237): CodeIgniter\Autoloader\Autoloader->loadInNamespace()
 3 [internal function]: CodeIgniter\Autoloader\Autoloader->loadClass()
 4 SYSTEMPATH/CodeIgniter.php(877): class_exists()
 5 SYSTEMPATH/CodeIgniter.php(469): CodeIgniter\CodeIgniter->startController()
 6 SYSTEMPATH/CodeIgniter.php(351): CodeIgniter\CodeIgniter->handleRequest()
 7 FCPATH/index.php(67): CodeIgniter\CodeIgniter->run()
CRITICAL - 2022-12-16 08:53:32 --> syntax error, unexpected double-quote mark, expecting "-" or identifier or variable or number
in APPPATH/Controllers/ShoppingcartController.php on line 136.
 1 SYSTEMPATH/Autoloader/Autoloader.php(259): CodeIgniter\Autoloader\Autoloader->includeFile()
 2 SYSTEMPATH/Autoloader/Autoloader.php(237): CodeIgniter\Autoloader\Autoloader->loadInNamespace()
 3 [internal function]: CodeIgniter\Autoloader\Autoloader->loadClass()
 4 SYSTEMPATH/CodeIgniter.php(877): class_exists()
 5 SYSTEMPATH/CodeIgniter.php(469): CodeIgniter\CodeIgniter->startController()
 6 SYSTEMPATH/CodeIgniter.php(351): CodeIgniter\CodeIgniter->handleRequest()
 7 FCPATH/index.php(67): CodeIgniter\CodeIgniter->run()
CRITICAL - 2022-12-16 08:54:01 --> syntax error, unexpected variable "$productModel"
in APPPATH/Controllers/ShoppingcartController.php on line 139.
 1 SYSTEMPATH/Autoloader/Autoloader.php(259): CodeIgniter\Autoloader\Autoloader->includeFile()
 2 SYSTEMPATH/Autoloader/Autoloader.php(237): CodeIgniter\Autoloader\Autoloader->loadInNamespace()
 3 [internal function]: CodeIgniter\Autoloader\Autoloader->loadClass()
 4 SYSTEMPATH/CodeIgniter.php(877): class_exists()
 5 SYSTEMPATH/CodeIgniter.php(469): CodeIgniter\CodeIgniter->startController()
 6 SYSTEMPATH/CodeIgniter.php(351): CodeIgniter\CodeIgniter->handleRequest()
 7 FCPATH/index.php(67): CodeIgniter\CodeIgniter->run()
CRITICAL - 2022-12-16 08:54:15 --> syntax error, unexpected variable "$productModel"
in APPPATH/Controllers/ShoppingcartController.php on line 139.
 1 SYSTEMPATH/Autoloader/Autoloader.php(259): CodeIgniter\Autoloader\Autoloader->includeFile()
 2 SYSTEMPATH/Autoloader/Autoloader.php(237): CodeIgniter\Autoloader\Autoloader->loadInNamespace()
 3 [internal function]: CodeIgniter\Autoloader\Autoloader->loadClass()
 4 SYSTEMPATH/CodeIgniter.php(877): class_exists()
 5 SYSTEMPATH/CodeIgniter.php(469): CodeIgniter\CodeIgniter->startController()
 6 SYSTEMPATH/CodeIgniter.php(351): CodeIgniter\CodeIgniter->handleRequest()
 7 FCPATH/index.php(67): CodeIgniter\CodeIgniter->run()
CRITICAL - 2022-12-16 08:55:22 --> Undefined array key 0
in APPPATH/Controllers/ShoppingcartController.php on line 137.
 1 APPPATH/Controllers/ShoppingcartController.php(137): CodeIgniter\Debug\Exceptions->errorHandler()
 2 SYSTEMPATH/CodeIgniter.php(927): App\Controllers\ShoppingcartController->placeOrder()
 3 SYSTEMPATH/CodeIgniter.php(482): CodeIgniter\CodeIgniter->runController()
 4 SYSTEMPATH/CodeIgniter.php(351): CodeIgniter\CodeIgniter->handleRequest()
 5 FCPATH/index.php(67): CodeIgniter\CodeIgniter->run()
CRITICAL - 2022-12-16 08:55:55 --> Undefined array key 0
in APPPATH/Controllers/ShoppingcartController.php on line 137.
 1 APPPATH/Controllers/ShoppingcartController.php(137): CodeIgniter\Debug\Exceptions->errorHandler()
 2 SYSTEMPATH/CodeIgniter.php(927): App\Controllers\ShoppingcartController->placeOrder()
 3 SYSTEMPATH/CodeIgniter.php(482): CodeIgniter\CodeIgniter->runController()
 4 SYSTEMPATH/CodeIgniter.php(351): CodeIgniter\CodeIgniter->handleRequest()
 5 FCPATH/index.php(67): CodeIgniter\CodeIgniter->run()
CRITICAL - 2022-12-16 08:56:01 --> Undefined array key 0
in APPPATH/Controllers/ShoppingcartController.php on line 137.
 1 APPPATH/Controllers/ShoppingcartController.php(137): CodeIgniter\Debug\Exceptions->errorHandler()
 2 SYSTEMPATH/CodeIgniter.php(927): App\Controllers\ShoppingcartController->placeOrder()
 3 SYSTEMPATH/CodeIgniter.php(482): CodeIgniter\CodeIgniter->runController()
 4 SYSTEMPATH/CodeIgniter.php(351): CodeIgniter\CodeIgniter->handleRequest()
 5 FCPATH/index.php(67): CodeIgniter\CodeIgniter->run()
CRITICAL - 2022-12-16 08:56:45 --> Undefined array key "ShoppinCart"
in APPPATH/Controllers/ShoppingcartController.php on line 137.
 1 APPPATH/Controllers/ShoppingcartController.php(137): CodeIgniter\Debug\Exceptions->errorHandler()
 2 SYSTEMPATH/CodeIgniter.php(927): App\Controllers\ShoppingcartController->placeOrder()
 3 SYSTEMPATH/CodeIgniter.php(482): CodeIgniter\CodeIgniter->runController()
 4 SYSTEMPATH/CodeIgniter.php(351): CodeIgniter\CodeIgniter->handleRequest()
 5 FCPATH/index.php(67): CodeIgniter\CodeIgniter->run()
CRITICAL - 2022-12-16 08:56:53 --> Call to undefined method App\Models\ProductModel::udpate
in SYSTEMPATH/Model.php on line 774.
 1 APPPATH/Controllers/ShoppingcartController.php(139): CodeIgniter\Model->__call()
 2 SYSTEMPATH/CodeIgniter.php(927): App\Controllers\ShoppingcartController->placeOrder()
 3 SYSTEMPATH/CodeIgniter.php(482): CodeIgniter\CodeIgniter->runController()
 4 SYSTEMPATH/CodeIgniter.php(351): CodeIgniter\CodeIgniter->handleRequest()
 5 FCPATH/index.php(67): CodeIgniter\CodeIgniter->run()
CRITICAL - 2022-12-16 09:03:31 --> Undefined property: stdClass::$Orderdate
in APPPATH/Views/profile/Orders.php on line 61.
 1 APPPATH/Views/profile/Orders.php(61): CodeIgniter\Debug\Exceptions->errorHandler()
 2 SYSTEMPATH/View/View.php(213): include('APPPATH/Views/profile/Orders.php')
 3 SYSTEMPATH/View/View.php(216): CodeIgniter\View\View->CodeIgniter\View\{closure}()
 4 SYSTEMPATH/Common.php(1134): CodeIgniter\View\View->render()
 5 APPPATH/Controllers/ProfileController.php(33): view()
 6 SYSTEMPATH/CodeIgniter.php(927): App\Controllers\ProfileController->viewOrders()
 7 SYSTEMPATH/CodeIgniter.php(482): CodeIgniter\CodeIgniter->runController()
 8 SYSTEMPATH/CodeIgniter.php(351): CodeIgniter\CodeIgniter->handleRequest()
 9 FCPATH/index.php(67): CodeIgniter\CodeIgniter->run()
ERROR - 2022-12-16 09:08:35 --> mysqli_sql_exception: FUNCTION data.DATEADD does not exist in /app/system/Database/MySQLi/Connection.php:292
Stack trace:
#0 /app/system/Database/MySQLi/Connection.php(292): mysqli->query()
#1 /app/system/Database/BaseConnection.php(666): CodeIgniter\Database\MySQLi\Connection->execute()
#2 /app/system/Database/BaseConnection.php(593): CodeIgniter\Database\BaseConnection->simpleQuery()
#3 /app/app/Models/OrdersModel.php(21): CodeIgniter\Database\BaseConnection->query()
#4 /app/app/Controllers/ProfileController.php(28): App\Models\OrdersModel->getOrderLocationDate()
#5 /app/system/CodeIgniter.php(927): App\Controllers\ProfileController->viewOrders()
#6 /app/system/CodeIgniter.php(482): CodeIgniter\CodeIgniter->runController()
#7 /app/system/CodeIgniter.php(351): CodeIgniter\CodeIgniter->handleRequest()
#8 /app/public/index.php(67): CodeIgniter\CodeIgniter->run()
#9 {main}
CRITICAL - 2022-12-16 09:08:35 --> FUNCTION data.DATEADD does not exist
in SYSTEMPATH/Database/MySQLi/Connection.php on line 292.
 1 SYSTEMPATH/Database/MySQLi/Connection.php(292): mysqli->query()
 2 SYSTEMPATH/Database/BaseConnection.php(666): CodeIgniter\Database\MySQLi\Connection->execute()
 3 SYSTEMPATH/Database/BaseConnection.php(593): CodeIgniter\Database\BaseConnection->simpleQuery()
 4 APPPATH/Models/OrdersModel.php(21): CodeIgniter\Database\BaseConnection->query()
 5 APPPATH/Controllers/ProfileController.php(28): App\Models\OrdersModel->getOrderLocationDate()
 6 SYSTEMPATH/CodeIgniter.php(927): App\Controllers\ProfileController->viewOrders()
 7 SYSTEMPATH/CodeIgniter.php(482): CodeIgniter\CodeIgniter->runController()
 8 SYSTEMPATH/CodeIgniter.php(351): CodeIgniter\CodeIgniter->handleRequest()
 9 FCPATH/index.php(67): CodeIgniter\CodeIgniter->run()
CRITICAL - 2022-12-16 09:13:20 --> syntax error, unexpected token "/"
in APPPATH/Views/profile/Orders.php on line 58.
 1 SYSTEMPATH/View/View.php(216): CodeIgniter\View\View->CodeIgniter\View\{closure}()
 2 SYSTEMPATH/Common.php(1134): CodeIgniter\View\View->render()
 3 APPPATH/Controllers/ProfileController.php(33): view()
 4 SYSTEMPATH/CodeIgniter.php(927): App\Controllers\ProfileController->viewOrders()
 5 SYSTEMPATH/CodeIgniter.php(482): CodeIgniter\CodeIgniter->runController()
 6 SYSTEMPATH/CodeIgniter.php(351): CodeIgniter\CodeIgniter->handleRequest()
 7 FCPATH/index.php(67): CodeIgniter\CodeIgniter->run()
CRITICAL - 2022-12-16 09:26:07 --> syntax error, unexpected token ":"
in APPPATH/Controllers/ShoppingcartController.php on line 43.
 1 SYSTEMPATH/Autoloader/Autoloader.php(259): CodeIgniter\Autoloader\Autoloader->includeFile()
 2 SYSTEMPATH/Autoloader/Autoloader.php(237): CodeIgniter\Autoloader\Autoloader->loadInNamespace()
 3 [internal function]: CodeIgniter\Autoloader\Autoloader->loadClass()
 4 SYSTEMPATH/CodeIgniter.php(877): class_exists()
 5 SYSTEMPATH/CodeIgniter.php(469): CodeIgniter\CodeIgniter->startController()
 6 SYSTEMPATH/CodeIgniter.php(351): CodeIgniter\CodeIgniter->handleRequest()
 7 FCPATH/index.php(67): CodeIgniter\CodeIgniter->run()
CRITICAL - 2022-12-16 09:27:31 --> Too few arguments to function App\Models\ProductModel::getAvailableQuantity(), 0 passed in /app/app/Controllers/ShoppingcartController.php on line 44 and exactly 1 expected
in APPPATH/Models/ProductModel.php on line 53.
 1 APPPATH/Controllers/ShoppingcartController.php(44): App\Models\ProductModel->getAvailableQuantity()
 2 SYSTEMPATH/CodeIgniter.php(927): App\Controllers\ShoppingcartController->removeOrder()
 3 SYSTEMPATH/CodeIgniter.php(482): CodeIgniter\CodeIgniter->runController()
 4 SYSTEMPATH/CodeIgniter.php(351): CodeIgniter\CodeIgniter->handleRequest()
 5 FCPATH/index.php(67): CodeIgniter\CodeIgniter->run()
CRITICAL - 2022-12-16 09:29:01 --> Attempt to read property "Quantity" on array
in APPPATH/Controllers/ShoppingcartController.php on line 49.
 1 APPPATH/Controllers/ShoppingcartController.php(49): CodeIgniter\Debug\Exceptions->errorHandler()
 2 SYSTEMPATH/CodeIgniter.php(927): App\Controllers\ShoppingcartController->removeOrder()
 3 SYSTEMPATH/CodeIgniter.php(482): CodeIgniter\CodeIgniter->runController()
 4 SYSTEMPATH/CodeIgniter.php(351): CodeIgniter\CodeIgniter->handleRequest()
 5 FCPATH/index.php(67): CodeIgniter\CodeIgniter->run()
CRITICAL - 2022-12-16 09:29:17 --> Undefined array key 0
in APPPATH/Controllers/ShoppingcartController.php on line 51.
 1 APPPATH/Controllers/ShoppingcartController.php(51): CodeIgniter\Debug\Exceptions->errorHandler()
 2 SYSTEMPATH/CodeIgniter.php(927): App\Controllers\ShoppingcartController->removeOrder()
 3 SYSTEMPATH/CodeIgniter.php(482): CodeIgniter\CodeIgniter->runController()
 4 SYSTEMPATH/CodeIgniter.php(351): CodeIgniter\CodeIgniter->handleRequest()
 5 FCPATH/index.php(67): CodeIgniter\CodeIgniter->run()
