CRITICAL - 2023-01-24 10:06:05 --> There is no data to update.
in SYSTEMPATH/BaseModel.php on line 867.
 1 SYSTEMPATH/BaseModel.php(867): CodeIgniter\Database\Exceptions\DataException::forEmptyDataset()
 2 SYSTEMPATH/Model.php(693): CodeIgniter\BaseModel->update()
 3 APPPATH/Controllers/ProductController.php(148): CodeIgniter\Model->update()
 4 SYSTEMPATH/CodeIgniter.php(927): App\Controllers\ProductController->deleteProduct()
 5 SYSTEMPATH/CodeIgniter.php(482): CodeIgniter\CodeIgniter->runController()
 6 SYSTEMPATH/CodeIgniter.php(351): CodeIgniter\CodeIgniter->handleRequest()
 7 FCPATH/index.php(67): CodeIgniter\CodeIgniter->run()
CRITICAL - 2023-01-24 10:06:19 --> There is no data to update.
in SYSTEMPATH/BaseModel.php on line 867.
 1 SYSTEMPATH/BaseModel.php(867): CodeIgniter\Database\Exceptions\DataException::forEmptyDataset()
 2 SYSTEMPATH/Model.php(693): CodeIgniter\BaseModel->update()
 3 APPPATH/Controllers/ProductController.php(148): CodeIgniter\Model->update()
 4 SYSTEMPATH/CodeIgniter.php(927): App\Controllers\ProductController->deleteProduct()
 5 SYSTEMPATH/CodeIgniter.php(482): CodeIgniter\CodeIgniter->runController()
 6 SYSTEMPATH/CodeIgniter.php(351): CodeIgniter\CodeIgniter->handleRequest()
 7 FCPATH/index.php(67): CodeIgniter\CodeIgniter->run()
CRITICAL - 2023-01-24 10:06:35 --> syntax error, unexpected token "=>", expecting ")"
in APPPATH/Controllers/ProductController.php on line 148.
 1 SYSTEMPATH/Autoloader/Autoloader.php(259): CodeIgniter\Autoloader\Autoloader->includeFile()
 2 SYSTEMPATH/Autoloader/Autoloader.php(237): CodeIgniter\Autoloader\Autoloader->loadInNamespace()
 3 [internal function]: CodeIgniter\Autoloader\Autoloader->loadClass()
 4 SYSTEMPATH/CodeIgniter.php(877): class_exists()
 5 SYSTEMPATH/CodeIgniter.php(469): CodeIgniter\CodeIgniter->startController()
 6 SYSTEMPATH/CodeIgniter.php(351): CodeIgniter\CodeIgniter->handleRequest()
 7 FCPATH/index.php(67): CodeIgniter\CodeIgniter->run()
CRITICAL - 2023-01-24 10:08:08 --> There is no data to update.
in SYSTEMPATH/BaseModel.php on line 867.
 1 SYSTEMPATH/BaseModel.php(867): CodeIgniter\Database\Exceptions\DataException::forEmptyDataset()
 2 SYSTEMPATH/Model.php(693): CodeIgniter\BaseModel->update()
 3 APPPATH/Controllers/ProductController.php(148): CodeIgniter\Model->update()
 4 SYSTEMPATH/CodeIgniter.php(927): App\Controllers\ProductController->deleteProduct()
 5 SYSTEMPATH/CodeIgniter.php(482): CodeIgniter\CodeIgniter->runController()
 6 SYSTEMPATH/CodeIgniter.php(351): CodeIgniter\CodeIgniter->handleRequest()
 7 FCPATH/index.php(67): CodeIgniter\CodeIgniter->run()
CRITICAL - 2023-01-24 10:09:17 --> There is no data to update.
in SYSTEMPATH/BaseModel.php on line 867.
 1 SYSTEMPATH/BaseModel.php(867): CodeIgniter\Database\Exceptions\DataException::forEmptyDataset()
 2 SYSTEMPATH/Model.php(693): CodeIgniter\BaseModel->update()
 3 APPPATH/Controllers/ProductController.php(148): CodeIgniter\Model->update()
 4 SYSTEMPATH/CodeIgniter.php(927): App\Controllers\ProductController->deleteProduct()
 5 SYSTEMPATH/CodeIgniter.php(482): CodeIgniter\CodeIgniter->runController()
 6 SYSTEMPATH/CodeIgniter.php(351): CodeIgniter\CodeIgniter->handleRequest()
 7 FCPATH/index.php(67): CodeIgniter\CodeIgniter->run()
ERROR - 2023-01-24 10:30:06 --> mysqli_sql_exception: Column 'ProductId' in field list is ambiguous in /app/system/Database/MySQLi/Connection.php:292
Stack trace:
#0 /app/system/Database/MySQLi/Connection.php(292): mysqli->query()
#1 /app/system/Database/BaseConnection.php(666): CodeIgniter\Database\MySQLi\Connection->execute()
#2 /app/system/Database/BaseConnection.php(593): CodeIgniter\Database\BaseConnection->simpleQuery()
#3 /app/app/Models/ProductModel.php(61): CodeIgniter\Database\BaseConnection->query()
#4 /app/app/Controllers/ProfileController.php(27): App\Models\ProductModel->getOrderProducts()
#5 /app/system/CodeIgniter.php(927): App\Controllers\ProfileController->viewOrders()
#6 /app/system/CodeIgniter.php(482): CodeIgniter\CodeIgniter->runController()
#7 /app/system/CodeIgniter.php(351): CodeIgniter\CodeIgniter->handleRequest()
#8 /app/public/index.php(67): CodeIgniter\CodeIgniter->run()
#9 {main}
CRITICAL - 2023-01-24 10:30:06 --> Column 'ProductId' in field list is ambiguous
in SYSTEMPATH/Database/MySQLi/Connection.php on line 292.
 1 SYSTEMPATH/Database/MySQLi/Connection.php(292): mysqli->query()
 2 SYSTEMPATH/Database/BaseConnection.php(666): CodeIgniter\Database\MySQLi\Connection->execute()
 3 SYSTEMPATH/Database/BaseConnection.php(593): CodeIgniter\Database\BaseConnection->simpleQuery()
 4 APPPATH/Models/ProductModel.php(61): CodeIgniter\Database\BaseConnection->query()
 5 APPPATH/Controllers/ProfileController.php(27): App\Models\ProductModel->getOrderProducts()
 6 SYSTEMPATH/CodeIgniter.php(927): App\Controllers\ProfileController->viewOrders()
 7 SYSTEMPATH/CodeIgniter.php(482): CodeIgniter\CodeIgniter->runController()
 8 SYSTEMPATH/CodeIgniter.php(351): CodeIgniter\CodeIgniter->handleRequest()
 9 FCPATH/index.php(67): CodeIgniter\CodeIgniter->run()
CRITICAL - 2023-01-24 10:30:32 --> Undefined variable $product
in APPPATH/Views/profile/Orders.php on line 28.
 1 APPPATH/Views/profile/Orders.php(28): CodeIgniter\Debug\Exceptions->errorHandler()
 2 SYSTEMPATH/View/View.php(213): include('APPPATH/Views/profile/Orders.php')
 3 SYSTEMPATH/View/View.php(216): CodeIgniter\View\View->CodeIgniter\View\{closure}()
 4 SYSTEMPATH/Common.php(1134): CodeIgniter\View\View->render()
 5 APPPATH/Controllers/ProfileController.php(28): view()
 6 SYSTEMPATH/CodeIgniter.php(927): App\Controllers\ProfileController->viewOrders()
 7 SYSTEMPATH/CodeIgniter.php(482): CodeIgniter\CodeIgniter->runController()
 8 SYSTEMPATH/CodeIgniter.php(351): CodeIgniter\CodeIgniter->handleRequest()
 9 FCPATH/index.php(67): CodeIgniter\CodeIgniter->run()
