ERROR - 2022-11-27 07:38:14 --> Error connecting to the database: mysqli_sql_exception: Unknown database 'data' in /app/system/Database/MySQLi/Connection.php:171
Stack trace:
#0 /app/system/Database/MySQLi/Connection.php(171): mysqli->real_connect()
#1 /app/system/Database/BaseConnection.php(382): CodeIgniter\Database\MySQLi\Connection->connect()
#2 /app/system/Database/BaseConnection.php(561): CodeIgniter\Database\BaseConnection->initialize()
#3 /app/app/Models/LoginModel.php(18): CodeIgniter\Database\BaseConnection->query()
#4 /app/app/Controllers/LoginController.php(16): App\Models\LoginModel->isValidUser()
#5 /app/system/CodeIgniter.php(927): App\Controllers\LoginController->validateLogin()
#6 /app/system/CodeIgniter.php(482): CodeIgniter\CodeIgniter->runController()
#7 /app/system/CodeIgniter.php(351): CodeIgniter\CodeIgniter->handleRequest()
#8 /app/public/index.php(67): CodeIgniter\CodeIgniter->run()
#9 {main}

Next CodeIgniter\Database\Exceptions\DatabaseException: Unknown database 'data' in /app/system/Database/MySQLi/Connection.php:215
Stack trace:
#0 /app/system/Database/BaseConnection.php(382): CodeIgniter\Database\MySQLi\Connection->connect()
#1 /app/system/Database/BaseConnection.php(561): CodeIgniter\Database\BaseConnection->initialize()
#2 /app/app/Models/LoginModel.php(18): CodeIgniter\Database\BaseConnection->query()
#3 /app/app/Controllers/LoginController.php(16): App\Models\LoginModel->isValidUser()
#4 /app/system/CodeIgniter.php(927): App\Controllers\LoginController->validateLogin()
#5 /app/system/CodeIgniter.php(482): CodeIgniter\CodeIgniter->runController()
#6 /app/system/CodeIgniter.php(351): CodeIgniter\CodeIgniter->handleRequest()
#7 /app/public/index.php(67): CodeIgniter\CodeIgniter->run()
#8 {main}
CRITICAL - 2022-11-27 07:38:14 --> Unable to connect to the database.
Main connection [MySQLi]: Unknown database 'data'
in SYSTEMPATH/Database/BaseConnection.php on line 418.
 1 SYSTEMPATH/Database/BaseConnection.php(561): CodeIgniter\Database\BaseConnection->initialize()
 2 APPPATH/Models/LoginModel.php(18): CodeIgniter\Database\BaseConnection->query()
 3 APPPATH/Controllers/LoginController.php(16): App\Models\LoginModel->isValidUser()
 4 SYSTEMPATH/CodeIgniter.php(927): App\Controllers\LoginController->validateLogin()
 5 SYSTEMPATH/CodeIgniter.php(482): CodeIgniter\CodeIgniter->runController()
 6 SYSTEMPATH/CodeIgniter.php(351): CodeIgniter\CodeIgniter->handleRequest()
 7 FCPATH/index.php(67): CodeIgniter\CodeIgniter->run()
CRITICAL - 2022-11-27 07:55:08 --> Too few arguments to function CodeIgniter\HTTP\IncomingRequest::getFileMultiple(), 0 passed in /app/app/Controllers/ProductController.php on line 34 and exactly 1 expected
in SYSTEMPATH/HTTP/IncomingRequest.php on line 735.
 1 APPPATH/Controllers/ProductController.php(34): CodeIgniter\HTTP\IncomingRequest->getFileMultiple()
 2 SYSTEMPATH/CodeIgniter.php(927): App\Controllers\ProductController->store()
 3 SYSTEMPATH/CodeIgniter.php(482): CodeIgniter\CodeIgniter->runController()
 4 SYSTEMPATH/CodeIgniter.php(351): CodeIgniter\CodeIgniter->handleRequest()
 5 FCPATH/index.php(67): CodeIgniter\CodeIgniter->run()
CRITICAL - 2022-11-27 08:28:23 --> Call to a member function move() on array
in APPPATH/Controllers/ProductController.php on line 100.
 1 SYSTEMPATH/CodeIgniter.php(927): App\Controllers\ProductController->store()
 2 SYSTEMPATH/CodeIgniter.php(482): CodeIgniter\CodeIgniter->runController()
 3 SYSTEMPATH/CodeIgniter.php(351): CodeIgniter\CodeIgniter->handleRequest()
 4 FCPATH/index.php(67): CodeIgniter\CodeIgniter->run()
CRITICAL - 2022-11-27 08:36:44 --> The original file is not a valid file.
in SYSTEMPATH/HTTP/Files/UploadedFile.php on line 137.
 1 SYSTEMPATH/HTTP/Files/UploadedFile.php(137): CodeIgniter\HTTP\Exceptions\HTTPException::forInvalidFile()
 2 APPPATH/Controllers/ProductController.php(100): CodeIgniter\HTTP\Files\UploadedFile->move()
 3 SYSTEMPATH/CodeIgniter.php(927): App\Controllers\ProductController->store()
 4 SYSTEMPATH/CodeIgniter.php(482): CodeIgniter\CodeIgniter->runController()
 5 SYSTEMPATH/CodeIgniter.php(351): CodeIgniter\CodeIgniter->handleRequest()
 6 FCPATH/index.php(67): CodeIgniter\CodeIgniter->run()
CRITICAL - 2022-11-27 08:41:30 --> mkdir(): Permission denied
in SYSTEMPATH/HTTP/Files/UploadedFile.php on line 176.
 1 [internal function]: CodeIgniter\Debug\Exceptions->errorHandler()
 2 SYSTEMPATH/HTTP/Files/UploadedFile.php(176): mkdir()
 3 SYSTEMPATH/HTTP/Files/UploadedFile.php(130): CodeIgniter\HTTP\Files\UploadedFile->setPath()
 4 APPPATH/Controllers/ProductController.php(101): CodeIgniter\HTTP\Files\UploadedFile->move()
 5 SYSTEMPATH/CodeIgniter.php(927): App\Controllers\ProductController->store()
 6 SYSTEMPATH/CodeIgniter.php(482): CodeIgniter\CodeIgniter->runController()
 7 SYSTEMPATH/CodeIgniter.php(351): CodeIgniter\CodeIgniter->handleRequest()
 8 FCPATH/index.php(67): CodeIgniter\CodeIgniter->run()
ERROR - 2022-11-27 08:41:41 --> mysqli_sql_exception: Cannot add or update a child row: a foreign key constraint fails (`data`.`product_media`, CONSTRAINT `product_media_ibfk_1` FOREIGN KEY (`ProductId`) REFERENCES `products` (`ProductId`) ON DELETE CASCADE) in /app/system/Database/MySQLi/Connection.php:292
Stack trace:
#0 /app/system/Database/MySQLi/Connection.php(292): mysqli->query()
#1 /app/system/Database/BaseConnection.php(666): CodeIgniter\Database\MySQLi\Connection->execute()
#2 /app/system/Database/BaseConnection.php(593): CodeIgniter\Database\BaseConnection->simpleQuery()
#3 /app/system/Database/BaseBuilder.php(1916): CodeIgniter\Database\BaseConnection->query()
#4 /app/system/Model.php(279): CodeIgniter\Database\BaseBuilder->insert()
#5 /app/system/BaseModel.php(749): CodeIgniter\Model->doInsert()
#6 /app/system/Model.php(667): CodeIgniter\BaseModel->insert()
#7 /app/app/Controllers/ProductController.php(109): CodeIgniter\Model->insert()
#8 /app/system/CodeIgniter.php(927): App\Controllers\ProductController->store()
#9 /app/system/CodeIgniter.php(482): CodeIgniter\CodeIgniter->runController()
#10 /app/system/CodeIgniter.php(351): CodeIgniter\CodeIgniter->handleRequest()
#11 /app/public/index.php(67): CodeIgniter\CodeIgniter->run()
#12 {main}
CRITICAL - 2022-11-27 08:41:41 --> Cannot add or update a child row: a foreign key constraint fails (`data`.`product_media`, CONSTRAINT `product_media_ibfk_1` FOREIGN KEY (`ProductId`) REFERENCES `products` (`ProductId`) ON DELETE CASCADE)
in SYSTEMPATH/Database/MySQLi/Connection.php on line 292.
 1 SYSTEMPATH/Database/MySQLi/Connection.php(292): mysqli->query()
 2 SYSTEMPATH/Database/BaseConnection.php(666): CodeIgniter\Database\MySQLi\Connection->execute()
 3 SYSTEMPATH/Database/BaseConnection.php(593): CodeIgniter\Database\BaseConnection->simpleQuery()
 4 SYSTEMPATH/Database/BaseBuilder.php(1916): CodeIgniter\Database\BaseConnection->query()
 5 SYSTEMPATH/Model.php(279): CodeIgniter\Database\BaseBuilder->insert()
 6 SYSTEMPATH/BaseModel.php(749): CodeIgniter\Model->doInsert()
 7 SYSTEMPATH/Model.php(667): CodeIgniter\BaseModel->insert()
 8 APPPATH/Controllers/ProductController.php(109): CodeIgniter\Model->insert()
 9 SYSTEMPATH/CodeIgniter.php(927): App\Controllers\ProductController->store()
10 SYSTEMPATH/CodeIgniter.php(482): CodeIgniter\CodeIgniter->runController()
11 SYSTEMPATH/CodeIgniter.php(351): CodeIgniter\CodeIgniter->handleRequest()
12 FCPATH/index.php(67): CodeIgniter\CodeIgniter->run()
CRITICAL - 2022-11-27 08:47:00 --> The original file is not a valid file.
in SYSTEMPATH/HTTP/Files/UploadedFile.php on line 137.
 1 SYSTEMPATH/HTTP/Files/UploadedFile.php(137): CodeIgniter\HTTP\Exceptions\HTTPException::forInvalidFile()
 2 APPPATH/Controllers/ProductController.php(100): CodeIgniter\HTTP\Files\UploadedFile->move()
 3 SYSTEMPATH/CodeIgniter.php(927): App\Controllers\ProductController->store()
 4 SYSTEMPATH/CodeIgniter.php(482): CodeIgniter\CodeIgniter->runController()
 5 SYSTEMPATH/CodeIgniter.php(351): CodeIgniter\CodeIgniter->handleRequest()
 6 FCPATH/index.php(67): CodeIgniter\CodeIgniter->run()
CRITICAL - 2022-11-27 08:52:07 --> The original file is not a valid file.
in SYSTEMPATH/HTTP/Files/UploadedFile.php on line 137.
 1 SYSTEMPATH/HTTP/Files/UploadedFile.php(137): CodeIgniter\HTTP\Exceptions\HTTPException::forInvalidFile()
 2 APPPATH/Controllers/ProductController.php(101): CodeIgniter\HTTP\Files\UploadedFile->move()
 3 SYSTEMPATH/CodeIgniter.php(927): App\Controllers\ProductController->store()
 4 SYSTEMPATH/CodeIgniter.php(482): CodeIgniter\CodeIgniter->runController()
 5 SYSTEMPATH/CodeIgniter.php(351): CodeIgniter\CodeIgniter->handleRequest()
 6 FCPATH/index.php(67): CodeIgniter\CodeIgniter->run()
CRITICAL - 2022-11-27 08:57:34 --> The file "lemon_PNG25269-1731883623 (1).png" exceeds the upload limit defined in your form.(2)
in APPPATH/Controllers/ProductController.php on line 100.
 1 SYSTEMPATH/CodeIgniter.php(927): App\Controllers\ProductController->store()
 2 SYSTEMPATH/CodeIgniter.php(482): CodeIgniter\CodeIgniter->runController()
 3 SYSTEMPATH/CodeIgniter.php(351): CodeIgniter\CodeIgniter->handleRequest()
 4 FCPATH/index.php(67): CodeIgniter\CodeIgniter->run()
CRITICAL - 2022-11-27 08:58:45 --> The file "lemon_PNG25269-1731883623 (1).png" exceeds the upload limit defined in your form.(2)
in APPPATH/Controllers/ProductController.php on line 100.
 1 SYSTEMPATH/CodeIgniter.php(927): App\Controllers\ProductController->store()
 2 SYSTEMPATH/CodeIgniter.php(482): CodeIgniter\CodeIgniter->runController()
 3 SYSTEMPATH/CodeIgniter.php(351): CodeIgniter\CodeIgniter->handleRequest()
 4 FCPATH/index.php(67): CodeIgniter\CodeIgniter->run()
