ERROR - 2022-12-08 07:53:35 --> mysqli_sql_exception: You have an error in your SQL syntax; check the manual that corresponds to your MySQL server version for the right syntax to use near ')' at line 1 in /app/system/Database/MySQLi/Connection.php:292
Stack trace:
#0 /app/system/Database/MySQLi/Connection.php(292): mysqli->query()
#1 /app/system/Database/BaseConnection.php(666): CodeIgniter\Database\MySQLi\Connection->execute()
#2 /app/system/Database/BaseConnection.php(593): CodeIgniter\Database\BaseConnection->simpleQuery()
#3 /app/app/Models/ProductModel.php(29): CodeIgniter\Database\BaseConnection->query()
#4 /app/app/Controllers/ShoppingcartController.php(9): App\Models\ProductModel->getShoppinCart()
#5 /app/system/CodeIgniter.php(927): App\Controllers\ShoppingcartController->viewShoppingcart()
#6 /app/system/CodeIgniter.php(482): CodeIgniter\CodeIgniter->runController()
#7 /app/system/CodeIgniter.php(351): CodeIgniter\CodeIgniter->handleRequest()
#8 /app/public/index.php(67): CodeIgniter\CodeIgniter->run()
#9 {main}
CRITICAL - 2022-12-08 07:53:35 --> You have an error in your SQL syntax; check the manual that corresponds to your MySQL server version for the right syntax to use near ')' at line 1
in SYSTEMPATH/Database/MySQLi/Connection.php on line 292.
 1 SYSTEMPATH/Database/MySQLi/Connection.php(292): mysqli->query()
 2 SYSTEMPATH/Database/BaseConnection.php(666): CodeIgniter\Database\MySQLi\Connection->execute()
 3 SYSTEMPATH/Database/BaseConnection.php(593): CodeIgniter\Database\BaseConnection->simpleQuery()
 4 APPPATH/Models/ProductModel.php(29): CodeIgniter\Database\BaseConnection->query()
 5 APPPATH/Controllers/ShoppingcartController.php(9): App\Models\ProductModel->getShoppinCart()
 6 SYSTEMPATH/CodeIgniter.php(927): App\Controllers\ShoppingcartController->viewShoppingcart()
 7 SYSTEMPATH/CodeIgniter.php(482): CodeIgniter\CodeIgniter->runController()
 8 SYSTEMPATH/CodeIgniter.php(351): CodeIgniter\CodeIgniter->handleRequest()
 9 FCPATH/index.php(67): CodeIgniter\CodeIgniter->run()
ERROR - 2022-12-08 07:53:47 --> mysqli_sql_exception: You have an error in your SQL syntax; check the manual that corresponds to your MySQL server version for the right syntax to use near ')' at line 1 in /app/system/Database/MySQLi/Connection.php:292
Stack trace:
#0 /app/system/Database/MySQLi/Connection.php(292): mysqli->query()
#1 /app/system/Database/BaseConnection.php(666): CodeIgniter\Database\MySQLi\Connection->execute()
#2 /app/system/Database/BaseConnection.php(593): CodeIgniter\Database\BaseConnection->simpleQuery()
#3 /app/app/Models/ProductModel.php(29): CodeIgniter\Database\BaseConnection->query()
#4 /app/app/Controllers/ShoppingcartController.php(9): App\Models\ProductModel->getShoppinCart()
#5 /app/system/CodeIgniter.php(927): App\Controllers\ShoppingcartController->viewShoppingcart()
#6 /app/system/CodeIgniter.php(482): CodeIgniter\CodeIgniter->runController()
#7 /app/system/CodeIgniter.php(351): CodeIgniter\CodeIgniter->handleRequest()
#8 /app/public/index.php(67): CodeIgniter\CodeIgniter->run()
#9 {main}
CRITICAL - 2022-12-08 07:53:47 --> You have an error in your SQL syntax; check the manual that corresponds to your MySQL server version for the right syntax to use near ')' at line 1
in SYSTEMPATH/Database/MySQLi/Connection.php on line 292.
 1 SYSTEMPATH/Database/MySQLi/Connection.php(292): mysqli->query()
 2 SYSTEMPATH/Database/BaseConnection.php(666): CodeIgniter\Database\MySQLi\Connection->execute()
 3 SYSTEMPATH/Database/BaseConnection.php(593): CodeIgniter\Database\BaseConnection->simpleQuery()
 4 APPPATH/Models/ProductModel.php(29): CodeIgniter\Database\BaseConnection->query()
 5 APPPATH/Controllers/ShoppingcartController.php(9): App\Models\ProductModel->getShoppinCart()
 6 SYSTEMPATH/CodeIgniter.php(927): App\Controllers\ShoppingcartController->viewShoppingcart()
 7 SYSTEMPATH/CodeIgniter.php(482): CodeIgniter\CodeIgniter->runController()
 8 SYSTEMPATH/CodeIgniter.php(351): CodeIgniter\CodeIgniter->handleRequest()
 9 FCPATH/index.php(67): CodeIgniter\CodeIgniter->run()
ERROR - 2022-12-08 07:53:53 --> mysqli_sql_exception: You have an error in your SQL syntax; check the manual that corresponds to your MySQL server version for the right syntax to use near ')' at line 1 in /app/system/Database/MySQLi/Connection.php:292
Stack trace:
#0 /app/system/Database/MySQLi/Connection.php(292): mysqli->query()
#1 /app/system/Database/BaseConnection.php(666): CodeIgniter\Database\MySQLi\Connection->execute()
#2 /app/system/Database/BaseConnection.php(593): CodeIgniter\Database\BaseConnection->simpleQuery()
#3 /app/app/Models/ProductModel.php(29): CodeIgniter\Database\BaseConnection->query()
#4 /app/app/Controllers/ShoppingcartController.php(9): App\Models\ProductModel->getShoppinCart()
#5 /app/system/CodeIgniter.php(927): App\Controllers\ShoppingcartController->viewShoppingcart()
#6 /app/system/CodeIgniter.php(482): CodeIgniter\CodeIgniter->runController()
#7 /app/system/CodeIgniter.php(351): CodeIgniter\CodeIgniter->handleRequest()
#8 /app/public/index.php(67): CodeIgniter\CodeIgniter->run()
#9 {main}
CRITICAL - 2022-12-08 07:53:53 --> You have an error in your SQL syntax; check the manual that corresponds to your MySQL server version for the right syntax to use near ')' at line 1
in SYSTEMPATH/Database/MySQLi/Connection.php on line 292.
 1 SYSTEMPATH/Database/MySQLi/Connection.php(292): mysqli->query()
 2 SYSTEMPATH/Database/BaseConnection.php(666): CodeIgniter\Database\MySQLi\Connection->execute()
 3 SYSTEMPATH/Database/BaseConnection.php(593): CodeIgniter\Database\BaseConnection->simpleQuery()
 4 APPPATH/Models/ProductModel.php(29): CodeIgniter\Database\BaseConnection->query()
 5 APPPATH/Controllers/ShoppingcartController.php(9): App\Models\ProductModel->getShoppinCart()
 6 SYSTEMPATH/CodeIgniter.php(927): App\Controllers\ShoppingcartController->viewShoppingcart()
 7 SYSTEMPATH/CodeIgniter.php(482): CodeIgniter\CodeIgniter->runController()
 8 SYSTEMPATH/CodeIgniter.php(351): CodeIgniter\CodeIgniter->handleRequest()
 9 FCPATH/index.php(67): CodeIgniter\CodeIgniter->run()
ERROR - 2022-12-08 07:55:57 --> mysqli_sql_exception: You have an error in your SQL syntax; check the manual that corresponds to your MySQL server version for the right syntax to use near ')' at line 1 in /app/system/Database/MySQLi/Connection.php:292
Stack trace:
#0 /app/system/Database/MySQLi/Connection.php(292): mysqli->query()
#1 /app/system/Database/BaseConnection.php(666): CodeIgniter\Database\MySQLi\Connection->execute()
#2 /app/system/Database/BaseConnection.php(593): CodeIgniter\Database\BaseConnection->simpleQuery()
#3 /app/app/Models/ProductModel.php(29): CodeIgniter\Database\BaseConnection->query()
#4 /app/app/Controllers/ShoppingcartController.php(9): App\Models\ProductModel->getShoppinCart()
#5 /app/system/CodeIgniter.php(927): App\Controllers\ShoppingcartController->viewShoppingcart()
#6 /app/system/CodeIgniter.php(482): CodeIgniter\CodeIgniter->runController()
#7 /app/system/CodeIgniter.php(351): CodeIgniter\CodeIgniter->handleRequest()
#8 /app/public/index.php(67): CodeIgniter\CodeIgniter->run()
#9 {main}
CRITICAL - 2022-12-08 07:55:57 --> Call to a member function getResult() on bool
in APPPATH/Models/ProductModel.php on line 29.
 1 APPPATH/Controllers/ShoppingcartController.php(9): App\Models\ProductModel->getShoppinCart()
 2 SYSTEMPATH/CodeIgniter.php(927): App\Controllers\ShoppingcartController->viewShoppingcart()
 3 SYSTEMPATH/CodeIgniter.php(482): CodeIgniter\CodeIgniter->runController()
 4 SYSTEMPATH/CodeIgniter.php(351): CodeIgniter\CodeIgniter->handleRequest()
 5 FCPATH/index.php(67): CodeIgniter\CodeIgniter->run()
CRITICAL - 2022-12-08 07:57:19 --> count(): Argument #1 ($value) must be of type Countable|array, string given
in APPPATH/Models/ProductModel.php on line 29.
 1 APPPATH/Models/ProductModel.php(29): count()
 2 APPPATH/Controllers/ShoppingcartController.php(9): App\Models\ProductModel->getShoppinCart()
 3 SYSTEMPATH/CodeIgniter.php(927): App\Controllers\ShoppingcartController->viewShoppingcart()
 4 SYSTEMPATH/CodeIgniter.php(482): CodeIgniter\CodeIgniter->runController()
 5 SYSTEMPATH/CodeIgniter.php(351): CodeIgniter\CodeIgniter->handleRequest()
 6 FCPATH/index.php(67): CodeIgniter\CodeIgniter->run()
ERROR - 2022-12-08 07:57:51 --> mysqli_sql_exception: You have an error in your SQL syntax; check the manual that corresponds to your MySQL server version for the right syntax to use near ')' at line 1 in /app/system/Database/MySQLi/Connection.php:292
Stack trace:
#0 /app/system/Database/MySQLi/Connection.php(292): mysqli->query()
#1 /app/system/Database/BaseConnection.php(666): CodeIgniter\Database\MySQLi\Connection->execute()
#2 /app/system/Database/BaseConnection.php(593): CodeIgniter\Database\BaseConnection->simpleQuery()
#3 /app/app/Models/ProductModel.php(30): CodeIgniter\Database\BaseConnection->query()
#4 /app/app/Controllers/ShoppingcartController.php(9): App\Models\ProductModel->getShoppinCart()
#5 /app/system/CodeIgniter.php(927): App\Controllers\ShoppingcartController->viewShoppingcart()
#6 /app/system/CodeIgniter.php(482): CodeIgniter\CodeIgniter->runController()
#7 /app/system/CodeIgniter.php(351): CodeIgniter\CodeIgniter->handleRequest()
#8 /app/public/index.php(67): CodeIgniter\CodeIgniter->run()
#9 {main}
CRITICAL - 2022-12-08 07:57:51 --> You have an error in your SQL syntax; check the manual that corresponds to your MySQL server version for the right syntax to use near ')' at line 1
in SYSTEMPATH/Database/MySQLi/Connection.php on line 292.
 1 SYSTEMPATH/Database/MySQLi/Connection.php(292): mysqli->query()
 2 SYSTEMPATH/Database/BaseConnection.php(666): CodeIgniter\Database\MySQLi\Connection->execute()
 3 SYSTEMPATH/Database/BaseConnection.php(593): CodeIgniter\Database\BaseConnection->simpleQuery()
 4 APPPATH/Models/ProductModel.php(30): CodeIgniter\Database\BaseConnection->query()
 5 APPPATH/Controllers/ShoppingcartController.php(9): App\Models\ProductModel->getShoppinCart()
 6 SYSTEMPATH/CodeIgniter.php(927): App\Controllers\ShoppingcartController->viewShoppingcart()
 7 SYSTEMPATH/CodeIgniter.php(482): CodeIgniter\CodeIgniter->runController()
 8 SYSTEMPATH/CodeIgniter.php(351): CodeIgniter\CodeIgniter->handleRequest()
 9 FCPATH/index.php(67): CodeIgniter\CodeIgniter->run()
CRITICAL - 2022-12-08 07:58:02 --> count(): Argument #1 ($value) must be of type Countable|array, null given
in APPPATH/Views/shoppingcart/shoppingcart.php on line 17.
 1 SYSTEMPATH/View/View.php(213): include()
 2 SYSTEMPATH/View/View.php(216): CodeIgniter\View\View->CodeIgniter\View\{closure}()
 3 SYSTEMPATH/Common.php(1134): CodeIgniter\View\View->render()
 4 APPPATH/Controllers/ShoppingcartController.php(11): view()
 5 SYSTEMPATH/CodeIgniter.php(927): App\Controllers\ShoppingcartController->viewShoppingcart()
 6 SYSTEMPATH/CodeIgniter.php(482): CodeIgniter\CodeIgniter->runController()
 7 SYSTEMPATH/CodeIgniter.php(351): CodeIgniter\CodeIgniter->handleRequest()
 8 FCPATH/index.php(67): CodeIgniter\CodeIgniter->run()
CRITICAL - 2022-12-08 11:18:26 --> syntax error, unexpected variable "$i", expecting ";"
in APPPATH/Controllers/ShoppingcartController.php on line 33.
 1 SYSTEMPATH/Autoloader/Autoloader.php(259): CodeIgniter\Autoloader\Autoloader->includeFile()
 2 SYSTEMPATH/Autoloader/Autoloader.php(237): CodeIgniter\Autoloader\Autoloader->loadInNamespace()
 3 [internal function]: CodeIgniter\Autoloader\Autoloader->loadClass()
 4 SYSTEMPATH/CodeIgniter.php(877): class_exists()
 5 SYSTEMPATH/CodeIgniter.php(469): CodeIgniter\CodeIgniter->startController()
 6 SYSTEMPATH/CodeIgniter.php(351): CodeIgniter\CodeIgniter->handleRequest()
 7 FCPATH/index.php(67): CodeIgniter\CodeIgniter->run()
CRITICAL - 2022-12-08 11:30:50 --> Undefined array key "productId"
in APPPATH/Controllers/ShoppingcartController.php on line 34.
 1 APPPATH/Controllers/ShoppingcartController.php(34): CodeIgniter\Debug\Exceptions->errorHandler()
 2 SYSTEMPATH/CodeIgniter.php(927): App\Controllers\ShoppingcartController->removeProduct()
 3 SYSTEMPATH/CodeIgniter.php(482): CodeIgniter\CodeIgniter->runController()
 4 SYSTEMPATH/CodeIgniter.php(351): CodeIgniter\CodeIgniter->handleRequest()
 5 FCPATH/index.php(67): CodeIgniter\CodeIgniter->run()
CRITICAL - 2022-12-08 12:26:36 --> Undefined array key "productId"
in APPPATH/Controllers/ShoppingcartController.php on line 34.
 1 APPPATH/Controllers/ShoppingcartController.php(34): CodeIgniter\Debug\Exceptions->errorHandler()
 2 SYSTEMPATH/CodeIgniter.php(927): App\Controllers\ShoppingcartController->removeProduct()
 3 SYSTEMPATH/CodeIgniter.php(482): CodeIgniter\CodeIgniter->runController()
 4 SYSTEMPATH/CodeIgniter.php(351): CodeIgniter\CodeIgniter->handleRequest()
 5 FCPATH/index.php(67): CodeIgniter\CodeIgniter->run()
CRITICAL - 2022-12-08 12:27:01 --> Undefined array key "ProductId"
in APPPATH/Controllers/ShoppingcartController.php on line 35.
 1 APPPATH/Controllers/ShoppingcartController.php(35): CodeIgniter\Debug\Exceptions->errorHandler()
 2 SYSTEMPATH/CodeIgniter.php(927): App\Controllers\ShoppingcartController->removeProduct()
 3 SYSTEMPATH/CodeIgniter.php(482): CodeIgniter\CodeIgniter->runController()
 4 SYSTEMPATH/CodeIgniter.php(351): CodeIgniter\CodeIgniter->handleRequest()
 5 FCPATH/index.php(67): CodeIgniter\CodeIgniter->run()
CRITICAL - 2022-12-08 12:37:25 --> syntax error, unexpected end of file, expecting "elseif" or "else" or "endif"
in APPPATH/Views/shoppingcart/shoppingcart.php on line 135.
 1 SYSTEMPATH/View/View.php(216): CodeIgniter\View\View->CodeIgniter\View\{closure}()
 2 SYSTEMPATH/Common.php(1134): CodeIgniter\View\View->render()
 3 APPPATH/Controllers/ShoppingcartController.php(11): view()
 4 SYSTEMPATH/CodeIgniter.php(927): App\Controllers\ShoppingcartController->viewShoppingcart()
 5 SYSTEMPATH/CodeIgniter.php(482): CodeIgniter\CodeIgniter->runController()
 6 SYSTEMPATH/CodeIgniter.php(351): CodeIgniter\CodeIgniter->handleRequest()
 7 FCPATH/index.php(67): CodeIgniter\CodeIgniter->run()
CRITICAL - 2022-12-08 13:53:02 --> syntax error, unexpected variable "$OrderModels"
in APPPATH/Controllers/ShoppingcartController.php on line 45.
 1 SYSTEMPATH/Autoloader/Autoloader.php(259): CodeIgniter\Autoloader\Autoloader->includeFile()
 2 SYSTEMPATH/Autoloader/Autoloader.php(237): CodeIgniter\Autoloader\Autoloader->loadInNamespace()
 3 [internal function]: CodeIgniter\Autoloader\Autoloader->loadClass()
 4 SYSTEMPATH/CodeIgniter.php(877): class_exists()
 5 SYSTEMPATH/CodeIgniter.php(469): CodeIgniter\CodeIgniter->startController()
 6 SYSTEMPATH/CodeIgniter.php(351): CodeIgniter\CodeIgniter->handleRequest()
 7 FCPATH/index.php(67): CodeIgniter\CodeIgniter->run()
CRITICAL - 2022-12-08 13:57:37 --> Attempt to read property "unset" on array
in APPPATH/Controllers/ShoppingcartController.php on line 45.
 1 APPPATH/Controllers/ShoppingcartController.php(45): CodeIgniter\Debug\Exceptions->errorHandler()
 2 SYSTEMPATH/CodeIgniter.php(927): App\Controllers\ShoppingcartController->placeOrder()
 3 SYSTEMPATH/CodeIgniter.php(482): CodeIgniter\CodeIgniter->runController()
 4 SYSTEMPATH/CodeIgniter.php(351): CodeIgniter\CodeIgniter->handleRequest()
 5 FCPATH/index.php(67): CodeIgniter\CodeIgniter->run()
CRITICAL - 2022-12-08 13:58:39 --> Undefined array key "ShoppingCart"
in APPPATH/Controllers/ShoppingcartController.php on line 9.
 1 APPPATH/Controllers/ShoppingcartController.php(9): CodeIgniter\Debug\Exceptions->errorHandler()
 2 SYSTEMPATH/CodeIgniter.php(927): App\Controllers\ShoppingcartController->viewShoppingcart()
 3 SYSTEMPATH/CodeIgniter.php(482): CodeIgniter\CodeIgniter->runController()
 4 SYSTEMPATH/CodeIgniter.php(351): CodeIgniter\CodeIgniter->handleRequest()
 5 FCPATH/index.php(67): CodeIgniter\CodeIgniter->run()
CRITICAL - 2022-12-08 13:58:45 --> Undefined array key "ShoppingCart"
in APPPATH/Controllers/ShoppingcartController.php on line 9.
 1 APPPATH/Controllers/ShoppingcartController.php(9): CodeIgniter\Debug\Exceptions->errorHandler()
 2 SYSTEMPATH/CodeIgniter.php(927): App\Controllers\ShoppingcartController->viewShoppingcart()
 3 SYSTEMPATH/CodeIgniter.php(482): CodeIgniter\CodeIgniter->runController()
 4 SYSTEMPATH/CodeIgniter.php(351): CodeIgniter\CodeIgniter->handleRequest()
 5 FCPATH/index.php(67): CodeIgniter\CodeIgniter->run()
CRITICAL - 2022-12-08 15:00:35 --> Too few arguments to function App\Models\OrdersModel::getOrders(), 0 passed in /app/app/Controllers/ProfileController.php on line 20 and exactly 1 expected
in APPPATH/Models/OrdersModel.php on line 17.
 1 APPPATH/Controllers/ProfileController.php(20): App\Models\OrdersModel->getOrders()
 2 SYSTEMPATH/CodeIgniter.php(927): App\Controllers\ProfileController->viewOrders()
 3 SYSTEMPATH/CodeIgniter.php(482): CodeIgniter\CodeIgniter->runController()
 4 SYSTEMPATH/CodeIgniter.php(351): CodeIgniter\CodeIgniter->handleRequest()
 5 FCPATH/index.php(67): CodeIgniter\CodeIgniter->run()
CRITICAL - 2022-12-08 15:00:58 --> Call to undefined method CodeIgniter\Database\MySQLi\Result::getResults()
in APPPATH/Models/OrdersModel.php on line 19.
 1 APPPATH/Controllers/ProfileController.php(20): App\Models\OrdersModel->getOrders()
 2 SYSTEMPATH/CodeIgniter.php(927): App\Controllers\ProfileController->viewOrders()
 3 SYSTEMPATH/CodeIgniter.php(482): CodeIgniter\CodeIgniter->runController()
 4 SYSTEMPATH/CodeIgniter.php(351): CodeIgniter\CodeIgniter->handleRequest()
 5 FCPATH/index.php(67): CodeIgniter\CodeIgniter->run()
CRITICAL - 2022-12-08 15:01:52 --> Undefined variable $CustomerId
in APPPATH/Models/OrdersModel.php on line 19.
 1 APPPATH/Models/OrdersModel.php(19): CodeIgniter\Debug\Exceptions->errorHandler()
 2 APPPATH/Controllers/ProfileController.php(20): App\Models\OrdersModel->getOrders()
 3 SYSTEMPATH/CodeIgniter.php(927): App\Controllers\ProfileController->viewOrders()
 4 SYSTEMPATH/CodeIgniter.php(482): CodeIgniter\CodeIgniter->runController()
 5 SYSTEMPATH/CodeIgniter.php(351): CodeIgniter\CodeIgniter->handleRequest()
 6 FCPATH/index.php(67): CodeIgniter\CodeIgniter->run()
CRITICAL - 2022-12-08 15:05:49 --> Undefined variable $OrderData
in APPPATH/Models/OrdersModel.php on line 21.
 1 APPPATH/Models/OrdersModel.php(21): CodeIgniter\Debug\Exceptions->errorHandler()
 2 APPPATH/Controllers/ProfileController.php(20): App\Models\OrdersModel->getOrders()
 3 SYSTEMPATH/CodeIgniter.php(927): App\Controllers\ProfileController->viewOrders()
 4 SYSTEMPATH/CodeIgniter.php(482): CodeIgniter\CodeIgniter->runController()
 5 SYSTEMPATH/CodeIgniter.php(351): CodeIgniter\CodeIgniter->handleRequest()
 6 FCPATH/index.php(67): CodeIgniter\CodeIgniter->run()
CRITICAL - 2022-12-08 15:07:54 --> syntax error, unexpected token ","
in APPPATH/Models/OrdersModel.php on line 21.
 1 SYSTEMPATH/Autoloader/Autoloader.php(259): CodeIgniter\Autoloader\Autoloader->includeFile()
 2 SYSTEMPATH/Autoloader/Autoloader.php(237): CodeIgniter\Autoloader\Autoloader->loadInNamespace()
 3 [internal function]: CodeIgniter\Autoloader\Autoloader->loadClass()
 4 SYSTEMPATH/Config/Factories.php(155): class_exists()
 5 SYSTEMPATH/Config/Factories.php(125): CodeIgniter\Config\Factories::locateClass()
 6 SYSTEMPATH/Config/Factories.php(86): CodeIgniter\Config\Factories::__callStatic()
 7 SYSTEMPATH/Common.php(809): CodeIgniter\Config\Factories::models()
 8 APPPATH/Controllers/ProfileController.php(19): model()
 9 SYSTEMPATH/CodeIgniter.php(927): App\Controllers\ProfileController->viewOrders()
10 SYSTEMPATH/CodeIgniter.php(482): CodeIgniter\CodeIgniter->runController()
11 SYSTEMPATH/CodeIgniter.php(351): CodeIgniter\CodeIgniter->handleRequest()
12 FCPATH/index.php(67): CodeIgniter\CodeIgniter->run()
CRITICAL - 2022-12-08 15:11:55 --> syntax error, unexpected token "return"
in APPPATH/Controllers/ProfileController.php on line 23.
 1 SYSTEMPATH/Autoloader/Autoloader.php(259): CodeIgniter\Autoloader\Autoloader->includeFile()
 2 SYSTEMPATH/Autoloader/Autoloader.php(237): CodeIgniter\Autoloader\Autoloader->loadInNamespace()
 3 [internal function]: CodeIgniter\Autoloader\Autoloader->loadClass()
 4 SYSTEMPATH/CodeIgniter.php(877): class_exists()
 5 SYSTEMPATH/CodeIgniter.php(469): CodeIgniter\CodeIgniter->startController()
 6 SYSTEMPATH/CodeIgniter.php(351): CodeIgniter\CodeIgniter->handleRequest()
 7 FCPATH/index.php(67): CodeIgniter\CodeIgniter->run()
CRITICAL - 2022-12-08 15:13:36 --> Cannot use object of type stdClass as array
in APPPATH/Models/ProductModel.php on line 38.
 1 APPPATH/Controllers/ProfileController.php(22): App\Models\ProductModel->getSelectedProducts()
 2 SYSTEMPATH/CodeIgniter.php(927): App\Controllers\ProfileController->viewOrders()
 3 SYSTEMPATH/CodeIgniter.php(482): CodeIgniter\CodeIgniter->runController()
 4 SYSTEMPATH/CodeIgniter.php(351): CodeIgniter\CodeIgniter->handleRequest()
 5 FCPATH/index.php(67): CodeIgniter\CodeIgniter->run()
CRITICAL - 2022-12-08 15:14:48 --> Undefined array key 1
in APPPATH/Controllers/ProfileController.php on line 22.
 1 APPPATH/Controllers/ProfileController.php(22): CodeIgniter\Debug\Exceptions->errorHandler()
 2 SYSTEMPATH/CodeIgniter.php(927): App\Controllers\ProfileController->viewOrders()
 3 SYSTEMPATH/CodeIgniter.php(482): CodeIgniter\CodeIgniter->runController()
 4 SYSTEMPATH/CodeIgniter.php(351): CodeIgniter\CodeIgniter->handleRequest()
 5 FCPATH/index.php(67): CodeIgniter\CodeIgniter->run()
CRITICAL - 2022-12-08 15:15:02 --> Attempt to read property "ProductId" on array
in APPPATH/Models/ProductModel.php on line 38.
 1 APPPATH/Models/ProductModel.php(38): CodeIgniter\Debug\Exceptions->errorHandler()
 2 APPPATH/Controllers/ProfileController.php(22): App\Models\ProductModel->getSelectedProducts()
 3 SYSTEMPATH/CodeIgniter.php(927): App\Controllers\ProfileController->viewOrders()
 4 SYSTEMPATH/CodeIgniter.php(482): CodeIgniter\CodeIgniter->runController()
 5 SYSTEMPATH/CodeIgniter.php(351): CodeIgniter\CodeIgniter->handleRequest()
 6 FCPATH/index.php(67): CodeIgniter\CodeIgniter->run()
CRITICAL - 2022-12-08 15:15:17 --> Undefined array key "ProductId"
in APPPATH/Models/ProductModel.php on line 38.
 1 APPPATH/Models/ProductModel.php(38): CodeIgniter\Debug\Exceptions->errorHandler()
 2 APPPATH/Controllers/ProfileController.php(22): App\Models\ProductModel->getSelectedProducts()
 3 SYSTEMPATH/CodeIgniter.php(927): App\Controllers\ProfileController->viewOrders()
 4 SYSTEMPATH/CodeIgniter.php(482): CodeIgniter\CodeIgniter->runController()
 5 SYSTEMPATH/CodeIgniter.php(351): CodeIgniter\CodeIgniter->handleRequest()
 6 FCPATH/index.php(67): CodeIgniter\CodeIgniter->run()
CRITICAL - 2022-12-08 15:16:43 --> Undefined array key 1
in APPPATH/Controllers/ProfileController.php on line 22.
 1 APPPATH/Controllers/ProfileController.php(22): CodeIgniter\Debug\Exceptions->errorHandler()
 2 SYSTEMPATH/CodeIgniter.php(927): App\Controllers\ProfileController->viewOrders()
 3 SYSTEMPATH/CodeIgniter.php(482): CodeIgniter\CodeIgniter->runController()
 4 SYSTEMPATH/CodeIgniter.php(351): CodeIgniter\CodeIgniter->handleRequest()
 5 FCPATH/index.php(67): CodeIgniter\CodeIgniter->run()
CRITICAL - 2022-12-08 15:18:56 --> Cannot use object of type stdClass as array
in APPPATH/Models/ProductModel.php on line 38.
 1 APPPATH/Controllers/ProfileController.php(22): App\Models\ProductModel->getSelectedProducts()
 2 SYSTEMPATH/CodeIgniter.php(927): App\Controllers\ProfileController->viewOrders()
 3 SYSTEMPATH/CodeIgniter.php(482): CodeIgniter\CodeIgniter->runController()
 4 SYSTEMPATH/CodeIgniter.php(351): CodeIgniter\CodeIgniter->handleRequest()
 5 FCPATH/index.php(67): CodeIgniter\CodeIgniter->run()
CRITICAL - 2022-12-08 15:37:33 --> Undefined variable $customerId
in APPPATH/Models/ProductModel.php on line 37.
 1 APPPATH/Models/ProductModel.php(37): CodeIgniter\Debug\Exceptions->errorHandler()
 2 APPPATH/Controllers/ProfileController.php(22): App\Models\ProductModel->getOrderProducts()
 3 SYSTEMPATH/CodeIgniter.php(927): App\Controllers\ProfileController->viewOrders()
 4 SYSTEMPATH/CodeIgniter.php(482): CodeIgniter\CodeIgniter->runController()
 5 SYSTEMPATH/CodeIgniter.php(351): CodeIgniter\CodeIgniter->handleRequest()
 6 FCPATH/index.php(67): CodeIgniter\CodeIgniter->run()
CRITICAL - 2022-12-08 16:33:11 --> Call to undefined method App\Models\OrdersModel::getAddressData
in SYSTEMPATH/Model.php on line 774.
 1 APPPATH/Controllers/ProfileController.php(20): CodeIgniter\Model->__call()
 2 SYSTEMPATH/CodeIgniter.php(927): App\Controllers\ProfileController->viewOrders()
 3 SYSTEMPATH/CodeIgniter.php(482): CodeIgniter\CodeIgniter->runController()
 4 SYSTEMPATH/CodeIgniter.php(351): CodeIgniter\CodeIgniter->handleRequest()
 5 FCPATH/index.php(67): CodeIgniter\CodeIgniter->run()
CRITICAL - 2022-12-08 16:40:34 --> Object of class stdClass could not be converted to string
in APPPATH/Models/ProductModel.php on line 39.
 1 APPPATH/Models/ProductModel.php(39): join()
 2 APPPATH/Controllers/ProfileController.php(23): App\Models\ProductModel->getOrderProducts()
 3 SYSTEMPATH/CodeIgniter.php(927): App\Controllers\ProfileController->viewOrders()
 4 SYSTEMPATH/CodeIgniter.php(482): CodeIgniter\CodeIgniter->runController()
 5 SYSTEMPATH/CodeIgniter.php(351): CodeIgniter\CodeIgniter->handleRequest()
 6 FCPATH/index.php(67): CodeIgniter\CodeIgniter->run()
CRITICAL - 2022-12-08 16:41:57 --> Undefined array key "OrderId"
in APPPATH/Models/ProductModel.php on line 40.
 1 APPPATH/Models/ProductModel.php(40): CodeIgniter\Debug\Exceptions->errorHandler()
 2 APPPATH/Controllers/ProfileController.php(23): App\Models\ProductModel->getOrderProducts()
 3 SYSTEMPATH/CodeIgniter.php(927): App\Controllers\ProfileController->viewOrders()
 4 SYSTEMPATH/CodeIgniter.php(482): CodeIgniter\CodeIgniter->runController()
 5 SYSTEMPATH/CodeIgniter.php(351): CodeIgniter\CodeIgniter->handleRequest()
 6 FCPATH/index.php(67): CodeIgniter\CodeIgniter->run()
CRITICAL - 2022-12-08 16:42:05 --> Attempt to read property "OrderId" on array
in APPPATH/Models/ProductModel.php on line 40.
 1 APPPATH/Models/ProductModel.php(40): CodeIgniter\Debug\Exceptions->errorHandler()
 2 APPPATH/Controllers/ProfileController.php(23): App\Models\ProductModel->getOrderProducts()
 3 SYSTEMPATH/CodeIgniter.php(927): App\Controllers\ProfileController->viewOrders()
 4 SYSTEMPATH/CodeIgniter.php(482): CodeIgniter\CodeIgniter->runController()
 5 SYSTEMPATH/CodeIgniter.php(351): CodeIgniter\CodeIgniter->handleRequest()
 6 FCPATH/index.php(67): CodeIgniter\CodeIgniter->run()
CRITICAL - 2022-12-08 16:45:03 --> Object of class stdClass could not be converted to string
in APPPATH/Models/ProductModel.php on line 49.
 1 APPPATH/Controllers/ProfileController.php(23): App\Models\ProductModel->getOrderProducts()
 2 SYSTEMPATH/CodeIgniter.php(927): App\Controllers\ProfileController->viewOrders()
 3 SYSTEMPATH/CodeIgniter.php(482): CodeIgniter\CodeIgniter->runController()
 4 SYSTEMPATH/CodeIgniter.php(351): CodeIgniter\CodeIgniter->handleRequest()
 5 FCPATH/index.php(67): CodeIgniter\CodeIgniter->run()
CRITICAL - 2022-12-08 17:05:05 --> syntax error, unexpected token "endforeach", expecting end of file
in APPPATH/Views/profile/Orders.php on line 17.
 1 SYSTEMPATH/View/View.php(216): CodeIgniter\View\View->CodeIgniter\View\{closure}()
 2 SYSTEMPATH/Common.php(1134): CodeIgniter\View\View->render()
 3 APPPATH/Controllers/ProfileController.php(25): view()
 4 SYSTEMPATH/CodeIgniter.php(927): App\Controllers\ProfileController->viewOrders()
 5 SYSTEMPATH/CodeIgniter.php(482): CodeIgniter\CodeIgniter->runController()
 6 SYSTEMPATH/CodeIgniter.php(351): CodeIgniter\CodeIgniter->handleRequest()
 7 FCPATH/index.php(67): CodeIgniter\CodeIgniter->run()
