ERROR - 2022-12-14 08:08:49 --> mysqli_sql_exception: You have an error in your SQL syntax; check the manual that corresponds to your MySQL server version for the right syntax to use near '@gmail.com and Password = qsdfq' at line 1 in /app/system/Database/MySQLi/Connection.php:292
Stack trace:
#0 /app/system/Database/MySQLi/Connection.php(292): mysqli->query()
#1 /app/system/Database/BaseConnection.php(666): CodeIgniter\Database\MySQLi\Connection->execute()
#2 /app/system/Database/BaseConnection.php(593): CodeIgniter\Database\BaseConnection->simpleQuery()
#3 /app/app/Models/UsersModel.php(21): CodeIgniter\Database\BaseConnection->query()
#4 /app/app/Controllers/LoginController.php(16): App\Models\UsersModel->isValidUser()
#5 /app/system/CodeIgniter.php(927): App\Controllers\LoginController->validateLogin()
#6 /app/system/CodeIgniter.php(482): CodeIgniter\CodeIgniter->runController()
#7 /app/system/CodeIgniter.php(351): CodeIgniter\CodeIgniter->handleRequest()
#8 /app/public/index.php(67): CodeIgniter\CodeIgniter->run()
#9 {main}
CRITICAL - 2022-12-14 08:08:49 --> Call to a member function getResult() on bool
in APPPATH/Models/UsersModel.php on line 21.
 1 APPPATH/Controllers/LoginController.php(16): App\Models\UsersModel->isValidUser()
 2 SYSTEMPATH/CodeIgniter.php(927): App\Controllers\LoginController->validateLogin()
 3 SYSTEMPATH/CodeIgniter.php(482): CodeIgniter\CodeIgniter->runController()
 4 SYSTEMPATH/CodeIgniter.php(351): CodeIgniter\CodeIgniter->handleRequest()
 5 FCPATH/index.php(67): CodeIgniter\CodeIgniter->run()
ERROR - 2022-12-14 08:08:59 --> mysqli_sql_exception: You have an error in your SQL syntax; check the manual that corresponds to your MySQL server version for the right syntax to use near '@gmail.com and Password = qsdfq' at line 1 in /app/system/Database/MySQLi/Connection.php:292
Stack trace:
#0 /app/system/Database/MySQLi/Connection.php(292): mysqli->query()
#1 /app/system/Database/BaseConnection.php(666): CodeIgniter\Database\MySQLi\Connection->execute()
#2 /app/system/Database/BaseConnection.php(593): CodeIgniter\Database\BaseConnection->simpleQuery()
#3 /app/app/Models/UsersModel.php(21): CodeIgniter\Database\BaseConnection->query()
#4 /app/app/Controllers/LoginController.php(16): App\Models\UsersModel->isValidUser()
#5 /app/system/CodeIgniter.php(927): App\Controllers\LoginController->validateLogin()
#6 /app/system/CodeIgniter.php(482): CodeIgniter\CodeIgniter->runController()
#7 /app/system/CodeIgniter.php(351): CodeIgniter\CodeIgniter->handleRequest()
#8 /app/public/index.php(67): CodeIgniter\CodeIgniter->run()
#9 {main}
CRITICAL - 2022-12-14 08:08:59 --> You have an error in your SQL syntax; check the manual that corresponds to your MySQL server version for the right syntax to use near '@gmail.com and Password = qsdfq' at line 1
in SYSTEMPATH/Database/MySQLi/Connection.php on line 292.
 1 SYSTEMPATH/Database/MySQLi/Connection.php(292): mysqli->query()
 2 SYSTEMPATH/Database/BaseConnection.php(666): CodeIgniter\Database\MySQLi\Connection->execute()
 3 SYSTEMPATH/Database/BaseConnection.php(593): CodeIgniter\Database\BaseConnection->simpleQuery()
 4 APPPATH/Models/UsersModel.php(21): CodeIgniter\Database\BaseConnection->query()
 5 APPPATH/Controllers/LoginController.php(16): App\Models\UsersModel->isValidUser()
 6 SYSTEMPATH/CodeIgniter.php(927): App\Controllers\LoginController->validateLogin()
 7 SYSTEMPATH/CodeIgniter.php(482): CodeIgniter\CodeIgniter->runController()
 8 SYSTEMPATH/CodeIgniter.php(351): CodeIgniter\CodeIgniter->handleRequest()
 9 FCPATH/index.php(67): CodeIgniter\CodeIgniter->run()
ERROR - 2022-12-14 08:09:56 --> mysqli_sql_exception: You have an error in your SQL syntax; check the manual that corresponds to your MySQL server version for the right syntax to use near '@gmail.com and Password = qsdfq' at line 1 in /app/system/Database/MySQLi/Connection.php:292
Stack trace:
#0 /app/system/Database/MySQLi/Connection.php(292): mysqli->query()
#1 /app/system/Database/BaseConnection.php(666): CodeIgniter\Database\MySQLi\Connection->execute()
#2 /app/system/Database/BaseConnection.php(593): CodeIgniter\Database\BaseConnection->simpleQuery()
#3 /app/app/Models/UsersModel.php(21): CodeIgniter\Database\BaseConnection->query()
#4 /app/app/Controllers/LoginController.php(16): App\Models\UsersModel->isValidUser()
#5 /app/system/CodeIgniter.php(927): App\Controllers\LoginController->validateLogin()
#6 /app/system/CodeIgniter.php(482): CodeIgniter\CodeIgniter->runController()
#7 /app/system/CodeIgniter.php(351): CodeIgniter\CodeIgniter->handleRequest()
#8 /app/public/index.php(67): CodeIgniter\CodeIgniter->run()
#9 {main}
CRITICAL - 2022-12-14 08:09:56 --> You have an error in your SQL syntax; check the manual that corresponds to your MySQL server version for the right syntax to use near '@gmail.com and Password = qsdfq' at line 1
in SYSTEMPATH/Database/MySQLi/Connection.php on line 292.
 1 SYSTEMPATH/Database/MySQLi/Connection.php(292): mysqli->query()
 2 SYSTEMPATH/Database/BaseConnection.php(666): CodeIgniter\Database\MySQLi\Connection->execute()
 3 SYSTEMPATH/Database/BaseConnection.php(593): CodeIgniter\Database\BaseConnection->simpleQuery()
 4 APPPATH/Models/UsersModel.php(21): CodeIgniter\Database\BaseConnection->query()
 5 APPPATH/Controllers/LoginController.php(16): App\Models\UsersModel->isValidUser()
 6 SYSTEMPATH/CodeIgniter.php(927): App\Controllers\LoginController->validateLogin()
 7 SYSTEMPATH/CodeIgniter.php(482): CodeIgniter\CodeIgniter->runController()
 8 SYSTEMPATH/CodeIgniter.php(351): CodeIgniter\CodeIgniter->handleRequest()
 9 FCPATH/index.php(67): CodeIgniter\CodeIgniter->run()
ERROR - 2022-12-14 08:10:28 --> mysqli_sql_exception: You have an error in your SQL syntax; check the manual that corresponds to your MySQL server version for the right syntax to use near '@gmail.com and Password = qsdfq' at line 1 in /app/system/Database/MySQLi/Connection.php:292
Stack trace:
#0 /app/system/Database/MySQLi/Connection.php(292): mysqli->query()
#1 /app/system/Database/BaseConnection.php(666): CodeIgniter\Database\MySQLi\Connection->execute()
#2 /app/system/Database/BaseConnection.php(593): CodeIgniter\Database\BaseConnection->simpleQuery()
#3 /app/app/Models/UsersModel.php(21): CodeIgniter\Database\BaseConnection->query()
#4 /app/app/Controllers/LoginController.php(16): App\Models\UsersModel->isValidUser()
#5 /app/system/CodeIgniter.php(927): App\Controllers\LoginController->validateLogin()
#6 /app/system/CodeIgniter.php(482): CodeIgniter\CodeIgniter->runController()
#7 /app/system/CodeIgniter.php(351): CodeIgniter\CodeIgniter->handleRequest()
#8 /app/public/index.php(67): CodeIgniter\CodeIgniter->run()
#9 {main}
CRITICAL - 2022-12-14 08:10:28 --> You have an error in your SQL syntax; check the manual that corresponds to your MySQL server version for the right syntax to use near '@gmail.com and Password = qsdfq' at line 1
in SYSTEMPATH/Database/MySQLi/Connection.php on line 292.
 1 SYSTEMPATH/Database/MySQLi/Connection.php(292): mysqli->query()
 2 SYSTEMPATH/Database/BaseConnection.php(666): CodeIgniter\Database\MySQLi\Connection->execute()
 3 SYSTEMPATH/Database/BaseConnection.php(593): CodeIgniter\Database\BaseConnection->simpleQuery()
 4 APPPATH/Models/UsersModel.php(21): CodeIgniter\Database\BaseConnection->query()
 5 APPPATH/Controllers/LoginController.php(16): App\Models\UsersModel->isValidUser()
 6 SYSTEMPATH/CodeIgniter.php(927): App\Controllers\LoginController->validateLogin()
 7 SYSTEMPATH/CodeIgniter.php(482): CodeIgniter\CodeIgniter->runController()
 8 SYSTEMPATH/CodeIgniter.php(351): CodeIgniter\CodeIgniter->handleRequest()
 9 FCPATH/index.php(67): CodeIgniter\CodeIgniter->run()
ERROR - 2022-12-14 08:10:38 --> mysqli_sql_exception: You have an error in your SQL syntax; check the manual that corresponds to your MySQL server version for the right syntax to use near '@gmail.com and Password = qsdfqsdf' at line 1 in /app/system/Database/MySQLi/Connection.php:292
Stack trace:
#0 /app/system/Database/MySQLi/Connection.php(292): mysqli->query()
#1 /app/system/Database/BaseConnection.php(666): CodeIgniter\Database\MySQLi\Connection->execute()
#2 /app/system/Database/BaseConnection.php(593): CodeIgniter\Database\BaseConnection->simpleQuery()
#3 /app/app/Models/UsersModel.php(21): CodeIgniter\Database\BaseConnection->query()
#4 /app/app/Controllers/LoginController.php(16): App\Models\UsersModel->isValidUser()
#5 /app/system/CodeIgniter.php(927): App\Controllers\LoginController->validateLogin()
#6 /app/system/CodeIgniter.php(482): CodeIgniter\CodeIgniter->runController()
#7 /app/system/CodeIgniter.php(351): CodeIgniter\CodeIgniter->handleRequest()
#8 /app/public/index.php(67): CodeIgniter\CodeIgniter->run()
#9 {main}
CRITICAL - 2022-12-14 08:10:38 --> You have an error in your SQL syntax; check the manual that corresponds to your MySQL server version for the right syntax to use near '@gmail.com and Password = qsdfqsdf' at line 1
in SYSTEMPATH/Database/MySQLi/Connection.php on line 292.
 1 SYSTEMPATH/Database/MySQLi/Connection.php(292): mysqli->query()
 2 SYSTEMPATH/Database/BaseConnection.php(666): CodeIgniter\Database\MySQLi\Connection->execute()
 3 SYSTEMPATH/Database/BaseConnection.php(593): CodeIgniter\Database\BaseConnection->simpleQuery()
 4 APPPATH/Models/UsersModel.php(21): CodeIgniter\Database\BaseConnection->query()
 5 APPPATH/Controllers/LoginController.php(16): App\Models\UsersModel->isValidUser()
 6 SYSTEMPATH/CodeIgniter.php(927): App\Controllers\LoginController->validateLogin()
 7 SYSTEMPATH/CodeIgniter.php(482): CodeIgniter\CodeIgniter->runController()
 8 SYSTEMPATH/CodeIgniter.php(351): CodeIgniter\CodeIgniter->handleRequest()
 9 FCPATH/index.php(67): CodeIgniter\CodeIgniter->run()
CRITICAL - 2022-12-14 08:11:17 --> syntax error, unexpected variable "$email", expecting ")"
in APPPATH/Models/UsersModel.php on line 21.
 1 SYSTEMPATH/Autoloader/Autoloader.php(259): CodeIgniter\Autoloader\Autoloader->includeFile()
 2 SYSTEMPATH/Autoloader/Autoloader.php(237): CodeIgniter\Autoloader\Autoloader->loadInNamespace()
 3 [internal function]: CodeIgniter\Autoloader\Autoloader->loadClass()
 4 SYSTEMPATH/Config/Factories.php(155): class_exists()
 5 SYSTEMPATH/Config/Factories.php(125): CodeIgniter\Config\Factories::locateClass()
 6 SYSTEMPATH/Config/Factories.php(86): CodeIgniter\Config\Factories::__callStatic()
 7 SYSTEMPATH/Common.php(809): CodeIgniter\Config\Factories::models()
 8 APPPATH/Controllers/LoginController.php(15): model()
 9 SYSTEMPATH/CodeIgniter.php(927): App\Controllers\LoginController->validateLogin()
10 SYSTEMPATH/CodeIgniter.php(482): CodeIgniter\CodeIgniter->runController()
11 SYSTEMPATH/CodeIgniter.php(351): CodeIgniter\CodeIgniter->handleRequest()
12 FCPATH/index.php(67): CodeIgniter\CodeIgniter->run()
ERROR - 2022-12-14 08:12:23 --> mysqli_sql_exception: You have an error in your SQL syntax; check the manual that corresponds to your MySQL server version for the right syntax to use near '@gmail.com and Password = qsdfqsdf' at line 1 in /app/system/Database/MySQLi/Connection.php:292
Stack trace:
#0 /app/system/Database/MySQLi/Connection.php(292): mysqli->query()
#1 /app/system/Database/BaseConnection.php(666): CodeIgniter\Database\MySQLi\Connection->execute()
#2 /app/system/Database/BaseConnection.php(593): CodeIgniter\Database\BaseConnection->simpleQuery()
#3 /app/app/Models/UsersModel.php(21): CodeIgniter\Database\BaseConnection->query()
#4 /app/app/Controllers/LoginController.php(16): App\Models\UsersModel->isValidUser()
#5 /app/system/CodeIgniter.php(927): App\Controllers\LoginController->validateLogin()
#6 /app/system/CodeIgniter.php(482): CodeIgniter\CodeIgniter->runController()
#7 /app/system/CodeIgniter.php(351): CodeIgniter\CodeIgniter->handleRequest()
#8 /app/public/index.php(67): CodeIgniter\CodeIgniter->run()
#9 {main}
CRITICAL - 2022-12-14 08:12:23 --> You have an error in your SQL syntax; check the manual that corresponds to your MySQL server version for the right syntax to use near '@gmail.com and Password = qsdfqsdf' at line 1
in SYSTEMPATH/Database/MySQLi/Connection.php on line 292.
 1 SYSTEMPATH/Database/MySQLi/Connection.php(292): mysqli->query()
 2 SYSTEMPATH/Database/BaseConnection.php(666): CodeIgniter\Database\MySQLi\Connection->execute()
 3 SYSTEMPATH/Database/BaseConnection.php(593): CodeIgniter\Database\BaseConnection->simpleQuery()
 4 APPPATH/Models/UsersModel.php(21): CodeIgniter\Database\BaseConnection->query()
 5 APPPATH/Controllers/LoginController.php(16): App\Models\UsersModel->isValidUser()
 6 SYSTEMPATH/CodeIgniter.php(927): App\Controllers\LoginController->validateLogin()
 7 SYSTEMPATH/CodeIgniter.php(482): CodeIgniter\CodeIgniter->runController()
 8 SYSTEMPATH/CodeIgniter.php(351): CodeIgniter\CodeIgniter->handleRequest()
 9 FCPATH/index.php(67): CodeIgniter\CodeIgniter->run()
ERROR - 2022-12-14 08:15:22 --> mysqli_sql_exception: You have an error in your SQL syntax; check the manual that corresponds to your MySQL server version for the right syntax to use near '@gmail.com and Password = qsdfqsdf' at line 1 in /app/system/Database/MySQLi/Connection.php:292
Stack trace:
#0 /app/system/Database/MySQLi/Connection.php(292): mysqli->query()
#1 /app/system/Database/BaseConnection.php(666): CodeIgniter\Database\MySQLi\Connection->execute()
#2 /app/system/Database/BaseConnection.php(593): CodeIgniter\Database\BaseConnection->simpleQuery()
#3 /app/app/Models/UsersModel.php(21): CodeIgniter\Database\BaseConnection->query()
#4 /app/app/Controllers/LoginController.php(16): App\Models\UsersModel->isValidUser()
#5 /app/system/CodeIgniter.php(927): App\Controllers\LoginController->validateLogin()
#6 /app/system/CodeIgniter.php(482): CodeIgniter\CodeIgniter->runController()
#7 /app/system/CodeIgniter.php(351): CodeIgniter\CodeIgniter->handleRequest()
#8 /app/public/index.php(67): CodeIgniter\CodeIgniter->run()
#9 {main}
CRITICAL - 2022-12-14 08:15:22 --> You have an error in your SQL syntax; check the manual that corresponds to your MySQL server version for the right syntax to use near '@gmail.com and Password = qsdfqsdf' at line 1
in SYSTEMPATH/Database/MySQLi/Connection.php on line 292.
 1 SYSTEMPATH/Database/MySQLi/Connection.php(292): mysqli->query()
 2 SYSTEMPATH/Database/BaseConnection.php(666): CodeIgniter\Database\MySQLi\Connection->execute()
 3 SYSTEMPATH/Database/BaseConnection.php(593): CodeIgniter\Database\BaseConnection->simpleQuery()
 4 APPPATH/Models/UsersModel.php(21): CodeIgniter\Database\BaseConnection->query()
 5 APPPATH/Controllers/LoginController.php(16): App\Models\UsersModel->isValidUser()
 6 SYSTEMPATH/CodeIgniter.php(927): App\Controllers\LoginController->validateLogin()
 7 SYSTEMPATH/CodeIgniter.php(482): CodeIgniter\CodeIgniter->runController()
 8 SYSTEMPATH/CodeIgniter.php(351): CodeIgniter\CodeIgniter->handleRequest()
 9 FCPATH/index.php(67): CodeIgniter\CodeIgniter->run()
CRITICAL - 2022-12-14 08:22:54 --> Call to undefined method CodeIgniter\Database\MySQLi\Connection::select()
in APPPATH/Models/UsersModel.php on line 21.
 1 APPPATH/Controllers/LoginController.php(16): App\Models\UsersModel->isValidUser()
 2 SYSTEMPATH/CodeIgniter.php(927): App\Controllers\LoginController->validateLogin()
 3 SYSTEMPATH/CodeIgniter.php(482): CodeIgniter\CodeIgniter->runController()
 4 SYSTEMPATH/CodeIgniter.php(351): CodeIgniter\CodeIgniter->handleRequest()
 5 FCPATH/index.php(67): CodeIgniter\CodeIgniter->run()
ERROR - 2022-12-14 08:27:02 --> mysqli_sql_exception: You have an error in your SQL syntax; check the manual that corresponds to your MySQL server version for the right syntax to use near '@gmail.com) and Password = (qsdfqsdf)' at line 1 in /app/system/Database/MySQLi/Connection.php:292
Stack trace:
#0 /app/system/Database/MySQLi/Connection.php(292): mysqli->query()
#1 /app/system/Database/BaseConnection.php(666): CodeIgniter\Database\MySQLi\Connection->execute()
#2 /app/system/Database/BaseConnection.php(593): CodeIgniter\Database\BaseConnection->simpleQuery()
#3 /app/app/Models/UsersModel.php(22): CodeIgniter\Database\BaseConnection->query()
#4 /app/app/Controllers/LoginController.php(16): App\Models\UsersModel->isValidUser()
#5 /app/system/CodeIgniter.php(927): App\Controllers\LoginController->validateLogin()
#6 /app/system/CodeIgniter.php(482): CodeIgniter\CodeIgniter->runController()
#7 /app/system/CodeIgniter.php(351): CodeIgniter\CodeIgniter->handleRequest()
#8 /app/public/index.php(67): CodeIgniter\CodeIgniter->run()
#9 {main}
CRITICAL - 2022-12-14 08:27:02 --> You have an error in your SQL syntax; check the manual that corresponds to your MySQL server version for the right syntax to use near '@gmail.com) and Password = (qsdfqsdf)' at line 1
in SYSTEMPATH/Database/MySQLi/Connection.php on line 292.
 1 SYSTEMPATH/Database/MySQLi/Connection.php(292): mysqli->query()
 2 SYSTEMPATH/Database/BaseConnection.php(666): CodeIgniter\Database\MySQLi\Connection->execute()
 3 SYSTEMPATH/Database/BaseConnection.php(593): CodeIgniter\Database\BaseConnection->simpleQuery()
 4 APPPATH/Models/UsersModel.php(22): CodeIgniter\Database\BaseConnection->query()
 5 APPPATH/Controllers/LoginController.php(16): App\Models\UsersModel->isValidUser()
 6 SYSTEMPATH/CodeIgniter.php(927): App\Controllers\LoginController->validateLogin()
 7 SYSTEMPATH/CodeIgniter.php(482): CodeIgniter\CodeIgniter->runController()
 8 SYSTEMPATH/CodeIgniter.php(351): CodeIgniter\CodeIgniter->handleRequest()
 9 FCPATH/index.php(67): CodeIgniter\CodeIgniter->run()
CRITICAL - 2022-12-14 08:27:30 --> Undefined variable $sql
in APPPATH/Models/UsersModel.php on line 22.
 1 APPPATH/Models/UsersModel.php(22): CodeIgniter\Debug\Exceptions->errorHandler()
 2 APPPATH/Controllers/LoginController.php(16): App\Models\UsersModel->isValidUser()
 3 SYSTEMPATH/CodeIgniter.php(927): App\Controllers\LoginController->validateLogin()
 4 SYSTEMPATH/CodeIgniter.php(482): CodeIgniter\CodeIgniter->runController()
 5 SYSTEMPATH/CodeIgniter.php(351): CodeIgniter\CodeIgniter->handleRequest()
 6 FCPATH/index.php(67): CodeIgniter\CodeIgniter->run()
CRITICAL - 2022-12-14 08:28:27 --> Undefined property: CodeIgniter\Database\MySQLi\Result::$UserId
in APPPATH/Models/UsersModel.php on line 22.
 1 APPPATH/Models/UsersModel.php(22): CodeIgniter\Debug\Exceptions->errorHandler()
 2 APPPATH/Controllers/LoginController.php(16): App\Models\UsersModel->isValidUser()
 3 SYSTEMPATH/CodeIgniter.php(927): App\Controllers\LoginController->validateLogin()
 4 SYSTEMPATH/CodeIgniter.php(482): CodeIgniter\CodeIgniter->runController()
 5 SYSTEMPATH/CodeIgniter.php(351): CodeIgniter\CodeIgniter->handleRequest()
 6 FCPATH/index.php(67): CodeIgniter\CodeIgniter->run()
ERROR - 2022-12-14 08:30:12 --> mysqli_sql_exception: You have an error in your SQL syntax; check the manual that corresponds to your MySQL server version for the right syntax to use near '@gmail.com) and Password = (qsdfqsdf)' at line 1 in /app/system/Database/MySQLi/Connection.php:292
Stack trace:
#0 /app/system/Database/MySQLi/Connection.php(292): mysqli->query()
#1 /app/system/Database/BaseConnection.php(666): CodeIgniter\Database\MySQLi\Connection->execute()
#2 /app/system/Database/BaseConnection.php(593): CodeIgniter\Database\BaseConnection->simpleQuery()
#3 /app/app/Models/UsersModel.php(21): CodeIgniter\Database\BaseConnection->query()
#4 /app/app/Controllers/LoginController.php(16): App\Models\UsersModel->isValidUser()
#5 /app/system/CodeIgniter.php(927): App\Controllers\LoginController->validateLogin()
#6 /app/system/CodeIgniter.php(482): CodeIgniter\CodeIgniter->runController()
#7 /app/system/CodeIgniter.php(351): CodeIgniter\CodeIgniter->handleRequest()
#8 /app/public/index.php(67): CodeIgniter\CodeIgniter->run()
#9 {main}
CRITICAL - 2022-12-14 08:30:12 --> You have an error in your SQL syntax; check the manual that corresponds to your MySQL server version for the right syntax to use near '@gmail.com) and Password = (qsdfqsdf)' at line 1
in SYSTEMPATH/Database/MySQLi/Connection.php on line 292.
 1 SYSTEMPATH/Database/MySQLi/Connection.php(292): mysqli->query()
 2 SYSTEMPATH/Database/BaseConnection.php(666): CodeIgniter\Database\MySQLi\Connection->execute()
 3 SYSTEMPATH/Database/BaseConnection.php(593): CodeIgniter\Database\BaseConnection->simpleQuery()
 4 APPPATH/Models/UsersModel.php(21): CodeIgniter\Database\BaseConnection->query()
 5 APPPATH/Controllers/LoginController.php(16): App\Models\UsersModel->isValidUser()
 6 SYSTEMPATH/CodeIgniter.php(927): App\Controllers\LoginController->validateLogin()
 7 SYSTEMPATH/CodeIgniter.php(482): CodeIgniter\CodeIgniter->runController()
 8 SYSTEMPATH/CodeIgniter.php(351): CodeIgniter\CodeIgniter->handleRequest()
 9 FCPATH/index.php(67): CodeIgniter\CodeIgniter->run()
ERROR - 2022-12-14 08:33:52 --> mysqli_sql_exception: Unknown column 'qsdfqsdf' in 'where clause' in /app/system/Database/MySQLi/Connection.php:292
Stack trace:
#0 /app/system/Database/MySQLi/Connection.php(292): mysqli->query()
#1 /app/system/Database/BaseConnection.php(666): CodeIgniter\Database\MySQLi\Connection->execute()
#2 /app/system/Database/BaseConnection.php(593): CodeIgniter\Database\BaseConnection->simpleQuery()
#3 /app/app/Models/UsersModel.php(21): CodeIgniter\Database\BaseConnection->query()
#4 /app/app/Controllers/LoginController.php(16): App\Models\UsersModel->isValidUser()
#5 /app/system/CodeIgniter.php(927): App\Controllers\LoginController->validateLogin()
#6 /app/system/CodeIgniter.php(482): CodeIgniter\CodeIgniter->runController()
#7 /app/system/CodeIgniter.php(351): CodeIgniter\CodeIgniter->handleRequest()
#8 /app/public/index.php(67): CodeIgniter\CodeIgniter->run()
#9 {main}
CRITICAL - 2022-12-14 08:33:52 --> Unknown column 'qsdfqsdf' in 'where clause'
in SYSTEMPATH/Database/MySQLi/Connection.php on line 292.
 1 SYSTEMPATH/Database/MySQLi/Connection.php(292): mysqli->query()
 2 SYSTEMPATH/Database/BaseConnection.php(666): CodeIgniter\Database\MySQLi\Connection->execute()
 3 SYSTEMPATH/Database/BaseConnection.php(593): CodeIgniter\Database\BaseConnection->simpleQuery()
 4 APPPATH/Models/UsersModel.php(21): CodeIgniter\Database\BaseConnection->query()
 5 APPPATH/Controllers/LoginController.php(16): App\Models\UsersModel->isValidUser()
 6 SYSTEMPATH/CodeIgniter.php(927): App\Controllers\LoginController->validateLogin()
 7 SYSTEMPATH/CodeIgniter.php(482): CodeIgniter\CodeIgniter->runController()
 8 SYSTEMPATH/CodeIgniter.php(351): CodeIgniter\CodeIgniter->handleRequest()
 9 FCPATH/index.php(67): CodeIgniter\CodeIgniter->run()
ERROR - 2022-12-14 08:35:03 --> mysqli_sql_exception: You have an error in your SQL syntax; check the manual that corresponds to your MySQL server version for the right syntax to use near '@gmail.com AND Password = qsdfqsdf' at line 1 in /app/system/Database/MySQLi/Connection.php:292
Stack trace:
#0 /app/system/Database/MySQLi/Connection.php(292): mysqli->query()
#1 /app/system/Database/BaseConnection.php(666): CodeIgniter\Database\MySQLi\Connection->execute()
#2 /app/system/Database/BaseConnection.php(593): CodeIgniter\Database\BaseConnection->simpleQuery()
#3 /app/app/Models/UsersModel.php(22): CodeIgniter\Database\BaseConnection->query()
#4 /app/app/Controllers/LoginController.php(16): App\Models\UsersModel->isValidUser()
#5 /app/system/CodeIgniter.php(927): App\Controllers\LoginController->validateLogin()
#6 /app/system/CodeIgniter.php(482): CodeIgniter\CodeIgniter->runController()
#7 /app/system/CodeIgniter.php(351): CodeIgniter\CodeIgniter->handleRequest()
#8 /app/public/index.php(67): CodeIgniter\CodeIgniter->run()
#9 {main}
CRITICAL - 2022-12-14 08:35:03 --> You have an error in your SQL syntax; check the manual that corresponds to your MySQL server version for the right syntax to use near '@gmail.com AND Password = qsdfqsdf' at line 1
in SYSTEMPATH/Database/MySQLi/Connection.php on line 292.
 1 SYSTEMPATH/Database/MySQLi/Connection.php(292): mysqli->query()
 2 SYSTEMPATH/Database/BaseConnection.php(666): CodeIgniter\Database\MySQLi\Connection->execute()
 3 SYSTEMPATH/Database/BaseConnection.php(593): CodeIgniter\Database\BaseConnection->simpleQuery()
 4 APPPATH/Models/UsersModel.php(22): CodeIgniter\Database\BaseConnection->query()
 5 APPPATH/Controllers/LoginController.php(16): App\Models\UsersModel->isValidUser()
 6 SYSTEMPATH/CodeIgniter.php(927): App\Controllers\LoginController->validateLogin()
 7 SYSTEMPATH/CodeIgniter.php(482): CodeIgniter\CodeIgniter->runController()
 8 SYSTEMPATH/CodeIgniter.php(351): CodeIgniter\CodeIgniter->handleRequest()
 9 FCPATH/index.php(67): CodeIgniter\CodeIgniter->run()
ERROR - 2022-12-14 08:36:40 --> mysqli_sql_exception: Unknown column 'qsdfqsdf' in 'where clause' in /app/system/Database/MySQLi/Connection.php:292
Stack trace:
#0 /app/system/Database/MySQLi/Connection.php(292): mysqli->query()
#1 /app/system/Database/BaseConnection.php(666): CodeIgniter\Database\MySQLi\Connection->execute()
#2 /app/system/Database/BaseConnection.php(593): CodeIgniter\Database\BaseConnection->simpleQuery()
#3 /app/app/Models/UsersModel.php(24): CodeIgniter\Database\BaseConnection->query()
#4 /app/app/Controllers/LoginController.php(16): App\Models\UsersModel->isValidUser()
#5 /app/system/CodeIgniter.php(927): App\Controllers\LoginController->validateLogin()
#6 /app/system/CodeIgniter.php(482): CodeIgniter\CodeIgniter->runController()
#7 /app/system/CodeIgniter.php(351): CodeIgniter\CodeIgniter->handleRequest()
#8 /app/public/index.php(67): CodeIgniter\CodeIgniter->run()
#9 {main}
CRITICAL - 2022-12-14 08:36:41 --> Unknown column 'qsdfqsdf' in 'where clause'
in SYSTEMPATH/Database/MySQLi/Connection.php on line 292.
 1 SYSTEMPATH/Database/MySQLi/Connection.php(292): mysqli->query()
 2 SYSTEMPATH/Database/BaseConnection.php(666): CodeIgniter\Database\MySQLi\Connection->execute()
 3 SYSTEMPATH/Database/BaseConnection.php(593): CodeIgniter\Database\BaseConnection->simpleQuery()
 4 APPPATH/Models/UsersModel.php(24): CodeIgniter\Database\BaseConnection->query()
 5 APPPATH/Controllers/LoginController.php(16): App\Models\UsersModel->isValidUser()
 6 SYSTEMPATH/CodeIgniter.php(927): App\Controllers\LoginController->validateLogin()
 7 SYSTEMPATH/CodeIgniter.php(482): CodeIgniter\CodeIgniter->runController()
 8 SYSTEMPATH/CodeIgniter.php(351): CodeIgniter\CodeIgniter->handleRequest()
 9 FCPATH/index.php(67): CodeIgniter\CodeIgniter->run()
ERROR - 2022-12-14 08:36:50 --> mysqli_sql_exception: Unknown column 'qsdfqsdf' in 'where clause' in /app/system/Database/MySQLi/Connection.php:292
Stack trace:
#0 /app/system/Database/MySQLi/Connection.php(292): mysqli->query()
#1 /app/system/Database/BaseConnection.php(666): CodeIgniter\Database\MySQLi\Connection->execute()
#2 /app/system/Database/BaseConnection.php(593): CodeIgniter\Database\BaseConnection->simpleQuery()
#3 /app/app/Models/UsersModel.php(24): CodeIgniter\Database\BaseConnection->query()
#4 /app/app/Controllers/LoginController.php(16): App\Models\UsersModel->isValidUser()
#5 /app/system/CodeIgniter.php(927): App\Controllers\LoginController->validateLogin()
#6 /app/system/CodeIgniter.php(482): CodeIgniter\CodeIgniter->runController()
#7 /app/system/CodeIgniter.php(351): CodeIgniter\CodeIgniter->handleRequest()
#8 /app/public/index.php(67): CodeIgniter\CodeIgniter->run()
#9 {main}
CRITICAL - 2022-12-14 08:36:50 --> Unknown column 'qsdfqsdf' in 'where clause'
in SYSTEMPATH/Database/MySQLi/Connection.php on line 292.
 1 SYSTEMPATH/Database/MySQLi/Connection.php(292): mysqli->query()
 2 SYSTEMPATH/Database/BaseConnection.php(666): CodeIgniter\Database\MySQLi\Connection->execute()
 3 SYSTEMPATH/Database/BaseConnection.php(593): CodeIgniter\Database\BaseConnection->simpleQuery()
 4 APPPATH/Models/UsersModel.php(24): CodeIgniter\Database\BaseConnection->query()
 5 APPPATH/Controllers/LoginController.php(16): App\Models\UsersModel->isValidUser()
 6 SYSTEMPATH/CodeIgniter.php(927): App\Controllers\LoginController->validateLogin()
 7 SYSTEMPATH/CodeIgniter.php(482): CodeIgniter\CodeIgniter->runController()
 8 SYSTEMPATH/CodeIgniter.php(351): CodeIgniter\CodeIgniter->handleRequest()
 9 FCPATH/index.php(67): CodeIgniter\CodeIgniter->run()
ERROR - 2022-12-14 08:37:03 --> mysqli_sql_exception: You have an error in your SQL syntax; check the manual that corresponds to your MySQL server version for the right syntax to use near '@gmail.com AND Password = qsdfqsdf' at line 1 in /app/system/Database/MySQLi/Connection.php:292
Stack trace:
#0 /app/system/Database/MySQLi/Connection.php(292): mysqli->query()
#1 /app/system/Database/BaseConnection.php(666): CodeIgniter\Database\MySQLi\Connection->execute()
#2 /app/system/Database/BaseConnection.php(593): CodeIgniter\Database\BaseConnection->simpleQuery()
#3 /app/app/Models/UsersModel.php(24): CodeIgniter\Database\BaseConnection->query()
#4 /app/app/Controllers/LoginController.php(16): App\Models\UsersModel->isValidUser()
#5 /app/system/CodeIgniter.php(927): App\Controllers\LoginController->validateLogin()
#6 /app/system/CodeIgniter.php(482): CodeIgniter\CodeIgniter->runController()
#7 /app/system/CodeIgniter.php(351): CodeIgniter\CodeIgniter->handleRequest()
#8 /app/public/index.php(67): CodeIgniter\CodeIgniter->run()
#9 {main}
CRITICAL - 2022-12-14 08:37:03 --> You have an error in your SQL syntax; check the manual that corresponds to your MySQL server version for the right syntax to use near '@gmail.com AND Password = qsdfqsdf' at line 1
in SYSTEMPATH/Database/MySQLi/Connection.php on line 292.
 1 SYSTEMPATH/Database/MySQLi/Connection.php(292): mysqli->query()
 2 SYSTEMPATH/Database/BaseConnection.php(666): CodeIgniter\Database\MySQLi\Connection->execute()
 3 SYSTEMPATH/Database/BaseConnection.php(593): CodeIgniter\Database\BaseConnection->simpleQuery()
 4 APPPATH/Models/UsersModel.php(24): CodeIgniter\Database\BaseConnection->query()
 5 APPPATH/Controllers/LoginController.php(16): App\Models\UsersModel->isValidUser()
 6 SYSTEMPATH/CodeIgniter.php(927): App\Controllers\LoginController->validateLogin()
 7 SYSTEMPATH/CodeIgniter.php(482): CodeIgniter\CodeIgniter->runController()
 8 SYSTEMPATH/CodeIgniter.php(351): CodeIgniter\CodeIgniter->handleRequest()
 9 FCPATH/index.php(67): CodeIgniter\CodeIgniter->run()
ERROR - 2022-12-14 08:38:02 --> mysqli_sql_exception: You have an error in your SQL syntax; check the manual that corresponds to your MySQL server version for the right syntax to use near '@gmail.com AND Password = qsdfqsdf' at line 3 in /app/system/Database/MySQLi/Connection.php:292
Stack trace:
#0 /app/system/Database/MySQLi/Connection.php(292): mysqli->query()
#1 /app/system/Database/BaseConnection.php(666): CodeIgniter\Database\MySQLi\Connection->execute()
#2 /app/system/Database/BaseConnection.php(593): CodeIgniter\Database\BaseConnection->simpleQuery()
#3 /app/app/Models/UsersModel.php(23): CodeIgniter\Database\BaseConnection->query()
#4 /app/app/Controllers/LoginController.php(16): App\Models\UsersModel->isValidUser()
#5 /app/system/CodeIgniter.php(927): App\Controllers\LoginController->validateLogin()
#6 /app/system/CodeIgniter.php(482): CodeIgniter\CodeIgniter->runController()
#7 /app/system/CodeIgniter.php(351): CodeIgniter\CodeIgniter->handleRequest()
#8 /app/public/index.php(67): CodeIgniter\CodeIgniter->run()
#9 {main}
CRITICAL - 2022-12-14 08:38:02 --> You have an error in your SQL syntax; check the manual that corresponds to your MySQL server version for the right syntax to use near '@gmail.com AND Password = qsdfqsdf' at line 3
in SYSTEMPATH/Database/MySQLi/Connection.php on line 292.
 1 SYSTEMPATH/Database/MySQLi/Connection.php(292): mysqli->query()
 2 SYSTEMPATH/Database/BaseConnection.php(666): CodeIgniter\Database\MySQLi\Connection->execute()
 3 SYSTEMPATH/Database/BaseConnection.php(593): CodeIgniter\Database\BaseConnection->simpleQuery()
 4 APPPATH/Models/UsersModel.php(23): CodeIgniter\Database\BaseConnection->query()
 5 APPPATH/Controllers/LoginController.php(16): App\Models\UsersModel->isValidUser()
 6 SYSTEMPATH/CodeIgniter.php(927): App\Controllers\LoginController->validateLogin()
 7 SYSTEMPATH/CodeIgniter.php(482): CodeIgniter\CodeIgniter->runController()
 8 SYSTEMPATH/CodeIgniter.php(351): CodeIgniter\CodeIgniter->handleRequest()
 9 FCPATH/index.php(67): CodeIgniter\CodeIgniter->run()
ERROR - 2022-12-14 08:38:22 --> mysqli_sql_exception: You have an error in your SQL syntax; check the manual that corresponds to your MySQL server version for the right syntax to use near '@gmail.com AND Password = qsdfqsdf' at line 3 in /app/system/Database/MySQLi/Connection.php:292
Stack trace:
#0 /app/system/Database/MySQLi/Connection.php(292): mysqli->query()
#1 /app/system/Database/BaseConnection.php(666): CodeIgniter\Database\MySQLi\Connection->execute()
#2 /app/system/Database/BaseConnection.php(593): CodeIgniter\Database\BaseConnection->simpleQuery()
#3 /app/app/Models/UsersModel.php(26): CodeIgniter\Database\BaseConnection->query()
#4 /app/app/Controllers/LoginController.php(16): App\Models\UsersModel->isValidUser()
#5 /app/system/CodeIgniter.php(927): App\Controllers\LoginController->validateLogin()
#6 /app/system/CodeIgniter.php(482): CodeIgniter\CodeIgniter->runController()
#7 /app/system/CodeIgniter.php(351): CodeIgniter\CodeIgniter->handleRequest()
#8 /app/public/index.php(67): CodeIgniter\CodeIgniter->run()
#9 {main}
CRITICAL - 2022-12-14 08:38:22 --> You have an error in your SQL syntax; check the manual that corresponds to your MySQL server version for the right syntax to use near '@gmail.com AND Password = qsdfqsdf' at line 3
in SYSTEMPATH/Database/MySQLi/Connection.php on line 292.
 1 SYSTEMPATH/Database/MySQLi/Connection.php(292): mysqli->query()
 2 SYSTEMPATH/Database/BaseConnection.php(666): CodeIgniter\Database\MySQLi\Connection->execute()
 3 SYSTEMPATH/Database/BaseConnection.php(593): CodeIgniter\Database\BaseConnection->simpleQuery()
 4 APPPATH/Models/UsersModel.php(26): CodeIgniter\Database\BaseConnection->query()
 5 APPPATH/Controllers/LoginController.php(16): App\Models\UsersModel->isValidUser()
 6 SYSTEMPATH/CodeIgniter.php(927): App\Controllers\LoginController->validateLogin()
 7 SYSTEMPATH/CodeIgniter.php(482): CodeIgniter\CodeIgniter->runController()
 8 SYSTEMPATH/CodeIgniter.php(351): CodeIgniter\CodeIgniter->handleRequest()
 9 FCPATH/index.php(67): CodeIgniter\CodeIgniter->run()
CRITICAL - 2022-12-14 08:40:47 --> Undefined variable $queryResults
in APPPATH/Models/UsersModel.php on line 30.
 1 APPPATH/Models/UsersModel.php(30): CodeIgniter\Debug\Exceptions->errorHandler()
 2 APPPATH/Controllers/LoginController.php(16): App\Models\UsersModel->isValidUser()
 3 SYSTEMPATH/CodeIgniter.php(927): App\Controllers\LoginController->validateLogin()
 4 SYSTEMPATH/CodeIgniter.php(482): CodeIgniter\CodeIgniter->runController()
 5 SYSTEMPATH/CodeIgniter.php(351): CodeIgniter\CodeIgniter->handleRequest()
 6 FCPATH/index.php(67): CodeIgniter\CodeIgniter->run()
CRITICAL - 2022-12-14 08:41:01 --> Call to a member function getResult() on array
in APPPATH/Models/UsersModel.php on line 30.
 1 APPPATH/Controllers/LoginController.php(16): App\Models\UsersModel->isValidUser()
 2 SYSTEMPATH/CodeIgniter.php(927): App\Controllers\LoginController->validateLogin()
 3 SYSTEMPATH/CodeIgniter.php(482): CodeIgniter\CodeIgniter->runController()
 4 SYSTEMPATH/CodeIgniter.php(351): CodeIgniter\CodeIgniter->handleRequest()
 5 FCPATH/index.php(67): CodeIgniter\CodeIgniter->run()
ERROR - 2022-12-14 08:49:06 --> mysqli_sql_exception: You have an error in your SQL syntax; check the manual that corresponds to your MySQL server version for the right syntax to use near 'or1=1'' at line 3 in /app/system/Database/MySQLi/Connection.php:292
Stack trace:
#0 /app/system/Database/MySQLi/Connection.php(292): mysqli->query()
#1 /app/system/Database/BaseConnection.php(666): CodeIgniter\Database\MySQLi\Connection->execute()
#2 /app/system/Database/BaseConnection.php(593): CodeIgniter\Database\BaseConnection->simpleQuery()
#3 /app/app/Models/UsersModel.php(27): CodeIgniter\Database\BaseConnection->query()
#4 /app/app/Controllers/LoginController.php(16): App\Models\UsersModel->isValidUser()
#5 /app/system/CodeIgniter.php(927): App\Controllers\LoginController->validateLogin()
#6 /app/system/CodeIgniter.php(482): CodeIgniter\CodeIgniter->runController()
#7 /app/system/CodeIgniter.php(351): CodeIgniter\CodeIgniter->handleRequest()
#8 /app/public/index.php(67): CodeIgniter\CodeIgniter->run()
#9 {main}
CRITICAL - 2022-12-14 08:49:06 --> You have an error in your SQL syntax; check the manual that corresponds to your MySQL server version for the right syntax to use near 'or1=1'' at line 3
in SYSTEMPATH/Database/MySQLi/Connection.php on line 292.
 1 SYSTEMPATH/Database/MySQLi/Connection.php(292): mysqli->query()
 2 SYSTEMPATH/Database/BaseConnection.php(666): CodeIgniter\Database\MySQLi\Connection->execute()
 3 SYSTEMPATH/Database/BaseConnection.php(593): CodeIgniter\Database\BaseConnection->simpleQuery()
 4 APPPATH/Models/UsersModel.php(27): CodeIgniter\Database\BaseConnection->query()
 5 APPPATH/Controllers/LoginController.php(16): App\Models\UsersModel->isValidUser()
 6 SYSTEMPATH/CodeIgniter.php(927): App\Controllers\LoginController->validateLogin()
 7 SYSTEMPATH/CodeIgniter.php(482): CodeIgniter\CodeIgniter->runController()
 8 SYSTEMPATH/CodeIgniter.php(351): CodeIgniter\CodeIgniter->handleRequest()
 9 FCPATH/index.php(67): CodeIgniter\CodeIgniter->run()
CRITICAL - 2022-12-14 09:07:23 --> Undefined variable $res
in APPPATH/Models/UsersModel.php on line 30.
 1 APPPATH/Models/UsersModel.php(30): CodeIgniter\Debug\Exceptions->errorHandler()
 2 APPPATH/Controllers/LoginController.php(16): App\Models\UsersModel->isValidUser()
 3 SYSTEMPATH/CodeIgniter.php(927): App\Controllers\LoginController->validateLogin()
 4 SYSTEMPATH/CodeIgniter.php(482): CodeIgniter\CodeIgniter->runController()
 5 SYSTEMPATH/CodeIgniter.php(351): CodeIgniter\CodeIgniter->handleRequest()
 6 FCPATH/index.php(67): CodeIgniter\CodeIgniter->run()
CRITICAL - 2022-12-14 09:07:38 --> Undefined array key "isVendor"
in APPPATH/Models/UsersModel.php on line 30.
 1 APPPATH/Models/UsersModel.php(30): CodeIgniter\Debug\Exceptions->errorHandler()
 2 APPPATH/Controllers/LoginController.php(16): App\Models\UsersModel->isValidUser()
 3 SYSTEMPATH/CodeIgniter.php(927): App\Controllers\LoginController->validateLogin()
 4 SYSTEMPATH/CodeIgniter.php(482): CodeIgniter\CodeIgniter->runController()
 5 SYSTEMPATH/CodeIgniter.php(351): CodeIgniter\CodeIgniter->handleRequest()
 6 FCPATH/index.php(67): CodeIgniter\CodeIgniter->run()
CRITICAL - 2022-12-14 09:08:23 --> Attempt to read property "isVendor" on array
in APPPATH/Models/UsersModel.php on line 29.
 1 APPPATH/Models/UsersModel.php(29): CodeIgniter\Debug\Exceptions->errorHandler()
 2 APPPATH/Controllers/LoginController.php(16): App\Models\UsersModel->isValidUser()
 3 SYSTEMPATH/CodeIgniter.php(927): App\Controllers\LoginController->validateLogin()
 4 SYSTEMPATH/CodeIgniter.php(482): CodeIgniter\CodeIgniter->runController()
 5 SYSTEMPATH/CodeIgniter.php(351): CodeIgniter\CodeIgniter->handleRequest()
 6 FCPATH/index.php(67): CodeIgniter\CodeIgniter->run()
CRITICAL - 2022-12-14 09:08:46 --> Undefined array key "isVendor"
in APPPATH/Models/UsersModel.php on line 25.
 1 APPPATH/Models/UsersModel.php(25): CodeIgniter\Debug\Exceptions->errorHandler()
 2 APPPATH/Controllers/LoginController.php(16): App\Models\UsersModel->isValidUser()
 3 SYSTEMPATH/CodeIgniter.php(927): App\Controllers\LoginController->validateLogin()
 4 SYSTEMPATH/CodeIgniter.php(482): CodeIgniter\CodeIgniter->runController()
 5 SYSTEMPATH/CodeIgniter.php(351): CodeIgniter\CodeIgniter->handleRequest()
 6 FCPATH/index.php(67): CodeIgniter\CodeIgniter->run()
CRITICAL - 2022-12-14 09:08:54 --> Attempt to read property "isVendor" on array
in APPPATH/Models/UsersModel.php on line 25.
 1 APPPATH/Models/UsersModel.php(25): CodeIgniter\Debug\Exceptions->errorHandler()
 2 APPPATH/Controllers/LoginController.php(16): App\Models\UsersModel->isValidUser()
 3 SYSTEMPATH/CodeIgniter.php(927): App\Controllers\LoginController->validateLogin()
 4 SYSTEMPATH/CodeIgniter.php(482): CodeIgniter\CodeIgniter->runController()
 5 SYSTEMPATH/CodeIgniter.php(351): CodeIgniter\CodeIgniter->handleRequest()
 6 FCPATH/index.php(67): CodeIgniter\CodeIgniter->run()
ERROR - 2022-12-14 09:10:08 --> mysqli_sql_exception: Unknown column 'qsdfqsdf' in 'where clause' in /app/system/Database/MySQLi/Connection.php:292
Stack trace:
#0 /app/system/Database/MySQLi/Connection.php(292): mysqli->query()
#1 /app/system/Database/BaseConnection.php(666): CodeIgniter\Database\MySQLi\Connection->execute()
#2 /app/system/Database/BaseConnection.php(593): CodeIgniter\Database\BaseConnection->simpleQuery()
#3 /app/app/Models/UsersModel.php(23): CodeIgniter\Database\BaseConnection->query()
#4 /app/app/Controllers/LoginController.php(16): App\Models\UsersModel->isValidUser()
#5 /app/system/CodeIgniter.php(927): App\Controllers\LoginController->validateLogin()
#6 /app/system/CodeIgniter.php(482): CodeIgniter\CodeIgniter->runController()
#7 /app/system/CodeIgniter.php(351): CodeIgniter\CodeIgniter->handleRequest()
#8 /app/public/index.php(67): CodeIgniter\CodeIgniter->run()
#9 {main}
CRITICAL - 2022-12-14 09:10:08 --> Unknown column 'qsdfqsdf' in 'where clause'
in SYSTEMPATH/Database/MySQLi/Connection.php on line 292.
 1 SYSTEMPATH/Database/MySQLi/Connection.php(292): mysqli->query()
 2 SYSTEMPATH/Database/BaseConnection.php(666): CodeIgniter\Database\MySQLi\Connection->execute()
 3 SYSTEMPATH/Database/BaseConnection.php(593): CodeIgniter\Database\BaseConnection->simpleQuery()
 4 APPPATH/Models/UsersModel.php(23): CodeIgniter\Database\BaseConnection->query()
 5 APPPATH/Controllers/LoginController.php(16): App\Models\UsersModel->isValidUser()
 6 SYSTEMPATH/CodeIgniter.php(927): App\Controllers\LoginController->validateLogin()
 7 SYSTEMPATH/CodeIgniter.php(482): CodeIgniter\CodeIgniter->runController()
 8 SYSTEMPATH/CodeIgniter.php(351): CodeIgniter\CodeIgniter->handleRequest()
 9 FCPATH/index.php(67): CodeIgniter\CodeIgniter->run()
CRITICAL - 2022-12-14 09:11:08 --> Attempt to read property "isVendor" on string
in APPPATH/Models/UsersModel.php on line 30.
 1 APPPATH/Models/UsersModel.php(30): CodeIgniter\Debug\Exceptions->errorHandler()
 2 APPPATH/Controllers/LoginController.php(16): App\Models\UsersModel->isValidUser()
 3 SYSTEMPATH/CodeIgniter.php(927): App\Controllers\LoginController->validateLogin()
 4 SYSTEMPATH/CodeIgniter.php(482): CodeIgniter\CodeIgniter->runController()
 5 SYSTEMPATH/CodeIgniter.php(351): CodeIgniter\CodeIgniter->handleRequest()
 6 FCPATH/index.php(67): CodeIgniter\CodeIgniter->run()
CRITICAL - 2022-12-14 09:11:36 --> Attempt to read property "isVendor" on string
in APPPATH/Models/UsersModel.php on line 31.
 1 APPPATH/Models/UsersModel.php(31): CodeIgniter\Debug\Exceptions->errorHandler()
 2 APPPATH/Controllers/LoginController.php(16): App\Models\UsersModel->isValidUser()
 3 SYSTEMPATH/CodeIgniter.php(927): App\Controllers\LoginController->validateLogin()
 4 SYSTEMPATH/CodeIgniter.php(482): CodeIgniter\CodeIgniter->runController()
 5 SYSTEMPATH/CodeIgniter.php(351): CodeIgniter\CodeIgniter->handleRequest()
 6 FCPATH/index.php(67): CodeIgniter\CodeIgniter->run()
CRITICAL - 2022-12-14 09:20:30 --> Call to undefined method CodeIgniter\Database\MySQLi\Connection::select()
in APPPATH/Models/UsersModel.php on line 21.
 1 APPPATH/Controllers/LoginController.php(16): App\Models\UsersModel->isValidUser()
 2 SYSTEMPATH/CodeIgniter.php(927): App\Controllers\LoginController->validateLogin()
 3 SYSTEMPATH/CodeIgniter.php(482): CodeIgniter\CodeIgniter->runController()
 4 SYSTEMPATH/CodeIgniter.php(351): CodeIgniter\CodeIgniter->handleRequest()
 5 FCPATH/index.php(67): CodeIgniter\CodeIgniter->run()
CRITICAL - 2022-12-14 09:20:47 --> syntax error, unexpected identifier "select"
in APPPATH/Models/UsersModel.php on line 21.
 1 SYSTEMPATH/Autoloader/Autoloader.php(259): CodeIgniter\Autoloader\Autoloader->includeFile()
 2 SYSTEMPATH/Autoloader/Autoloader.php(237): CodeIgniter\Autoloader\Autoloader->loadInNamespace()
 3 [internal function]: CodeIgniter\Autoloader\Autoloader->loadClass()
 4 SYSTEMPATH/Config/Factories.php(155): class_exists()
 5 SYSTEMPATH/Config/Factories.php(125): CodeIgniter\Config\Factories::locateClass()
 6 SYSTEMPATH/Config/Factories.php(86): CodeIgniter\Config\Factories::__callStatic()
 7 SYSTEMPATH/Common.php(809): CodeIgniter\Config\Factories::models()
 8 APPPATH/Controllers/LoginController.php(15): model()
 9 SYSTEMPATH/CodeIgniter.php(927): App\Controllers\LoginController->validateLogin()
10 SYSTEMPATH/CodeIgniter.php(482): CodeIgniter\CodeIgniter->runController()
11 SYSTEMPATH/CodeIgniter.php(351): CodeIgniter\CodeIgniter->handleRequest()
12 FCPATH/index.php(67): CodeIgniter\CodeIgniter->run()
CRITICAL - 2022-12-14 09:22:10 --> Call to undefined method CodeIgniter\Database\MySQLi\Connection::select()
in APPPATH/Models/UsersModel.php on line 21.
 1 APPPATH/Controllers/LoginController.php(16): App\Models\UsersModel->isValidUser()
 2 SYSTEMPATH/CodeIgniter.php(927): App\Controllers\LoginController->validateLogin()
 3 SYSTEMPATH/CodeIgniter.php(482): CodeIgniter\CodeIgniter->runController()
 4 SYSTEMPATH/CodeIgniter.php(351): CodeIgniter\CodeIgniter->handleRequest()
 5 FCPATH/index.php(67): CodeIgniter\CodeIgniter->run()
CRITICAL - 2022-12-14 09:23:34 --> Call to undefined method CodeIgniter\Database\MySQLi\Connection::select()
in APPPATH/Models/UsersModel.php on line 21.
 1 APPPATH/Controllers/LoginController.php(16): App\Models\UsersModel->isValidUser()
 2 SYSTEMPATH/CodeIgniter.php(927): App\Controllers\LoginController->validateLogin()
 3 SYSTEMPATH/CodeIgniter.php(482): CodeIgniter\CodeIgniter->runController()
 4 SYSTEMPATH/CodeIgniter.php(351): CodeIgniter\CodeIgniter->handleRequest()
 5 FCPATH/index.php(67): CodeIgniter\CodeIgniter->run()
CRITICAL - 2022-12-14 09:23:42 --> Cannot use object of type CodeIgniter\Database\MySQLi\Builder as array
in APPPATH/Models/UsersModel.php on line 27.
 1 APPPATH/Controllers/LoginController.php(16): App\Models\UsersModel->isValidUser()
 2 SYSTEMPATH/CodeIgniter.php(927): App\Controllers\LoginController->validateLogin()
 3 SYSTEMPATH/CodeIgniter.php(482): CodeIgniter\CodeIgniter->runController()
 4 SYSTEMPATH/CodeIgniter.php(351): CodeIgniter\CodeIgniter->handleRequest()
 5 FCPATH/index.php(67): CodeIgniter\CodeIgniter->run()
CRITICAL - 2022-12-14 09:34:01 --> syntax error, unexpected token "}", expecting "," or ";"
in APPPATH/Config/Validation.php on line 87.
 1 SYSTEMPATH/Autoloader/Autoloader.php(259): CodeIgniter\Autoloader\Autoloader->includeFile()
 2 SYSTEMPATH/Autoloader/Autoloader.php(237): CodeIgniter\Autoloader\Autoloader->loadInNamespace()
 3 [internal function]: CodeIgniter\Autoloader\Autoloader->loadClass()
 4 SYSTEMPATH/Config/Factories.php(155): class_exists()
 5 SYSTEMPATH/Config/Factories.php(125): CodeIgniter\Config\Factories::locateClass()
 6 SYSTEMPATH/Common.php(203): CodeIgniter\Config\Factories::__callStatic()
 7 SYSTEMPATH/Config/Services.php(744): config()
 8 SYSTEMPATH/Config/BaseService.php(253): CodeIgniter\Config\Services::validation()
 9 SYSTEMPATH/BaseModel.php(299): CodeIgniter\Config\BaseService::__callStatic()
10 SYSTEMPATH/Model.php(141): CodeIgniter\BaseModel->__construct()
11 SYSTEMPATH/Config/Factories.php(129): CodeIgniter\Model->__construct()
12 SYSTEMPATH/Config/Factories.php(86): CodeIgniter\Config\Factories::__callStatic()
13 SYSTEMPATH/Common.php(809): CodeIgniter\Config\Factories::models()
14 APPPATH/Controllers/LoginController.php(18): model()
15 SYSTEMPATH/CodeIgniter.php(927): App\Controllers\LoginController->validateLogin()
16 SYSTEMPATH/CodeIgniter.php(482): CodeIgniter\CodeIgniter->runController()
17 SYSTEMPATH/CodeIgniter.php(351): CodeIgniter\CodeIgniter->handleRequest()
18 FCPATH/index.php(67): CodeIgniter\CodeIgniter->run()
CRITICAL - 2022-12-14 09:34:50 --> Undefined variable $validation
in APPPATH/Controllers/LoginController.php on line 30.
 1 APPPATH/Controllers/LoginController.php(30): CodeIgniter\Debug\Exceptions->errorHandler()
 2 SYSTEMPATH/CodeIgniter.php(927): App\Controllers\LoginController->createProfile()
 3 SYSTEMPATH/CodeIgniter.php(482): CodeIgniter\CodeIgniter->runController()
 4 SYSTEMPATH/CodeIgniter.php(351): CodeIgniter\CodeIgniter->handleRequest()
 5 FCPATH/index.php(67): CodeIgniter\CodeIgniter->run()
CRITICAL - 2022-12-14 09:35:08 --> Undefined variable $validation
in APPPATH/Controllers/LoginController.php on line 30.
 1 APPPATH/Controllers/LoginController.php(30): CodeIgniter\Debug\Exceptions->errorHandler()
 2 SYSTEMPATH/CodeIgniter.php(927): App\Controllers\LoginController->createProfile()
 3 SYSTEMPATH/CodeIgniter.php(482): CodeIgniter\CodeIgniter->runController()
 4 SYSTEMPATH/CodeIgniter.php(351): CodeIgniter\CodeIgniter->handleRequest()
 5 FCPATH/index.php(67): CodeIgniter\CodeIgniter->run()
CRITICAL - 2022-12-14 09:36:47 --> Undefined variable $signup
in APPPATH/Controllers/LoginController.php on line 30.
 1 APPPATH/Controllers/LoginController.php(30): CodeIgniter\Debug\Exceptions->errorHandler()
 2 SYSTEMPATH/CodeIgniter.php(927): App\Controllers\LoginController->createProfile()
 3 SYSTEMPATH/CodeIgniter.php(482): CodeIgniter\CodeIgniter->runController()
 4 SYSTEMPATH/CodeIgniter.php(351): CodeIgniter\CodeIgniter->handleRequest()
 5 FCPATH/index.php(67): CodeIgniter\CodeIgniter->run()
CRITICAL - 2022-12-14 09:37:31 --> preg_match(): Argument #2 ($subject) must be of type string, array given
in SYSTEMPATH/Validation/Validation.php on line 292.
 1 SYSTEMPATH/Validation/Validation.php(292): preg_match()
 2 SYSTEMPATH/Validation/Validation.php(175): CodeIgniter\Validation\Validation->processRules()
 3 APPPATH/Controllers/LoginController.php(30): CodeIgniter\Validation\Validation->run()
 4 SYSTEMPATH/CodeIgniter.php(927): App\Controllers\LoginController->createProfile()
 5 SYSTEMPATH/CodeIgniter.php(482): CodeIgniter\CodeIgniter->runController()
 6 SYSTEMPATH/CodeIgniter.php(351): CodeIgniter\CodeIgniter->handleRequest()
 7 FCPATH/index.php(67): CodeIgniter\CodeIgniter->run()
CRITICAL - 2022-12-14 09:45:20 --> Undefined variable $validation
in APPPATH/Views/login/create_account.php on line 11.
 1 APPPATH/Views/login/create_account.php(11): CodeIgniter\Debug\Exceptions->errorHandler()
 2 SYSTEMPATH/View/View.php(213): include('APPPATH/Views/login/create_account.php')
 3 SYSTEMPATH/View/View.php(216): CodeIgniter\View\View->CodeIgniter\View\{closure}()
 4 SYSTEMPATH/Common.php(1134): CodeIgniter\View\View->render()
 5 APPPATH/Controllers/LoginController.php(31): view()
 6 SYSTEMPATH/CodeIgniter.php(927): App\Controllers\LoginController->createProfile()
 7 SYSTEMPATH/CodeIgniter.php(482): CodeIgniter\CodeIgniter->runController()
 8 SYSTEMPATH/CodeIgniter.php(351): CodeIgniter\CodeIgniter->handleRequest()
 9 FCPATH/index.php(67): CodeIgniter\CodeIgniter->run()
CRITICAL - 2022-12-14 09:46:38 --> Undefined variable $validation
in APPPATH/Views/login/create_account.php on line 11.
 1 APPPATH/Views/login/create_account.php(11): CodeIgniter\Debug\Exceptions->errorHandler()
 2 SYSTEMPATH/View/View.php(213): include('APPPATH/Views/login/create_account.php')
 3 SYSTEMPATH/View/View.php(216): CodeIgniter\View\View->CodeIgniter\View\{closure}()
 4 SYSTEMPATH/Common.php(1134): CodeIgniter\View\View->render()
 5 APPPATH/Controllers/LoginController.php(31): view()
 6 SYSTEMPATH/CodeIgniter.php(927): App\Controllers\LoginController->createProfile()
 7 SYSTEMPATH/CodeIgniter.php(482): CodeIgniter\CodeIgniter->runController()
 8 SYSTEMPATH/CodeIgniter.php(351): CodeIgniter\CodeIgniter->handleRequest()
 9 FCPATH/index.php(67): CodeIgniter\CodeIgniter->run()
CRITICAL - 2022-12-14 09:46:45 --> Undefined variable $validation
in APPPATH/Views/login/create_account.php on line 11.
 1 APPPATH/Views/login/create_account.php(11): CodeIgniter\Debug\Exceptions->errorHandler()
 2 SYSTEMPATH/View/View.php(213): include('APPPATH/Views/login/create_account.php')
 3 SYSTEMPATH/View/View.php(216): CodeIgniter\View\View->CodeIgniter\View\{closure}()
 4 SYSTEMPATH/Common.php(1134): CodeIgniter\View\View->render()
 5 APPPATH/Controllers/LoginController.php(31): view()
 6 SYSTEMPATH/CodeIgniter.php(927): App\Controllers\LoginController->createProfile()
 7 SYSTEMPATH/CodeIgniter.php(482): CodeIgniter\CodeIgniter->runController()
 8 SYSTEMPATH/CodeIgniter.php(351): CodeIgniter\CodeIgniter->handleRequest()
 9 FCPATH/index.php(67): CodeIgniter\CodeIgniter->run()
CRITICAL - 2022-12-14 09:46:49 --> Undefined variable $validation
in APPPATH/Views/login/create_account.php on line 11.
 1 APPPATH/Views/login/create_account.php(11): CodeIgniter\Debug\Exceptions->errorHandler()
 2 SYSTEMPATH/View/View.php(213): include('APPPATH/Views/login/create_account.php')
 3 SYSTEMPATH/View/View.php(216): CodeIgniter\View\View->CodeIgniter\View\{closure}()
 4 SYSTEMPATH/Common.php(1134): CodeIgniter\View\View->render()
 5 APPPATH/Controllers/LoginController.php(31): view()
 6 SYSTEMPATH/CodeIgniter.php(927): App\Controllers\LoginController->createProfile()
 7 SYSTEMPATH/CodeIgniter.php(482): CodeIgniter\CodeIgniter->runController()
 8 SYSTEMPATH/CodeIgniter.php(351): CodeIgniter\CodeIgniter->handleRequest()
 9 FCPATH/index.php(67): CodeIgniter\CodeIgniter->run()
CRITICAL - 2022-12-14 09:46:57 --> Undefined variable $validation
in APPPATH/Views/login/create_account.php on line 11.
 1 APPPATH/Views/login/create_account.php(11): CodeIgniter\Debug\Exceptions->errorHandler()
 2 SYSTEMPATH/View/View.php(213): include('APPPATH/Views/login/create_account.php')
 3 SYSTEMPATH/View/View.php(216): CodeIgniter\View\View->CodeIgniter\View\{closure}()
 4 SYSTEMPATH/Common.php(1134): CodeIgniter\View\View->render()
 5 APPPATH/Controllers/LoginController.php(75): view()
 6 SYSTEMPATH/CodeIgniter.php(927): App\Controllers\LoginController->view()
 7 SYSTEMPATH/CodeIgniter.php(482): CodeIgniter\CodeIgniter->runController()
 8 SYSTEMPATH/CodeIgniter.php(351): CodeIgniter\CodeIgniter->handleRequest()
 9 FCPATH/index.php(67): CodeIgniter\CodeIgniter->run()
CRITICAL - 2022-12-14 09:47:06 --> Undefined variable $validation
in APPPATH/Views/login/create_account.php on line 11.
 1 APPPATH/Views/login/create_account.php(11): CodeIgniter\Debug\Exceptions->errorHandler()
 2 SYSTEMPATH/View/View.php(213): include('APPPATH/Views/login/create_account.php')
 3 SYSTEMPATH/View/View.php(216): CodeIgniter\View\View->CodeIgniter\View\{closure}()
 4 SYSTEMPATH/Common.php(1134): CodeIgniter\View\View->render()
 5 APPPATH/Controllers/LoginController.php(75): view()
 6 SYSTEMPATH/CodeIgniter.php(927): App\Controllers\LoginController->view()
 7 SYSTEMPATH/CodeIgniter.php(482): CodeIgniter\CodeIgniter->runController()
 8 SYSTEMPATH/CodeIgniter.php(351): CodeIgniter\CodeIgniter->handleRequest()
 9 FCPATH/index.php(67): CodeIgniter\CodeIgniter->run()
CRITICAL - 2022-12-14 09:48:05 --> Undefined variable $errors
in APPPATH/Views/login/create_account.php on line 11.
 1 APPPATH/Views/login/create_account.php(11): CodeIgniter\Debug\Exceptions->errorHandler()
 2 SYSTEMPATH/View/View.php(213): include('APPPATH/Views/login/create_account.php')
 3 SYSTEMPATH/View/View.php(216): CodeIgniter\View\View->CodeIgniter\View\{closure}()
 4 SYSTEMPATH/Common.php(1134): CodeIgniter\View\View->render()
 5 APPPATH/Controllers/LoginController.php(75): view()
 6 SYSTEMPATH/CodeIgniter.php(927): App\Controllers\LoginController->view()
 7 SYSTEMPATH/CodeIgniter.php(482): CodeIgniter\CodeIgniter->runController()
 8 SYSTEMPATH/CodeIgniter.php(351): CodeIgniter\CodeIgniter->handleRequest()
 9 FCPATH/index.php(67): CodeIgniter\CodeIgniter->run()
CRITICAL - 2022-12-14 09:48:53 --> Undefined variable $errors
in APPPATH/Views/login/create_account.php on line 11.
 1 APPPATH/Views/login/create_account.php(11): CodeIgniter\Debug\Exceptions->errorHandler()
 2 SYSTEMPATH/View/View.php(213): include('APPPATH/Views/login/create_account.php')
 3 SYSTEMPATH/View/View.php(216): CodeIgniter\View\View->CodeIgniter\View\{closure}()
 4 SYSTEMPATH/Common.php(1134): CodeIgniter\View\View->render()
 5 APPPATH/Controllers/LoginController.php(76): view()
 6 SYSTEMPATH/CodeIgniter.php(927): App\Controllers\LoginController->view()
 7 SYSTEMPATH/CodeIgniter.php(482): CodeIgniter\CodeIgniter->runController()
 8 SYSTEMPATH/CodeIgniter.php(351): CodeIgniter\CodeIgniter->handleRequest()
 9 FCPATH/index.php(67): CodeIgniter\CodeIgniter->run()
CRITICAL - 2022-12-14 09:49:47 --> Undefined variable $errors
in APPPATH/Views/login/create_account.php on line 11.
 1 APPPATH/Views/login/create_account.php(11): CodeIgniter\Debug\Exceptions->errorHandler()
 2 SYSTEMPATH/View/View.php(213): include('APPPATH/Views/login/create_account.php')
 3 SYSTEMPATH/View/View.php(216): CodeIgniter\View\View->CodeIgniter\View\{closure}()
 4 SYSTEMPATH/Common.php(1134): CodeIgniter\View\View->render()
 5 APPPATH/Controllers/LoginController.php(77): view()
 6 SYSTEMPATH/CodeIgniter.php(927): App\Controllers\LoginController->view()
 7 SYSTEMPATH/CodeIgniter.php(482): CodeIgniter\CodeIgniter->runController()
 8 SYSTEMPATH/CodeIgniter.php(351): CodeIgniter\CodeIgniter->handleRequest()
 9 FCPATH/index.php(67): CodeIgniter\CodeIgniter->run()
CRITICAL - 2022-12-14 09:49:54 --> Undefined variable $errors
in APPPATH/Views/login/create_account.php on line 11.
 1 APPPATH/Views/login/create_account.php(11): CodeIgniter\Debug\Exceptions->errorHandler()
 2 SYSTEMPATH/View/View.php(213): include('APPPATH/Views/login/create_account.php')
 3 SYSTEMPATH/View/View.php(216): CodeIgniter\View\View->CodeIgniter\View\{closure}()
 4 SYSTEMPATH/Common.php(1134): CodeIgniter\View\View->render()
 5 APPPATH/Controllers/LoginController.php(77): view()
 6 SYSTEMPATH/CodeIgniter.php(927): App\Controllers\LoginController->view()
 7 SYSTEMPATH/CodeIgniter.php(482): CodeIgniter\CodeIgniter->runController()
 8 SYSTEMPATH/CodeIgniter.php(351): CodeIgniter\CodeIgniter->handleRequest()
 9 FCPATH/index.php(67): CodeIgniter\CodeIgniter->run()
CRITICAL - 2022-12-14 09:53:01 --> syntax error, unexpected token "isset", expecting "("
in APPPATH/Views/login/create_account.php on line 29.
 1 SYSTEMPATH/View/View.php(216): CodeIgniter\View\View->CodeIgniter\View\{closure}()
 2 SYSTEMPATH/Common.php(1134): CodeIgniter\View\View->render()
 3 APPPATH/Controllers/LoginController.php(32): view()
 4 SYSTEMPATH/CodeIgniter.php(927): App\Controllers\LoginController->createProfile()
 5 SYSTEMPATH/CodeIgniter.php(482): CodeIgniter\CodeIgniter->runController()
 6 SYSTEMPATH/CodeIgniter.php(351): CodeIgniter\CodeIgniter->handleRequest()
 7 FCPATH/index.php(67): CodeIgniter\CodeIgniter->run()
CRITICAL - 2022-12-14 13:54:39 --> syntax error, unexpected token "endif", expecting end of file
in APPPATH/Views/login/create_account.php on line 62.
 1 SYSTEMPATH/View/View.php(216): CodeIgniter\View\View->CodeIgniter\View\{closure}()
 2 SYSTEMPATH/Common.php(1134): CodeIgniter\View\View->render()
 3 APPPATH/Controllers/LoginController.php(63): view()
 4 SYSTEMPATH/CodeIgniter.php(927): App\Controllers\LoginController->view()
 5 SYSTEMPATH/CodeIgniter.php(482): CodeIgniter\CodeIgniter->runController()
 6 SYSTEMPATH/CodeIgniter.php(351): CodeIgniter\CodeIgniter->handleRequest()
 7 FCPATH/index.php(67): CodeIgniter\CodeIgniter->run()
CRITICAL - 2022-12-14 14:40:00 --> Undefined property: stdClass::$UserId
in APPPATH/Views/profile/messages.php on line 17.
 1 APPPATH/Views/profile/messages.php(17): CodeIgniter\Debug\Exceptions->errorHandler()
 2 SYSTEMPATH/View/View.php(213): include('APPPATH/Views/profile/messages.php')
 3 SYSTEMPATH/View/View.php(216): CodeIgniter\View\View->CodeIgniter\View\{closure}()
 4 SYSTEMPATH/Common.php(1134): CodeIgniter\View\View->render()
 5 APPPATH/Controllers/MessagesController.php(11): view()
 6 SYSTEMPATH/CodeIgniter.php(927): App\Controllers\MessagesController->viewMessages()
 7 SYSTEMPATH/CodeIgniter.php(482): CodeIgniter\CodeIgniter->runController()
 8 SYSTEMPATH/CodeIgniter.php(351): CodeIgniter\CodeIgniter->handleRequest()
 9 FCPATH/index.php(67): CodeIgniter\CodeIgniter->run()
CRITICAL - 2022-12-14 14:45:09 --> Undefined property: stdClass::$UserId
in APPPATH/Views/profile/messages.php on line 17.
 1 APPPATH/Views/profile/messages.php(17): CodeIgniter\Debug\Exceptions->errorHandler()
 2 SYSTEMPATH/View/View.php(213): include('APPPATH/Views/profile/messages.php')
 3 SYSTEMPATH/View/View.php(216): CodeIgniter\View\View->CodeIgniter\View\{closure}()
 4 SYSTEMPATH/Common.php(1134): CodeIgniter\View\View->render()
 5 APPPATH/Controllers/MessagesController.php(11): view()
 6 SYSTEMPATH/CodeIgniter.php(927): App\Controllers\MessagesController->viewMessages()
 7 SYSTEMPATH/CodeIgniter.php(482): CodeIgniter\CodeIgniter->runController()
 8 SYSTEMPATH/CodeIgniter.php(351): CodeIgniter\CodeIgniter->handleRequest()
 9 FCPATH/index.php(67): CodeIgniter\CodeIgniter->run()
CRITICAL - 2022-12-14 14:51:57 --> Undefined property: mysqli::$Fname
in APPPATH/Views/profile/messages.php on line 16.
 1 APPPATH/Views/profile/messages.php(16): CodeIgniter\Debug\Exceptions->errorHandler()
 2 SYSTEMPATH/View/View.php(213): include('APPPATH/Views/profile/messages.php')
 3 SYSTEMPATH/View/View.php(216): CodeIgniter\View\View->CodeIgniter\View\{closure}()
 4 SYSTEMPATH/Common.php(1134): CodeIgniter\View\View->render()
 5 APPPATH/Controllers/MessagesController.php(11): view()
 6 SYSTEMPATH/CodeIgniter.php(927): App\Controllers\MessagesController->viewMessages()
 7 SYSTEMPATH/CodeIgniter.php(482): CodeIgniter\CodeIgniter->runController()
 8 SYSTEMPATH/CodeIgniter.php(351): CodeIgniter\CodeIgniter->handleRequest()
 9 FCPATH/index.php(67): CodeIgniter\CodeIgniter->run()
