CRITICAL - 2023-01-30 07:55:58 --> Call to a member function select() on null
in APPPATH/Controllers/ShoppingcartController.php on line 66.
 1 SYSTEMPATH/CodeIgniter.php(927): App\Controllers\ShoppingcartController->removeOrder()
 2 SYSTEMPATH/CodeIgniter.php(482): CodeIgniter\CodeIgniter->runController()
 3 SYSTEMPATH/CodeIgniter.php(351): CodeIgniter\CodeIgniter->handleRequest()
 4 FCPATH/index.php(67): CodeIgniter\CodeIgniter->run()
CRITICAL - 2023-01-30 08:08:29 --> Call to a member function select() on null
in APPPATH/Controllers/ShoppingcartController.php on line 66.
 1 SYSTEMPATH/CodeIgniter.php(927): App\Controllers\ShoppingcartController->removeOrder()
 2 SYSTEMPATH/CodeIgniter.php(482): CodeIgniter\CodeIgniter->runController()
 3 SYSTEMPATH/CodeIgniter.php(351): CodeIgniter\CodeIgniter->handleRequest()
 4 FCPATH/index.php(67): CodeIgniter\CodeIgniter->run()
CRITICAL - 2023-01-30 08:09:10 --> Call to a member function select() on null
in APPPATH/Controllers/ShoppingcartController.php on line 66.
 1 SYSTEMPATH/CodeIgniter.php(927): App\Controllers\ShoppingcartController->removeOrder()
 2 SYSTEMPATH/CodeIgniter.php(482): CodeIgniter\CodeIgniter->runController()
 3 SYSTEMPATH/CodeIgniter.php(351): CodeIgniter\CodeIgniter->handleRequest()
 4 FCPATH/index.php(67): CodeIgniter\CodeIgniter->run()
CRITICAL - 2023-01-30 08:09:35 --> Call to a member function select() on null
in APPPATH/Controllers/ShoppingcartController.php on line 66.
 1 SYSTEMPATH/CodeIgniter.php(927): App\Controllers\ShoppingcartController->removeOrder()
 2 SYSTEMPATH/CodeIgniter.php(482): CodeIgniter\CodeIgniter->runController()
 3 SYSTEMPATH/CodeIgniter.php(351): CodeIgniter\CodeIgniter->handleRequest()
 4 FCPATH/index.php(67): CodeIgniter\CodeIgniter->run()
